<?xml version="1.0" encoding="UTF-8"?>
<robot generator="Robot 7.1 (Python 3.12.6 on win32)" generated="2025-01-28T18:09:21.460296" rpa="false" schemaversion="5">
<suite id="s1" name="Home PO Test" source="c:\Users\Sistemas\.vscode\Desafio_Robot_Susana_Bergamo\testes\Home_PO_Test.robot">
<test id="s1-t1" name="CT001 — Criar uma nova Conta com sucesso" line="6">
<kw name="Dado que esteja na home page" owner="homePage">
<kw name="Open App" owner="openBrowser">
<kw name="Open Browser" owner="SeleniumLibrary">
<msg time="2025-01-28T18:09:22.015498" level="INFO">Opening browser 'Chrome' to base url 'https://challenge.primecontrol.com.br/'.</msg>
<arg>${URL}</arg>
<arg>${BROWSER}</arg>
<doc>Opens a new browser instance to the optional ``url``.</doc>
<status status="PASS" start="2025-01-28T18:09:22.015498" elapsed="5.492707"/>
</kw>
<kw name="Maximize Browser Window" owner="SeleniumLibrary">
<doc>Maximizes current browser window.</doc>
<status status="PASS" start="2025-01-28T18:09:27.508205" elapsed="0.047871"/>
</kw>
<kw name="Wait Until Element Is Visible" owner="SeleniumLibrary">
<arg>${HOME}</arg>
<doc>Waits until the element ``locator`` is visible.</doc>
<status status="PASS" start="2025-01-28T18:09:27.557083" elapsed="0.045876"/>
</kw>
<status status="PASS" start="2025-01-28T18:09:22.014502" elapsed="5.589477"/>
</kw>
<status status="PASS" start="2025-01-28T18:09:22.013501" elapsed="5.591465"/>
</kw>
<kw name="E clico no botao criar conta" owner="homePage">
<kw name="Wait Until Element Is Visible" owner="SeleniumLibrary">
<arg>${HOME_BTN_CONTA}</arg>
<doc>Waits until the element ``locator`` is visible.</doc>
<status status="PASS" start="2025-01-28T18:09:27.608927" elapsed="0.038455"/>
</kw>
<kw name="Click Element" owner="SeleniumLibrary">
<msg time="2025-01-28T18:09:27.649379" level="INFO">Clicking element 'xpath=//a[contains(@class,'btn btn-dark btn-lg btn-banner')]'.</msg>
<arg>${HOME_BTN_CONTA}</arg>
<doc>Click the element identified by ``locator``.</doc>
<status status="PASS" start="2025-01-28T18:09:27.648382" elapsed="0.834034"/>
</kw>
<status status="PASS" start="2025-01-28T18:09:27.607942" elapsed="0.874474"/>
</kw>
<kw name="Quando efetuo cadastro dados válidos" owner="homePage">
<kw name="Wait Until Page Contains" owner="SeleniumLibrary">
<arg>Criar Conta</arg>
<doc>Waits until ``text`` appears on the current page.</doc>
<status status="PASS" start="2025-01-28T18:09:28.486407" elapsed="0.059835"/>
</kw>
<kw name="Input Text" owner="SeleniumLibrary">
<msg time="2025-01-28T18:09:28.548726" level="INFO">Typing text 'lkramer@outlook.com' into text field 'id=floatingInput'.</msg>
<arg>${HOME_INPUT_EMAIL}</arg>
<arg>${HOME_EMAIL_CADASTRAR}</arg>
<doc>Types the given ``text`` into the text field identified by ``locator``.</doc>
<status status="PASS" start="2025-01-28T18:09:28.547875" elapsed="0.124143"/>
</kw>
<kw name="Input Text" owner="SeleniumLibrary">
<msg time="2025-01-28T18:09:28.672977" level="INFO">Typing text '123456' into text field 'id=floatingPassword'.</msg>
<arg>${HOME_INPUT_PASSWORD}</arg>
<arg>${HOME_SENHA_CADASTRO}</arg>
<doc>Types the given ``text`` into the text field identified by ``locator``.</doc>
<status status="PASS" start="2025-01-28T18:09:28.672977" elapsed="0.089279"/>
</kw>
<kw name="Click Button" owner="SeleniumLibrary">
<msg time="2025-01-28T18:09:28.763253" level="INFO">Clicking button 'xpath=//button[@type='button']'.</msg>
<arg>${HOME_BTN_CRIARCONTA}</arg>
<doc>Clicks the button identified by ``locator``.</doc>
<status status="PASS" start="2025-01-28T18:09:28.762256" elapsed="0.091756"/>
</kw>
<status status="PASS" start="2025-01-28T18:09:28.485539" elapsed="0.368473"/>
</kw>
<kw name="Então sou redirecionado para efetuar login" owner="homePage">
<kw name="Wait Until Element Is Visible" owner="SeleniumLibrary">
<arg>${HOME_LOGIN}</arg>
<arg>timeout=10s</arg>
<doc>Waits until the element ``locator`` is visible.</doc>
<status status="PASS" start="2025-01-28T18:09:28.855043" elapsed="1.767065"/>
</kw>
<kw name="Take Screenshot" owner="utils">
<kw name="Capture Page Screenshot" owner="SeleniumLibrary">
<msg time="2025-01-28T18:09:30.772834" level="INFO" html="true">&lt;/td&gt;&lt;/tr&gt;&lt;tr&gt;&lt;td colspan="3"&gt;&lt;a href="screenshots/evidenciaCT001.png"&gt;&lt;img src="screenshots/evidenciaCT001.png" width="800px"&gt;&lt;/a&gt;</msg>
<arg>${file_name}</arg>
<doc>Takes a screenshot of the current page and embeds it into a log file.</doc>
<status status="PASS" start="2025-01-28T18:09:30.623129" elapsed="0.150693"/>
</kw>
<arg>${file_path}evidenciaCT001.png</arg>
<status status="PASS" start="2025-01-28T18:09:30.623129" elapsed="0.150693"/>
</kw>
<status status="PASS" start="2025-01-28T18:09:28.855043" elapsed="1.919804"/>
</kw>
<status status="PASS" start="2025-01-28T18:09:22.012155" elapsed="8.762692"/>
</test>
<status status="PASS" start="2025-01-28T18:09:21.465223" elapsed="9.311592"/>
</suite>
<statistics>
<total>
<stat pass="1" fail="0" skip="0">All Tests</stat>
</total>
<tag>
</tag>
<suite>
<stat pass="1" fail="0" skip="0" id="s1" name="Home PO Test">Home PO Test</stat>
</suite>
</statistics>
<errors>
</errors>
</robot>
