<?xml version="1.0" encoding="UTF-8"?>
<robot generator="Robot 7.2 (Python 3.12.6 on win32)" generated="2025-01-22T16:31:17.804344" rpa="false" schemaversion="5">
<suite id="s1" name="Testes" source="C:\Users\Sistemas\.vscode\Desafio_Robot_Susana_Bergamo\testes">
<suite id="s1-s1" name="Finalizar PO Test" source="C:\Users\Sistemas\.vscode\Desafio_Robot_Susana_Bergamo\testes\Finalizar_PO_Test.robot">
<test id="s1-s1-t1" name="CT010 — Realizar Logout com sucesso ao clicar em “Finalizar”" line="19">
<kw name="Dado que esteja logada" owner="Finalizar">
<kw name="que esteja na home page" owner="Base">
<kw name="Open Browser" owner="SeleniumLibrary">
<msg time="2025-01-22T16:31:18.182139" level="INFO">Opening browser 'Chrome' to base url 'https://challenge.primecontrol.com.br/'.</msg>
<arg>${URL}</arg>
<arg>${BROWSER}</arg>
<doc>Opens a new browser instance to the optional ``url``.</doc>
<status status="PASS" start="2025-01-22T16:31:18.182139" elapsed="3.396805"/>
</kw>
<kw name="Maximize Browser Window" owner="SeleniumLibrary">
<doc>Maximizes current browser window.</doc>
<status status="PASS" start="2025-01-22T16:31:21.578944" elapsed="0.036006"/>
</kw>
<kw name="Wait Until Element Is Visible" owner="SeleniumLibrary">
<arg>${HOME}</arg>
<doc>Waits until the element ``locator`` is visible.</doc>
<status status="PASS" start="2025-01-22T16:31:21.614950" elapsed="0.212953"/>
</kw>
<status status="PASS" start="2025-01-22T16:31:18.181143" elapsed="3.646760"/>
</kw>
<kw name="clico no botão fazer login" owner="Login">
<kw name="Wait Until Element Is Visible" owner="SeleniumLibrary">
<arg>${HOME_BTN_LOGIN}</arg>
<arg>timeout=5s</arg>
<doc>Waits until the element ``locator`` is visible.</doc>
<status status="PASS" start="2025-01-22T16:31:21.828931" elapsed="0.023929"/>
</kw>
<kw name="Click Element" owner="SeleniumLibrary">
<msg time="2025-01-22T16:31:21.852860" level="INFO">Clicking element 'xpath=//a[contains(.,'Fazer Login')]'.</msg>
<arg>${HOME_BTN_LOGIN}</arg>
<doc>Click the element identified by ``locator``.</doc>
<status status="PASS" start="2025-01-22T16:31:21.852860" elapsed="0.335758"/>
</kw>
<status status="PASS" start="2025-01-22T16:31:21.828931" elapsed="0.359687"/>
</kw>
<kw name="insiro dados já cadastrado" owner="Login">
<kw name="Input Text" owner="SeleniumLibrary">
<msg time="2025-01-22T16:31:22.188618" level="INFO">Typing text 'ana1a.bsi@outlook.com' into text field 'id=floatingInput'.</msg>
<arg>${HOME_INPUT_EMAIL}</arg>
<arg>${HOME_EMAIL_CADASTRADO}</arg>
<doc>Types the given ``text`` into the text field identified by ``locator``.</doc>
<status status="PASS" start="2025-01-22T16:31:22.188618" elapsed="0.161752"/>
</kw>
<kw name="Input Text" owner="SeleniumLibrary">
<msg time="2025-01-22T16:31:22.351368" level="INFO">Typing text '123456' into text field 'id=floatingPassword'.</msg>
<arg>${HOME_INPUT_PASSWORD}</arg>
<arg>${HOME_SENHA_CADASTRO}</arg>
<doc>Types the given ``text`` into the text field identified by ``locator``.</doc>
<status status="PASS" start="2025-01-22T16:31:22.351368" elapsed="0.069920"/>
</kw>
<kw name="Click Button" owner="SeleniumLibrary">
<msg time="2025-01-22T16:31:22.421288" level="INFO">Clicking button 'xpath=//button[@type='button']'.</msg>
<arg>${LOGIN_BTN_ACESSAR}</arg>
<doc>Clicks the button identified by ``locator``.</doc>
<status status="PASS" start="2025-01-22T16:31:22.421288" elapsed="0.080998"/>
</kw>
<status status="PASS" start="2025-01-22T16:31:22.188618" elapsed="0.314699"/>
</kw>
<kw name="sou direcionado para Gestão de Clientes" owner="Login">
<kw name="Wait Until Element Is Visible" owner="SeleniumLibrary">
<arg>${PAGE_GCLIENTE}</arg>
<arg>timeout=5s</arg>
<doc>Waits until the element ``locator`` is visible.</doc>
<status status="PASS" start="2025-01-22T16:31:22.503317" elapsed="1.350377"/>
</kw>
<kw name="Take Screenshot" owner="Base">
<kw name="Capture Page Screenshot" owner="SeleniumLibrary">
<msg time="2025-01-22T16:31:24.007873" level="INFO" html="true">&lt;/td&gt;&lt;/tr&gt;&lt;tr&gt;&lt;td colspan="3"&gt;&lt;a href="screenshots/evidenciaCT003.png"&gt;&lt;img src="screenshots/evidenciaCT003.png" width="800px"&gt;&lt;/a&gt;</msg>
<arg>${file_name}</arg>
<doc>Takes a screenshot of the current page and embeds it into a log file.</doc>
<status status="PASS" start="2025-01-22T16:31:23.854692" elapsed="0.154181"/>
</kw>
<arg>${file_path}evidenciaCT003.png</arg>
<status status="PASS" start="2025-01-22T16:31:23.853694" elapsed="0.155179"/>
</kw>
<status status="PASS" start="2025-01-22T16:31:22.503317" elapsed="1.505556"/>
</kw>
<status status="PASS" start="2025-01-22T16:31:18.176155" elapsed="5.832718"/>
</kw>
<kw name="E clico na opção Finalizar" owner="Finalizar">
<kw name="Wait Until Element Is Visible" owner="SeleniumLibrary">
<arg>${FINALIZAR_BTN}</arg>
<arg>timeout=5s</arg>
<doc>Waits until the element ``locator`` is visible.</doc>
<status status="PASS" start="2025-01-22T16:31:24.009861" elapsed="0.018949"/>
</kw>
<kw name="Click Element" owner="SeleniumLibrary">
<msg time="2025-01-22T16:31:24.029782" level="INFO">Clicking element 'xpath=(//a[@href='/app/home'])[1]'.</msg>
<arg>${FINALIZAR_BTN}</arg>
<doc>Click the element identified by ``locator``.</doc>
<status status="PASS" start="2025-01-22T16:31:24.029782" elapsed="0.105250"/>
</kw>
<status status="PASS" start="2025-01-22T16:31:24.008873" elapsed="0.126159"/>
</kw>
<kw name="Quando modal for exibido com mensagem “Para submeter os dados do projeto, clique em 'Enviar'. Se desejar sair, clique em 'Logout'.”" owner="Finalizar">
<kw name="Get Text" owner="SeleniumLibrary">
<msg time="2025-01-22T16:31:24.166083" level="INFO">${texto_modal} = Para submeter os dados do projeto, clique em 'Enviar'. Se desejar sair, clique em 'Logout'.
Logout
Enviar</msg>
<var>${texto_modal}</var>
<arg>${MODAL_MSG}</arg>
<doc>Returns the text value of the element identified by ``locator``.</doc>
<status status="PASS" start="2025-01-22T16:31:24.136029" elapsed="0.030054"/>
</kw>
<kw name="Should Contain" owner="BuiltIn">
<arg>${texto_modal}</arg>
<arg>submeter</arg>
<arg>case_insensitive=True</arg>
<doc>Fails if ``container`` does not contain ``item`` one or more times.</doc>
<status status="PASS" start="2025-01-22T16:31:24.166083" elapsed="0.000993"/>
</kw>
<kw name="Take Screenshot" owner="Base">
<kw name="Capture Page Screenshot" owner="SeleniumLibrary">
<msg time="2025-01-22T16:31:24.358887" level="INFO" html="true">&lt;/td&gt;&lt;/tr&gt;&lt;tr&gt;&lt;td colspan="3"&gt;&lt;a href="screenshots/evidenciaCT010.png"&gt;&lt;img src="screenshots/evidenciaCT010.png" width="800px"&gt;&lt;/a&gt;</msg>
<arg>${file_name}</arg>
<doc>Takes a screenshot of the current page and embeds it into a log file.</doc>
<status status="PASS" start="2025-01-22T16:31:24.168106" elapsed="0.190781"/>
</kw>
<arg>${file_path}evidenciaCT010.png</arg>
<status status="PASS" start="2025-01-22T16:31:24.167476" elapsed="0.191411"/>
</kw>
<status status="PASS" start="2025-01-22T16:31:24.136029" elapsed="0.222858"/>
</kw>
<kw name="E clico na opção 'Logout'" owner="Finalizar">
<kw name="Click Element" owner="SeleniumLibrary">
<msg time="2025-01-22T16:31:24.359892" level="INFO">Clicking element 'xpath=//button[contains(.,'Logout')]'.</msg>
<arg>${BTN_LOGOUT}</arg>
<doc>Click the element identified by ``locator``.</doc>
<status status="PASS" start="2025-01-22T16:31:24.358887" elapsed="0.071948"/>
</kw>
<status status="PASS" start="2025-01-22T16:31:24.358887" elapsed="0.071948"/>
</kw>
<kw name="Então sou redirecionado para página de login" owner="Finalizar">
<kw name="Wait Until Element Is Visible" owner="SeleniumLibrary">
<arg>${LOGIN_PAGE}</arg>
<arg>timeout=5s</arg>
<doc>Waits until the element ``locator`` is visible.</doc>
<status status="PASS" start="2025-01-22T16:31:24.433232" elapsed="0.018547"/>
</kw>
<status status="PASS" start="2025-01-22T16:31:24.431841" elapsed="0.020936"/>
</kw>
<status status="PASS" start="2025-01-22T16:31:18.175173" elapsed="6.277604"/>
</test>
<test id="s1-s1-t2" name="CT012 — Validar preenchimento “Informações do Candidato” ao clicar em “Finalizar e Enviar”" line="26">
<kw name="Dado que esteja em Gestão de Clientes" owner="GerenciarCliente">
<kw name="que esteja na home page" owner="Base">
<kw name="Open Browser" owner="SeleniumLibrary">
<msg time="2025-01-22T16:31:24.455785" level="INFO">Opening browser 'Chrome' to base url 'https://challenge.primecontrol.com.br/'.</msg>
<arg>${URL}</arg>
<arg>${BROWSER}</arg>
<doc>Opens a new browser instance to the optional ``url``.</doc>
<status status="PASS" start="2025-01-22T16:31:24.454771" elapsed="2.511720"/>
</kw>
<kw name="Maximize Browser Window" owner="SeleniumLibrary">
<doc>Maximizes current browser window.</doc>
<status status="PASS" start="2025-01-22T16:31:26.966491" elapsed="0.039952"/>
</kw>
<kw name="Wait Until Element Is Visible" owner="SeleniumLibrary">
<arg>${HOME}</arg>
<doc>Waits until the element ``locator`` is visible.</doc>
<status status="PASS" start="2025-01-22T16:31:27.008380" elapsed="0.087872"/>
</kw>
<status status="PASS" start="2025-01-22T16:31:24.454771" elapsed="2.642478"/>
</kw>
<kw name="clico no botão fazer login" owner="Login">
<kw name="Wait Until Element Is Visible" owner="SeleniumLibrary">
<arg>${HOME_BTN_LOGIN}</arg>
<arg>timeout=5s</arg>
<doc>Waits until the element ``locator`` is visible.</doc>
<status status="PASS" start="2025-01-22T16:31:27.097249" elapsed="0.028374"/>
</kw>
<kw name="Click Element" owner="SeleniumLibrary">
<msg time="2025-01-22T16:31:27.126653" level="INFO">Clicking element 'xpath=//a[contains(.,'Fazer Login')]'.</msg>
<arg>${HOME_BTN_LOGIN}</arg>
<doc>Click the element identified by ``locator``.</doc>
<status status="PASS" start="2025-01-22T16:31:27.126653" elapsed="0.430576"/>
</kw>
<status status="PASS" start="2025-01-22T16:31:27.097249" elapsed="0.459980"/>
</kw>
<kw name="insiro dados já cadastrado" owner="Login">
<kw name="Input Text" owner="SeleniumLibrary">
<msg time="2025-01-22T16:31:27.558226" level="INFO">Typing text 'ana1a.bsi@outlook.com' into text field 'id=floatingInput'.</msg>
<arg>${HOME_INPUT_EMAIL}</arg>
<arg>${HOME_EMAIL_CADASTRADO}</arg>
<doc>Types the given ``text`` into the text field identified by ``locator``.</doc>
<status status="PASS" start="2025-01-22T16:31:27.557229" elapsed="0.143619"/>
</kw>
<kw name="Input Text" owner="SeleniumLibrary">
<msg time="2025-01-22T16:31:27.700848" level="INFO">Typing text '123456' into text field 'id=floatingPassword'.</msg>
<arg>${HOME_INPUT_PASSWORD}</arg>
<arg>${HOME_SENHA_CADASTRO}</arg>
<doc>Types the given ``text`` into the text field identified by ``locator``.</doc>
<status status="PASS" start="2025-01-22T16:31:27.700848" elapsed="0.075316"/>
</kw>
<kw name="Click Button" owner="SeleniumLibrary">
<msg time="2025-01-22T16:31:27.776164" level="INFO">Clicking button 'xpath=//button[@type='button']'.</msg>
<arg>${LOGIN_BTN_ACESSAR}</arg>
<doc>Clicks the button identified by ``locator``.</doc>
<status status="PASS" start="2025-01-22T16:31:27.776164" elapsed="0.091173"/>
</kw>
<status status="PASS" start="2025-01-22T16:31:27.557229" elapsed="0.311109"/>
</kw>
<kw name="sou direcionado para Gestão de Clientes" owner="Login">
<kw name="Wait Until Element Is Visible" owner="SeleniumLibrary">
<arg>${PAGE_GCLIENTE}</arg>
<arg>timeout=5s</arg>
<doc>Waits until the element ``locator`` is visible.</doc>
<status status="PASS" start="2025-01-22T16:31:27.868338" elapsed="1.127248"/>
</kw>
<kw name="Take Screenshot" owner="Base">
<kw name="Capture Page Screenshot" owner="SeleniumLibrary">
<msg time="2025-01-22T16:31:29.162648" level="INFO" html="true">&lt;/td&gt;&lt;/tr&gt;&lt;tr&gt;&lt;td colspan="3"&gt;&lt;a href="screenshots/evidenciaCT003.png"&gt;&lt;img src="screenshots/evidenciaCT003.png" width="800px"&gt;&lt;/a&gt;</msg>
<arg>${file_name}</arg>
<doc>Takes a screenshot of the current page and embeds it into a log file.</doc>
<status status="PASS" start="2025-01-22T16:31:28.995654" elapsed="0.166994"/>
</kw>
<arg>${file_path}evidenciaCT003.png</arg>
<status status="PASS" start="2025-01-22T16:31:28.995654" elapsed="0.166994"/>
</kw>
<status status="PASS" start="2025-01-22T16:31:27.868338" elapsed="1.294310"/>
</kw>
<status status="PASS" start="2025-01-22T16:31:24.454771" elapsed="4.707877"/>
</kw>
<kw name="E clico na opção Finalizar" owner="Finalizar">
<kw name="Wait Until Element Is Visible" owner="SeleniumLibrary">
<arg>${FINALIZAR_BTN}</arg>
<arg>timeout=5s</arg>
<doc>Waits until the element ``locator`` is visible.</doc>
<status status="PASS" start="2025-01-22T16:31:29.164633" elapsed="0.017986"/>
</kw>
<kw name="Click Element" owner="SeleniumLibrary">
<msg time="2025-01-22T16:31:29.183616" level="INFO">Clicking element 'xpath=(//a[@href='/app/home'])[1]'.</msg>
<arg>${FINALIZAR_BTN}</arg>
<doc>Click the element identified by ``locator``.</doc>
<status status="PASS" start="2025-01-22T16:31:29.183616" elapsed="0.070187"/>
</kw>
<status status="PASS" start="2025-01-22T16:31:29.163575" elapsed="0.090228"/>
</kw>
<kw name="Quando modal for exibido com mensagem “Para submeter os dados do projeto, clique em 'Enviar'. Se desejar sair, clique em 'Logout'.”" owner="Finalizar">
<kw name="Get Text" owner="SeleniumLibrary">
<msg time="2025-01-22T16:31:29.286712" level="INFO">${texto_modal} = Para submeter os dados do projeto, clique em 'Enviar'. Se desejar sair, clique em 'Logout'.
Logout
Enviar</msg>
<var>${texto_modal}</var>
<arg>${MODAL_MSG}</arg>
<doc>Returns the text value of the element identified by ``locator``.</doc>
<status status="PASS" start="2025-01-22T16:31:29.255172" elapsed="0.032538"/>
</kw>
<kw name="Should Contain" owner="BuiltIn">
<arg>${texto_modal}</arg>
<arg>submeter</arg>
<arg>case_insensitive=True</arg>
<doc>Fails if ``container`` does not contain ``item`` one or more times.</doc>
<status status="PASS" start="2025-01-22T16:31:29.287710" elapsed="0.000000"/>
</kw>
<kw name="Take Screenshot" owner="Base">
<kw name="Capture Page Screenshot" owner="SeleniumLibrary">
<msg time="2025-01-22T16:31:29.473191" level="INFO" html="true">&lt;/td&gt;&lt;/tr&gt;&lt;tr&gt;&lt;td colspan="3"&gt;&lt;a href="screenshots/evidenciaCT010.png"&gt;&lt;img src="screenshots/evidenciaCT010.png" width="800px"&gt;&lt;/a&gt;</msg>
<arg>${file_name}</arg>
<doc>Takes a screenshot of the current page and embeds it into a log file.</doc>
<status status="PASS" start="2025-01-22T16:31:29.287710" elapsed="0.185481"/>
</kw>
<arg>${file_path}evidenciaCT010.png</arg>
<status status="PASS" start="2025-01-22T16:31:29.287710" elapsed="0.185481"/>
</kw>
<status status="PASS" start="2025-01-22T16:31:29.255172" elapsed="0.218019"/>
</kw>
<kw name="E clico na opção Enviar" owner="Finalizar">
<kw name="Click Element" owner="SeleniumLibrary">
<msg time="2025-01-22T16:31:29.473951" level="INFO">Clicking element 'xpath=//button[contains(.,'Enviar')]'.</msg>
<arg>${BTN_ENVIAR}</arg>
<doc>Click the element identified by ``locator``.</doc>
<status status="PASS" start="2025-01-22T16:31:29.473951" elapsed="0.062356"/>
</kw>
<status status="PASS" start="2025-01-22T16:31:29.473951" elapsed="0.062356"/>
</kw>
<kw name="E modal Informações do Candidato é exibido" owner="Finalizar">
<kw name="Wait Until Element Is Visible" owner="SeleniumLibrary">
<arg>${GC_ABA_CADASTRARCLIENTE}</arg>
<doc>Waits until the element ``locator`` is visible.</doc>
<status status="PASS" start="2025-01-22T16:31:29.537305" elapsed="0.022939"/>
</kw>
<status status="PASS" start="2025-01-22T16:31:29.536307" elapsed="0.023937"/>
</kw>
<kw name="E preencho informações" owner="Finalizar">
<kw name="Input Text" owner="SeleniumLibrary">
<msg time="2025-01-22T16:31:29.561242" level="INFO">Typing text 'Susana' into text field 'xpath=//input[@id='nome']'.</msg>
<arg>${BTN_NOME}</arg>
<arg>${NOME_CANDIDATO}</arg>
<doc>Types the given ``text`` into the text field identified by ``locator``.</doc>
<status status="PASS" start="2025-01-22T16:31:29.561242" elapsed="0.087829"/>
</kw>
<kw name="Input Text" owner="SeleniumLibrary">
<msg time="2025-01-22T16:31:29.650021" level="INFO">Typing text '1198533-8770' into text field 'xpath=//input[contains(@id,'telefone')]'.</msg>
<arg>${BTN_TELEFO}</arg>
<arg>${TELEFONE_CANDIDATO}</arg>
<doc>Types the given ``text`` into the text field identified by ``locator``.</doc>
<status status="PASS" start="2025-01-22T16:31:29.650021" elapsed="0.077255"/>
</kw>
<kw name="Input Text" owner="SeleniumLibrary">
<msg time="2025-01-22T16:31:29.727276" level="INFO">Typing text 'https://github.com/Susana-Berga' into text field 'xpath=//input[contains(@id,'githubLink')]'.</msg>
<arg>${BTN_LINK}</arg>
<arg>${LINK}</arg>
<doc>Types the given ``text`` into the text field identified by ``locator``.</doc>
<status status="PASS" start="2025-01-22T16:31:29.727276" elapsed="0.099474"/>
</kw>
<kw name="Input Text" owner="SeleniumLibrary">
<msg time="2025-01-22T16:31:29.826750" level="INFO">Typing text 'Kelly' into text field 'xpath=//input[contains(@id,'nomeRecrutador')]'.</msg>
<arg>${BTN_RECRITE}</arg>
<arg>${NOME_RECRUITE}</arg>
<doc>Types the given ``text`` into the text field identified by ``locator``.</doc>
<status status="PASS" start="2025-01-22T16:31:29.826750" elapsed="0.062143"/>
</kw>
<kw name="Take Screenshot" owner="Base">
<kw name="Capture Page Screenshot" owner="SeleniumLibrary">
<msg time="2025-01-22T16:31:30.046145" level="INFO" html="true">&lt;/td&gt;&lt;/tr&gt;&lt;tr&gt;&lt;td colspan="3"&gt;&lt;a href="screenshots/evidenciaCT012.png"&gt;&lt;img src="screenshots/evidenciaCT012.png" width="800px"&gt;&lt;/a&gt;</msg>
<arg>${file_name}</arg>
<doc>Takes a screenshot of the current page and embeds it into a log file.</doc>
<status status="PASS" start="2025-01-22T16:31:29.888893" elapsed="0.158250"/>
</kw>
<arg>${file_path}evidenciaCT012.png</arg>
<status status="PASS" start="2025-01-22T16:31:29.888893" elapsed="0.158250"/>
</kw>
<status status="PASS" start="2025-01-22T16:31:29.561242" elapsed="0.485901"/>
</kw>
<kw name="E salvo informações" owner="Finalizar">
<kw name="Click Element" owner="SeleniumLibrary">
<msg time="2025-01-22T16:31:30.048172" level="INFO">Clicking element 'xpath=//div[@class='modal-buttons']'.</msg>
<arg>${BTN_SALVAR_CANDIDATO}</arg>
<doc>Click the element identified by ``locator``.</doc>
<status status="PASS" start="2025-01-22T16:31:30.047143" elapsed="0.058236"/>
</kw>
<status status="PASS" start="2025-01-22T16:31:30.047143" elapsed="0.059233"/>
</kw>
<kw name="Então sistema retorna para Gestão de Clientes" owner="Finalizar">
<kw name="Wait Until Element Is Visible" owner="SeleniumLibrary">
<arg>${CG_VALIDAR}</arg>
<doc>Waits until the element ``locator`` is visible.</doc>
<status status="PASS" start="2025-01-22T16:31:30.106376" elapsed="0.015959"/>
</kw>
<status status="PASS" start="2025-01-22T16:31:30.106376" elapsed="0.016953"/>
</kw>
<status status="PASS" start="2025-01-22T16:31:24.453774" elapsed="5.669555"/>
</test>
<status status="PASS" start="2025-01-22T16:31:17.839656" elapsed="12.284673"/>
</suite>
<suite id="s1-s2" name="GerenciarCliente PO Test" source="C:\Users\Sistemas\.vscode\Desafio_Robot_Susana_Bergamo\testes\GerenciarCliente_PO_Test.robot">
<test id="s1-s2-t1" name="CT005 — Realizar Cadastro de Clientes com sucesso na aba Perfil" line="17">
<kw name="Dado que esteja em Gestão de Clientes" owner="GerenciarCliente">
<kw name="que esteja na home page" owner="Base">
<kw name="Open Browser" owner="SeleniumLibrary">
<msg time="2025-01-22T16:31:30.143276" level="INFO">Opening browser 'Chrome' to base url 'https://challenge.primecontrol.com.br/'.</msg>
<arg>${URL}</arg>
<arg>${BROWSER}</arg>
<doc>Opens a new browser instance to the optional ``url``.</doc>
<status status="PASS" start="2025-01-22T16:31:30.143276" elapsed="2.303463"/>
</kw>
<kw name="Maximize Browser Window" owner="SeleniumLibrary">
<doc>Maximizes current browser window.</doc>
<status status="PASS" start="2025-01-22T16:31:32.446739" elapsed="0.062832"/>
</kw>
<kw name="Wait Until Element Is Visible" owner="SeleniumLibrary">
<arg>${HOME}</arg>
<doc>Waits until the element ``locator`` is visible.</doc>
<status status="PASS" start="2025-01-22T16:31:32.510575" elapsed="0.111363"/>
</kw>
<status status="PASS" start="2025-01-22T16:31:30.142280" elapsed="2.479658"/>
</kw>
<kw name="clico no botão fazer login" owner="Login">
<kw name="Wait Until Element Is Visible" owner="SeleniumLibrary">
<arg>${HOME_BTN_LOGIN}</arg>
<arg>timeout=5s</arg>
<doc>Waits until the element ``locator`` is visible.</doc>
<status status="PASS" start="2025-01-22T16:31:32.622935" elapsed="0.029920"/>
</kw>
<kw name="Click Element" owner="SeleniumLibrary">
<msg time="2025-01-22T16:31:32.653852" level="INFO">Clicking element 'xpath=//a[contains(.,'Fazer Login')]'.</msg>
<arg>${HOME_BTN_LOGIN}</arg>
<doc>Click the element identified by ``locator``.</doc>
<status status="PASS" start="2025-01-22T16:31:32.652855" elapsed="0.367928"/>
</kw>
<status status="PASS" start="2025-01-22T16:31:32.622935" elapsed="0.398845"/>
</kw>
<kw name="insiro dados já cadastrado" owner="Login">
<kw name="Input Text" owner="SeleniumLibrary">
<msg time="2025-01-22T16:31:33.022777" level="INFO">Typing text 'ana1a.bsi@outlook.com' into text field 'id=floatingInput'.</msg>
<arg>${HOME_INPUT_EMAIL}</arg>
<arg>${HOME_EMAIL_CADASTRADO}</arg>
<doc>Types the given ``text`` into the text field identified by ``locator``.</doc>
<status status="PASS" start="2025-01-22T16:31:33.021780" elapsed="0.172537"/>
</kw>
<kw name="Input Text" owner="SeleniumLibrary">
<msg time="2025-01-22T16:31:33.194317" level="INFO">Typing text '123456' into text field 'id=floatingPassword'.</msg>
<arg>${HOME_INPUT_PASSWORD}</arg>
<arg>${HOME_SENHA_CADASTRO}</arg>
<doc>Types the given ``text`` into the text field identified by ``locator``.</doc>
<status status="PASS" start="2025-01-22T16:31:33.194317" elapsed="0.106717"/>
</kw>
<kw name="Click Button" owner="SeleniumLibrary">
<msg time="2025-01-22T16:31:33.301034" level="INFO">Clicking button 'xpath=//button[@type='button']'.</msg>
<arg>${LOGIN_BTN_ACESSAR}</arg>
<doc>Clicks the button identified by ``locator``.</doc>
<status status="PASS" start="2025-01-22T16:31:33.301034" elapsed="0.084461"/>
</kw>
<status status="PASS" start="2025-01-22T16:31:33.021780" elapsed="0.363715"/>
</kw>
<kw name="sou direcionado para Gestão de Clientes" owner="Login">
<kw name="Wait Until Element Is Visible" owner="SeleniumLibrary">
<arg>${PAGE_GCLIENTE}</arg>
<arg>timeout=5s</arg>
<doc>Waits until the element ``locator`` is visible.</doc>
<status status="PASS" start="2025-01-22T16:31:33.385495" elapsed="1.124620"/>
</kw>
<kw name="Take Screenshot" owner="Base">
<kw name="Capture Page Screenshot" owner="SeleniumLibrary">
<msg time="2025-01-22T16:31:34.674026" level="INFO" html="true">&lt;/td&gt;&lt;/tr&gt;&lt;tr&gt;&lt;td colspan="3"&gt;&lt;a href="screenshots/evidenciaCT003.png"&gt;&lt;img src="screenshots/evidenciaCT003.png" width="800px"&gt;&lt;/a&gt;</msg>
<arg>${file_name}</arg>
<doc>Takes a screenshot of the current page and embeds it into a log file.</doc>
<status status="PASS" start="2025-01-22T16:31:34.510115" elapsed="0.163911"/>
</kw>
<arg>${file_path}evidenciaCT003.png</arg>
<status status="PASS" start="2025-01-22T16:31:34.510115" elapsed="0.163911"/>
</kw>
<status status="PASS" start="2025-01-22T16:31:33.385495" elapsed="1.288531"/>
</kw>
<status status="PASS" start="2025-01-22T16:31:30.142280" elapsed="4.531746"/>
</kw>
<kw name="E clico na aba Cadastrar Cliente" owner="GerenciarCliente">
<kw name="Wait Until Element Is Visible" owner="SeleniumLibrary">
<arg>${GC_ABA_CADASTRARCLIENTE}</arg>
<arg>timeout=5s</arg>
<doc>Waits until the element ``locator`` is visible.</doc>
<status status="PASS" start="2025-01-22T16:31:34.675053" elapsed="0.017925"/>
</kw>
<kw name="Click Element" owner="SeleniumLibrary">
<msg time="2025-01-22T16:31:34.693980" level="INFO">Clicking element 'xpath=//a[contains(.,'Cadastrar Cliente')]'.</msg>
<arg>${GC_ABA_CADASTRARCLIENTE}</arg>
<doc>Click the element identified by ``locator``.</doc>
<status status="PASS" start="2025-01-22T16:31:34.693980" elapsed="0.062046"/>
</kw>
<status status="PASS" start="2025-01-22T16:31:34.675053" elapsed="0.080973"/>
</kw>
<kw name="Quando efetuo cadastro de cliente com dados válidos" owner="GerenciarCliente">
<kw name="Input Text" owner="SeleniumLibrary">
<msg time="2025-01-22T16:31:34.758346" level="INFO">Typing text 'Test' into text field 'xpath=//div[contains(@class, 'col-md-9')]//input[@type='text' and contains(@class, 'form-control')]'.</msg>
<arg>${CG_INPUT_NOME}</arg>
<arg>${nome}</arg>
<doc>Types the given ``text`` into the text field identified by ``locator``.</doc>
<status status="PASS" start="2025-01-22T16:31:34.758023" elapsed="0.107710"/>
</kw>
<kw name="Input Text" owner="SeleniumLibrary">
<msg time="2025-01-22T16:31:34.865733" level="INFO">Typing text '11999999999' into text field 'xpath=//input[contains(@type,'tel')]'.</msg>
<arg>${CG_INPUT_TEL}</arg>
<arg>${tel}</arg>
<doc>Types the given ``text`` into the text field identified by ``locator``.</doc>
<status status="PASS" start="2025-01-22T16:31:34.865733" elapsed="0.116549"/>
</kw>
<kw name="Input Text" owner="SeleniumLibrary">
<msg time="2025-01-22T16:31:34.983006" level="INFO">Typing text 'email@email.com' into text field 'xpath=//input[contains(@type,'email')]'.</msg>
<arg>${CG_INPUT_EMAIL}</arg>
<arg>${email}</arg>
<doc>Types the given ``text`` into the text field identified by ``locator``.</doc>
<status status="PASS" start="2025-01-22T16:31:34.983006" elapsed="0.086771"/>
</kw>
<kw name="Wait Until Element Is Visible" owner="SeleniumLibrary">
<arg>${UPLOAD_PICTURE}</arg>
<arg>timeout=10s</arg>
<doc>Waits until the element ``locator`` is visible.</doc>
<status status="PASS" start="2025-01-22T16:31:35.070808" elapsed="0.016918"/>
</kw>
<kw name="Click Element" owner="SeleniumLibrary">
<msg time="2025-01-22T16:31:35.087726" level="INFO">Clicking element 'xpath=//span[@class='add-image-button']'.</msg>
<arg>${UPLOAD_PICTURE}</arg>
<doc>Click the element identified by ``locator``.</doc>
<status status="PASS" start="2025-01-22T16:31:35.087726" elapsed="0.053856"/>
</kw>
<kw name="Choose File" owner="SeleniumLibrary">
<msg time="2025-01-22T16:31:35.142579" level="INFO">Sending C:\Users\Sistemas\Pictures\imagem-de-perfil-teste.jpg to browser.</msg>
<arg>${CG_ESCOLHERPHOTO}</arg>
<arg>${PHOTO}</arg>
<doc>Inputs the ``file_path`` into the file input field ``locator``.</doc>
<status status="PASS" start="2025-01-22T16:31:35.141582" elapsed="0.039622"/>
</kw>
<kw name="Execute Javascript" owner="SeleniumLibrary">
<msg time="2025-01-22T16:31:35.182238" level="INFO">Executing JavaScript:
window.focus()
Without any arguments.</msg>
<arg>window.focus()</arg>
<doc>Executes the given JavaScript code with possible arguments.</doc>
<status status="PASS" start="2025-01-22T16:31:35.181204" elapsed="0.007007"/>
</kw>
<kw name="Execute Javascript" owner="SeleniumLibrary">
<msg time="2025-01-22T16:31:35.188211" level="INFO">Executing JavaScript:
window.scrollBy(0, 500)
Without any arguments.</msg>
<arg>window.scrollBy(0, 500)</arg>
<doc>Executes the given JavaScript code with possible arguments.</doc>
<status status="PASS" start="2025-01-22T16:31:35.188211" elapsed="0.007622"/>
</kw>
<kw name="Input Text" owner="SeleniumLibrary">
<msg time="2025-01-22T16:31:35.196165" level="INFO">Typing text '11111-111' into text field 'xpath=//label[text()='CEP:']/following-sibling::input'.</msg>
<arg>${CG_INPUT_CEP}</arg>
<arg>${cep}</arg>
<doc>Types the given ``text`` into the text field identified by ``locator``.</doc>
<status status="PASS" start="2025-01-22T16:31:35.196165" elapsed="0.257892"/>
</kw>
<kw name="Input Text" owner="SeleniumLibrary">
<msg time="2025-01-22T16:31:35.454983" level="INFO">Typing text '2' into text field 'xpath=//label[text()='Número da residência:']/following-sibling::input'.</msg>
<arg>${CG_INPUT_NUM}</arg>
<arg>${num}</arg>
<doc>Types the given ``text`` into the text field identified by ``locator``.</doc>
<status status="PASS" start="2025-01-22T16:31:35.454983" elapsed="0.116577"/>
</kw>
<kw name="Execute Javascript" owner="SeleniumLibrary">
<msg time="2025-01-22T16:31:35.573552" level="INFO">Executing JavaScript:
window.scrollBy(0, 500)
Without any arguments.</msg>
<arg>window.scrollBy(0, 500)</arg>
<doc>Executes the given JavaScript code with possible arguments.</doc>
<status status="PASS" start="2025-01-22T16:31:35.572555" elapsed="0.008978"/>
</kw>
<kw name="Input Text" owner="SeleniumLibrary">
<msg time="2025-01-22T16:31:35.582531" level="INFO">Typing text 'testando' into text field 'xpath=//label[text()='Endereço:']/following-sibling::input'.</msg>
<arg>${CG_INPUT_END}</arg>
<arg>${end}</arg>
<doc>Types the given ``text`` into the text field identified by ``locator``.</doc>
<status status="PASS" start="2025-01-22T16:31:35.581533" elapsed="0.178523"/>
</kw>
<kw name="Input Text" owner="SeleniumLibrary">
<msg time="2025-01-22T16:31:35.761061" level="INFO">Typing text 'na' into text field 'xpath=//label[text()='Complemento:']/following-sibling::input'.</msg>
<arg>${CG_INPUT_COMP}</arg>
<arg>${comp}</arg>
<doc>Types the given ``text`` into the text field identified by ``locator``.</doc>
<status status="PASS" start="2025-01-22T16:31:35.760056" elapsed="0.177072"/>
</kw>
<kw name="Execute Javascript" owner="SeleniumLibrary">
<msg time="2025-01-22T16:31:35.938134" level="INFO">Executing JavaScript:
window.scrollBy(0, 500)
Without any arguments.</msg>
<arg>window.scrollBy(0, 500)</arg>
<doc>Executes the given JavaScript code with possible arguments.</doc>
<status status="PASS" start="2025-01-22T16:31:35.937128" elapsed="0.018638"/>
</kw>
<kw name="Wait Until Element Is Visible" owner="SeleniumLibrary">
<arg>${CG_SELECT_PAIS}</arg>
<arg>timeout=5s</arg>
<doc>Waits until the element ``locator`` is visible.</doc>
<status status="PASS" start="2025-01-22T16:31:35.956764" elapsed="0.052858"/>
</kw>
<kw name="Click Element" owner="SeleniumLibrary">
<msg time="2025-01-22T16:31:36.010621" level="INFO">Clicking element 'xpath=//select[@class='form-control']'.</msg>
<arg>${CG_SELECT_PAIS}</arg>
<doc>Click the element identified by ``locator``.</doc>
<status status="PASS" start="2025-01-22T16:31:36.010621" elapsed="0.121455"/>
</kw>
<kw name="Select From List By Label" owner="SeleniumLibrary">
<msg time="2025-01-22T16:31:36.133074" level="INFO">Selecting options from selection list 'xpath=//select[@class='form-control']' by label Brasil.</msg>
<arg>${CG_SELECT_PAIS}</arg>
<arg>${país}</arg>
<doc>Selects options from selection list ``locator`` by ``labels``.</doc>
<status status="PASS" start="2025-01-22T16:31:36.133074" elapsed="0.085778"/>
</kw>
<kw name="Press Key" owner="SeleniumLibrary">
<arg>${CG_SELECT_PAIS}</arg>
<arg>${país}</arg>
<doc>Simulates user pressing key on element identified by ``locator``.</doc>
<status status="PASS" start="2025-01-22T16:31:36.218852" elapsed="0.052420"/>
</kw>
<kw name="Set Variable" owner="BuiltIn">
<msg time="2025-01-22T16:31:36.271272" level="INFO">${xpath_genero} = //label[contains(.,'Feminino')]</msg>
<var>${xpath_genero}</var>
<arg>//label[contains(.,'${genero}')]</arg>
<doc>Returns the given values which can then be assigned to a variables.</doc>
<status status="PASS" start="2025-01-22T16:31:36.271272" elapsed="0.000000"/>
</kw>
<kw name="Wait Until Element Is Visible" owner="SeleniumLibrary">
<arg>${xpath_genero}</arg>
<arg>timeout=5s</arg>
<doc>Waits until the element ``locator`` is visible.</doc>
<status status="PASS" start="2025-01-22T16:31:36.271272" elapsed="0.018950"/>
</kw>
<kw name="Scroll Element Into View" owner="SeleniumLibrary">
<arg>${xpath_genero}</arg>
<doc>Scrolls the element identified by ``locator`` into view.</doc>
<status status="PASS" start="2025-01-22T16:31:36.290222" elapsed="0.276608"/>
</kw>
<kw name="Click Element" owner="SeleniumLibrary">
<msg time="2025-01-22T16:31:36.566830" level="INFO">Clicking element '//label[contains(.,'Feminino')]'.</msg>
<arg>${xpath_genero}</arg>
<doc>Click the element identified by ``locator``.</doc>
<status status="PASS" start="2025-01-22T16:31:36.566830" elapsed="0.097657"/>
</kw>
<kw name="Execute Javascript" owner="SeleniumLibrary">
<msg time="2025-01-22T16:31:36.667477" level="INFO">Executing JavaScript:
window.scrollBy(0, 200)
Without any arguments.</msg>
<arg>window.scrollBy(0, 200)</arg>
<doc>Executes the given JavaScript code with possible arguments.</doc>
<status status="PASS" start="2025-01-22T16:31:36.666485" elapsed="0.005978"/>
</kw>
<kw name="Sleep" owner="BuiltIn">
<msg time="2025-01-22T16:31:38.673611" level="INFO">Slept 2 seconds.</msg>
<arg>2s</arg>
<doc>Pauses the test executed for the given time.</doc>
<status status="PASS" start="2025-01-22T16:31:36.672463" elapsed="2.001304"/>
</kw>
<kw name="Set Variable" owner="BuiltIn">
<msg time="2025-01-22T16:31:38.673767" level="INFO">${xpath_ferramenta} = //input[contains(@value,'robot')]</msg>
<var>${xpath_ferramenta}</var>
<arg>//input[contains(@value,'${ferramenta}')]</arg>
<doc>Returns the given values which can then be assigned to a variables.</doc>
<status status="PASS" start="2025-01-22T16:31:38.673767" elapsed="0.000000"/>
</kw>
<kw name="Wait Until Element Is Visible" owner="SeleniumLibrary">
<arg>${xpath_ferramenta}</arg>
<arg>timeout=5s</arg>
<doc>Waits until the element ``locator`` is visible.</doc>
<status status="PASS" start="2025-01-22T16:31:38.674579" elapsed="0.024930"/>
</kw>
<kw name="Scroll Element Into View" owner="SeleniumLibrary">
<arg>${xpath_ferramenta}</arg>
<doc>Scrolls the element identified by ``locator`` into view.</doc>
<status status="PASS" start="2025-01-22T16:31:38.700506" elapsed="0.274856"/>
</kw>
<kw name="Click Element" owner="SeleniumLibrary">
<msg time="2025-01-22T16:31:38.976412" level="INFO">Clicking element '//input[contains(@value,'robot')]'.</msg>
<arg>${xpath_ferramenta}</arg>
<doc>Click the element identified by ``locator``.</doc>
<status status="PASS" start="2025-01-22T16:31:38.975362" elapsed="0.057846"/>
</kw>
<arg>Test</arg>
<arg>11999999999</arg>
<arg>email@email.com</arg>
<arg>${PHOTO}</arg>
<arg>11111-111</arg>
<arg>2</arg>
<arg>testando</arg>
<arg>na</arg>
<arg>Brasil</arg>
<arg>Feminino</arg>
<arg>robot</arg>
<status status="PASS" start="2025-01-22T16:31:34.757025" elapsed="4.276183"/>
</kw>
<kw name="E clico em salvar" owner="GerenciarCliente">
<kw name="Wait Until Element Is Visible" owner="SeleniumLibrary">
<arg>${CG_BTN_SALVAR}</arg>
<arg>timeout=5s</arg>
<doc>Waits until the element ``locator`` is visible.</doc>
<status status="PASS" start="2025-01-22T16:31:39.034205" elapsed="0.021946"/>
</kw>
<kw name="Click Element" owner="SeleniumLibrary">
<msg time="2025-01-22T16:31:39.057144" level="INFO">Clicking element 'xpath=//button[@type='submit']'.</msg>
<arg>${CG_BTN_SALVAR}</arg>
<doc>Click the element identified by ``locator``.</doc>
<status status="PASS" start="2025-01-22T16:31:39.056151" elapsed="0.079213"/>
</kw>
<status status="PASS" start="2025-01-22T16:31:39.034205" elapsed="0.101159"/>
</kw>
<kw name="Então cliente cadastrado e exibido na lista de clientes" owner="GerenciarCliente">
<kw name="Set Variable" owner="BuiltIn">
<msg time="2025-01-22T16:31:39.136382" level="INFO">${xpath_email} = //td[contains(.,'email@email.com')]</msg>
<var>${xpath_email}</var>
<arg>//td[contains(.,'${email}')]</arg>
<doc>Returns the given values which can then be assigned to a variables.</doc>
<status status="PASS" start="2025-01-22T16:31:39.136382" elapsed="0.000000"/>
</kw>
<kw name="Take Screenshot" owner="Base">
<kw name="Capture Page Screenshot" owner="SeleniumLibrary">
<msg time="2025-01-22T16:31:39.361595" level="INFO" html="true">&lt;/td&gt;&lt;/tr&gt;&lt;tr&gt;&lt;td colspan="3"&gt;&lt;a href="screenshots/evidenciaCT005.png"&gt;&lt;img src="screenshots/evidenciaCT005.png" width="800px"&gt;&lt;/a&gt;</msg>
<arg>${file_name}</arg>
<doc>Takes a screenshot of the current page and embeds it into a log file.</doc>
<status status="PASS" start="2025-01-22T16:31:39.136382" elapsed="0.225213"/>
</kw>
<arg>${file_path}evidenciaCT005.png</arg>
<status status="PASS" start="2025-01-22T16:31:39.136382" elapsed="0.226210"/>
</kw>
<arg>email@email.com</arg>
<status status="PASS" start="2025-01-22T16:31:39.136382" elapsed="0.226210"/>
</kw>
<status status="PASS" start="2025-01-22T16:31:30.141286" elapsed="9.221306"/>
</test>
<test id="s1-s2-t2" name="CT006 — Validar Pesquisa de Cliente recém cadastrado e exibição dos dados em tela" line="24">
<kw name="Dado que esteja em Gestão de Clientes" owner="GerenciarCliente">
<kw name="que esteja na home page" owner="Base">
<kw name="Open Browser" owner="SeleniumLibrary">
<msg time="2025-01-22T16:31:39.364615" level="INFO">Opening browser 'Chrome' to base url 'https://challenge.primecontrol.com.br/'.</msg>
<arg>${URL}</arg>
<arg>${BROWSER}</arg>
<doc>Opens a new browser instance to the optional ``url``.</doc>
<status status="PASS" start="2025-01-22T16:31:39.364615" elapsed="2.414201"/>
</kw>
<kw name="Maximize Browser Window" owner="SeleniumLibrary">
<doc>Maximizes current browser window.</doc>
<status status="PASS" start="2025-01-22T16:31:41.779827" elapsed="0.141125"/>
</kw>
<kw name="Wait Until Element Is Visible" owner="SeleniumLibrary">
<arg>${HOME}</arg>
<doc>Waits until the element ``locator`` is visible.</doc>
<status status="PASS" start="2025-01-22T16:31:41.922946" elapsed="0.064187"/>
</kw>
<status status="PASS" start="2025-01-22T16:31:39.363633" elapsed="2.623500"/>
</kw>
<kw name="clico no botão fazer login" owner="Login">
<kw name="Wait Until Element Is Visible" owner="SeleniumLibrary">
<arg>${HOME_BTN_LOGIN}</arg>
<arg>timeout=5s</arg>
<doc>Waits until the element ``locator`` is visible.</doc>
<status status="PASS" start="2025-01-22T16:31:41.987133" elapsed="0.022507"/>
</kw>
<kw name="Click Element" owner="SeleniumLibrary">
<msg time="2025-01-22T16:31:42.011160" level="INFO">Clicking element 'xpath=//a[contains(.,'Fazer Login')]'.</msg>
<arg>${HOME_BTN_LOGIN}</arg>
<doc>Click the element identified by ``locator``.</doc>
<status status="PASS" start="2025-01-22T16:31:42.010643" elapsed="0.456059"/>
</kw>
<status status="PASS" start="2025-01-22T16:31:41.987133" elapsed="0.480565"/>
</kw>
<kw name="insiro dados já cadastrado" owner="Login">
<kw name="Input Text" owner="SeleniumLibrary">
<msg time="2025-01-22T16:31:42.468696" level="INFO">Typing text 'ana1a.bsi@outlook.com' into text field 'id=floatingInput'.</msg>
<arg>${HOME_INPUT_EMAIL}</arg>
<arg>${HOME_EMAIL_CADASTRADO}</arg>
<doc>Types the given ``text`` into the text field identified by ``locator``.</doc>
<status status="PASS" start="2025-01-22T16:31:42.468696" elapsed="0.162844"/>
</kw>
<kw name="Input Text" owner="SeleniumLibrary">
<msg time="2025-01-22T16:31:42.632525" level="INFO">Typing text '123456' into text field 'id=floatingPassword'.</msg>
<arg>${HOME_INPUT_PASSWORD}</arg>
<arg>${HOME_SENHA_CADASTRO}</arg>
<doc>Types the given ``text`` into the text field identified by ``locator``.</doc>
<status status="PASS" start="2025-01-22T16:31:42.631540" elapsed="0.068309"/>
</kw>
<kw name="Click Button" owner="SeleniumLibrary">
<msg time="2025-01-22T16:31:42.699849" level="INFO">Clicking button 'xpath=//button[@type='button']'.</msg>
<arg>${LOGIN_BTN_ACESSAR}</arg>
<doc>Clicks the button identified by ``locator``.</doc>
<status status="PASS" start="2025-01-22T16:31:42.699849" elapsed="0.078791"/>
</kw>
<status status="PASS" start="2025-01-22T16:31:42.467698" elapsed="0.310942"/>
</kw>
<kw name="sou direcionado para Gestão de Clientes" owner="Login">
<kw name="Wait Until Element Is Visible" owner="SeleniumLibrary">
<arg>${PAGE_GCLIENTE}</arg>
<arg>timeout=5s</arg>
<doc>Waits until the element ``locator`` is visible.</doc>
<status status="PASS" start="2025-01-22T16:31:42.779637" elapsed="1.116760"/>
</kw>
<kw name="Take Screenshot" owner="Base">
<kw name="Capture Page Screenshot" owner="SeleniumLibrary">
<msg time="2025-01-22T16:31:44.047891" level="INFO" html="true">&lt;/td&gt;&lt;/tr&gt;&lt;tr&gt;&lt;td colspan="3"&gt;&lt;a href="screenshots/evidenciaCT003.png"&gt;&lt;img src="screenshots/evidenciaCT003.png" width="800px"&gt;&lt;/a&gt;</msg>
<arg>${file_name}</arg>
<doc>Takes a screenshot of the current page and embeds it into a log file.</doc>
<status status="PASS" start="2025-01-22T16:31:43.896397" elapsed="0.151560"/>
</kw>
<arg>${file_path}evidenciaCT003.png</arg>
<status status="PASS" start="2025-01-22T16:31:43.896397" elapsed="0.151560"/>
</kw>
<status status="PASS" start="2025-01-22T16:31:42.779637" elapsed="1.268320"/>
</kw>
<status status="PASS" start="2025-01-22T16:31:39.363633" elapsed="4.684324"/>
</kw>
<kw name="E clico no campo de pesquisa" owner="GerenciarCliente">
<kw name="Wait Until Element Is Visible" owner="SeleniumLibrary">
<arg>${CG_CAMPO_PESQUISA}</arg>
<arg>timeout=5s</arg>
<doc>Waits until the element ``locator`` is visible.</doc>
<status status="PASS" start="2025-01-22T16:31:44.048920" elapsed="0.020919"/>
</kw>
<kw name="Click Element" owner="SeleniumLibrary">
<msg time="2025-01-22T16:31:44.070829" level="INFO">Clicking element 'xpath=//input[@placeholder='Pesquisar por nome']'.</msg>
<arg>${CG_CAMPO_PESQUISA}</arg>
<doc>Click the element identified by ``locator``.</doc>
<status status="PASS" start="2025-01-22T16:31:44.070427" elapsed="0.063912"/>
</kw>
<status status="PASS" start="2025-01-22T16:31:44.047957" elapsed="0.087409"/>
</kw>
<kw name="Quando Insiro o nome ou identificador do cliente recém-cadastrado" owner="GerenciarCliente">
<kw name="Input Text" owner="SeleniumLibrary">
<msg time="2025-01-22T16:31:44.136333" level="INFO">Typing text 'Prime Control' into text field 'xpath=//input[@placeholder='Pesquisar por nome']'.</msg>
<arg>${CG_CAMPO_PESQUISA}</arg>
<arg>${nome}</arg>
<doc>Types the given ``text`` into the text field identified by ``locator``.</doc>
<status status="PASS" start="2025-01-22T16:31:44.136333" elapsed="0.090252"/>
</kw>
<arg>Prime Control</arg>
<status status="PASS" start="2025-01-22T16:31:44.135366" elapsed="0.091219"/>
</kw>
<kw name="E clico no botão &quot;Pesquisar&quot;" owner="GerenciarCliente">
<kw name="Click Element" owner="SeleniumLibrary">
<msg time="2025-01-22T16:31:44.228576" level="INFO">Clicking element 'xpath=//button[@type='button']'.</msg>
<arg>${CG_BTN_PESQUISA}</arg>
<doc>Click the element identified by ``locator``.</doc>
<status status="PASS" start="2025-01-22T16:31:44.227581" elapsed="0.068501"/>
</kw>
<status status="PASS" start="2025-01-22T16:31:44.227581" elapsed="0.068501"/>
</kw>
<kw name="Então um modal é exibido com os dados do cliente pesquisado" owner="GerenciarCliente">
<kw name="Wait Until Element Is Visible" owner="SeleniumLibrary">
<arg>${CG_RESULTPESQUISA}</arg>
<arg>timeout=10s</arg>
<doc>Waits until the element ``locator`` is visible.</doc>
<status status="PASS" start="2025-01-22T16:31:44.297106" elapsed="0.224585"/>
</kw>
<kw name="Take Screenshot" owner="Base">
<kw name="Capture Page Screenshot" owner="SeleniumLibrary">
<msg time="2025-01-22T16:31:44.665304" level="INFO" html="true">&lt;/td&gt;&lt;/tr&gt;&lt;tr&gt;&lt;td colspan="3"&gt;&lt;a href="screenshots/evidenciaCT006.png"&gt;&lt;img src="screenshots/evidenciaCT006.png" width="800px"&gt;&lt;/a&gt;</msg>
<arg>${file_name}</arg>
<doc>Takes a screenshot of the current page and embeds it into a log file.</doc>
<status status="PASS" start="2025-01-22T16:31:44.521691" elapsed="0.143613"/>
</kw>
<arg>${file_path}evidenciaCT006.png</arg>
<status status="PASS" start="2025-01-22T16:31:44.521691" elapsed="0.143613"/>
</kw>
<status status="PASS" start="2025-01-22T16:31:44.297106" elapsed="0.368198"/>
</kw>
<status status="PASS" start="2025-01-22T16:31:39.363633" elapsed="5.302669"/>
</test>
<test id="s1-s2-t3" name="CT007 — Editar Cliente através do botão na listagem de clientes" line="31">
<kw name="Dado que esteja em Gestão de Clientes" owner="GerenciarCliente">
<kw name="que esteja na home page" owner="Base">
<kw name="Open Browser" owner="SeleniumLibrary">
<msg time="2025-01-22T16:31:44.669426" level="INFO">Opening browser 'Chrome' to base url 'https://challenge.primecontrol.com.br/'.</msg>
<arg>${URL}</arg>
<arg>${BROWSER}</arg>
<doc>Opens a new browser instance to the optional ``url``.</doc>
<status status="PASS" start="2025-01-22T16:31:44.668295" elapsed="2.414153"/>
</kw>
<kw name="Maximize Browser Window" owner="SeleniumLibrary">
<doc>Maximizes current browser window.</doc>
<status status="PASS" start="2025-01-22T16:31:47.082448" elapsed="0.041971"/>
</kw>
<kw name="Wait Until Element Is Visible" owner="SeleniumLibrary">
<arg>${HOME}</arg>
<doc>Waits until the element ``locator`` is visible.</doc>
<status status="PASS" start="2025-01-22T16:31:47.124419" elapsed="0.091048"/>
</kw>
<status status="PASS" start="2025-01-22T16:31:44.668295" elapsed="2.547172"/>
</kw>
<kw name="clico no botão fazer login" owner="Login">
<kw name="Wait Until Element Is Visible" owner="SeleniumLibrary">
<arg>${HOME_BTN_LOGIN}</arg>
<arg>timeout=5s</arg>
<doc>Waits until the element ``locator`` is visible.</doc>
<status status="PASS" start="2025-01-22T16:31:47.216497" elapsed="0.024240"/>
</kw>
<kw name="Click Element" owner="SeleniumLibrary">
<msg time="2025-01-22T16:31:47.243417" level="INFO">Clicking element 'xpath=//a[contains(.,'Fazer Login')]'.</msg>
<arg>${HOME_BTN_LOGIN}</arg>
<doc>Click the element identified by ``locator``.</doc>
<status status="PASS" start="2025-01-22T16:31:47.241429" elapsed="0.473664"/>
</kw>
<status status="PASS" start="2025-01-22T16:31:47.215467" elapsed="0.499626"/>
</kw>
<kw name="insiro dados já cadastrado" owner="Login">
<kw name="Input Text" owner="SeleniumLibrary">
<msg time="2025-01-22T16:31:47.716092" level="INFO">Typing text 'ana1a.bsi@outlook.com' into text field 'id=floatingInput'.</msg>
<arg>${HOME_INPUT_EMAIL}</arg>
<arg>${HOME_EMAIL_CADASTRADO}</arg>
<doc>Types the given ``text`` into the text field identified by ``locator``.</doc>
<status status="PASS" start="2025-01-22T16:31:47.716092" elapsed="0.161951"/>
</kw>
<kw name="Input Text" owner="SeleniumLibrary">
<msg time="2025-01-22T16:31:47.878043" level="INFO">Typing text '123456' into text field 'id=floatingPassword'.</msg>
<arg>${HOME_INPUT_PASSWORD}</arg>
<arg>${HOME_SENHA_CADASTRO}</arg>
<doc>Types the given ``text`` into the text field identified by ``locator``.</doc>
<status status="PASS" start="2025-01-22T16:31:47.878043" elapsed="0.089300"/>
</kw>
<kw name="Click Button" owner="SeleniumLibrary">
<msg time="2025-01-22T16:31:47.967343" level="INFO">Clicking button 'xpath=//button[@type='button']'.</msg>
<arg>${LOGIN_BTN_ACESSAR}</arg>
<doc>Clicks the button identified by ``locator``.</doc>
<status status="PASS" start="2025-01-22T16:31:47.967343" elapsed="0.090962"/>
</kw>
<status status="PASS" start="2025-01-22T16:31:47.715093" elapsed="0.343212"/>
</kw>
<kw name="sou direcionado para Gestão de Clientes" owner="Login">
<kw name="Wait Until Element Is Visible" owner="SeleniumLibrary">
<arg>${PAGE_GCLIENTE}</arg>
<arg>timeout=5s</arg>
<doc>Waits until the element ``locator`` is visible.</doc>
<status status="PASS" start="2025-01-22T16:31:48.059123" elapsed="1.114434"/>
</kw>
<kw name="Take Screenshot" owner="Base">
<kw name="Capture Page Screenshot" owner="SeleniumLibrary">
<msg time="2025-01-22T16:31:49.339713" level="INFO" html="true">&lt;/td&gt;&lt;/tr&gt;&lt;tr&gt;&lt;td colspan="3"&gt;&lt;a href="screenshots/evidenciaCT003.png"&gt;&lt;img src="screenshots/evidenciaCT003.png" width="800px"&gt;&lt;/a&gt;</msg>
<arg>${file_name}</arg>
<doc>Takes a screenshot of the current page and embeds it into a log file.</doc>
<status status="PASS" start="2025-01-22T16:31:49.174555" elapsed="0.165840"/>
</kw>
<arg>${file_path}evidenciaCT003.png</arg>
<status status="PASS" start="2025-01-22T16:31:49.174555" elapsed="0.165840"/>
</kw>
<status status="PASS" start="2025-01-22T16:31:48.058305" elapsed="1.282090"/>
</kw>
<status status="PASS" start="2025-01-22T16:31:44.667299" elapsed="4.673096"/>
</kw>
<kw name="E a listagem de clientes está carregada com dados válidos" owner="GerenciarCliente">
<kw name="Wait Until Element Is Visible" owner="SeleniumLibrary">
<arg>${CG_RESULTPESQUISA}</arg>
<arg>timeout=10s</arg>
<doc>Waits until the element ``locator`` is visible.</doc>
<status status="PASS" start="2025-01-22T16:31:49.341381" elapsed="0.233356"/>
</kw>
<status status="PASS" start="2025-01-22T16:31:49.341381" elapsed="0.233356"/>
</kw>
<kw name="E clico no botão &quot;Editar&quot; correspondente ao cliente desejado na listagem" owner="GerenciarCliente">
<kw name="Click Button" owner="SeleniumLibrary">
<msg time="2025-01-22T16:31:49.575910" level="INFO">Clicking button 'XPATH=//a[@href='/app/editarcliente/vvvSqQ0sTjGLyKDHcCOi']'.</msg>
<msg time="2025-01-22T16:31:49.779494" level="INFO" html="true">&lt;/td&gt;&lt;/tr&gt;&lt;tr&gt;&lt;td colspan="3"&gt;&lt;a href="selenium-screenshot-1.png"&gt;&lt;img src="selenium-screenshot-1.png" width="800px"&gt;&lt;/a&gt;</msg>
<msg time="2025-01-22T16:31:49.779494" level="FAIL">Button with locator 'XPATH=//a[@href='/app/editarcliente/vvvSqQ0sTjGLyKDHcCOi']' not found.</msg>
<arg>${CG_EDITAR}</arg>
<doc>Clicks the button identified by ``locator``.</doc>
<status status="FAIL" start="2025-01-22T16:31:49.575910" elapsed="0.206578">Button with locator 'XPATH=//a[@href='/app/editarcliente/vvvSqQ0sTjGLyKDHcCOi']' not found.</status>
</kw>
<status status="FAIL" start="2025-01-22T16:31:49.575732" elapsed="0.206756">Button with locator 'XPATH=//a[@href='/app/editarcliente/vvvSqQ0sTjGLyKDHcCOi']' not found.</status>
</kw>
<kw name="E sou redirecionado para a página de edição do cliente" owner="GerenciarCliente">
<status status="NOT RUN" start="2025-01-22T16:31:49.783485" elapsed="0.000000"/>
</kw>
<kw name="Quando atualizo algum dados necessários do cliente" owner="GerenciarCliente">
<status status="NOT RUN" start="2025-01-22T16:31:49.783485" elapsed="0.000000"/>
</kw>
<kw name="E clico no botão &quot;Salvar&quot;" owner="GerenciarCliente">
<status status="NOT RUN" start="2025-01-22T16:31:49.784507" elapsed="0.000048"/>
</kw>
<kw name="Então sou redirecionado para a página inicial &quot; Gestão de Clientes”" owner="GerenciarCliente">
<status status="NOT RUN" start="2025-01-22T16:31:49.784555" elapsed="0.000000"/>
</kw>
<status status="FAIL" start="2025-01-22T16:31:44.667299" elapsed="5.117256">Button with locator 'XPATH=//a[@href='/app/editarcliente/vvvSqQ0sTjGLyKDHcCOi']' not found.</status>
</test>
<test id="s1-s2-t4" name="CT008 — Validar Cadastro de Clientes com Email inválido na aba Perfil" line="40">
<kw name="Dado que esteja em Gestão de Clientes" owner="GerenciarCliente">
<kw name="que esteja na home page" owner="Base">
<kw name="Open Browser" owner="SeleniumLibrary">
<msg time="2025-01-22T16:31:49.787474" level="INFO">Opening browser 'Chrome' to base url 'https://challenge.primecontrol.com.br/'.</msg>
<arg>${URL}</arg>
<arg>${BROWSER}</arg>
<doc>Opens a new browser instance to the optional ``url``.</doc>
<status status="PASS" start="2025-01-22T16:31:49.787474" elapsed="2.513270"/>
</kw>
<kw name="Maximize Browser Window" owner="SeleniumLibrary">
<doc>Maximizes current browser window.</doc>
<status status="PASS" start="2025-01-22T16:31:52.300744" elapsed="0.048396"/>
</kw>
<kw name="Wait Until Element Is Visible" owner="SeleniumLibrary">
<arg>${HOME}</arg>
<doc>Waits until the element ``locator`` is visible.</doc>
<status status="PASS" start="2025-01-22T16:31:52.350126" elapsed="0.105964"/>
</kw>
<status status="PASS" start="2025-01-22T16:31:49.787474" elapsed="2.669630"/>
</kw>
<kw name="clico no botão fazer login" owner="Login">
<kw name="Wait Until Element Is Visible" owner="SeleniumLibrary">
<arg>${HOME_BTN_LOGIN}</arg>
<arg>timeout=5s</arg>
<doc>Waits until the element ``locator`` is visible.</doc>
<status status="PASS" start="2025-01-22T16:31:52.461480" elapsed="0.030824"/>
</kw>
<kw name="Click Element" owner="SeleniumLibrary">
<msg time="2025-01-22T16:31:52.492304" level="INFO">Clicking element 'xpath=//a[contains(.,'Fazer Login')]'.</msg>
<arg>${HOME_BTN_LOGIN}</arg>
<doc>Click the element identified by ``locator``.</doc>
<status status="PASS" start="2025-01-22T16:31:52.492304" elapsed="0.355877"/>
</kw>
<status status="PASS" start="2025-01-22T16:31:52.458120" elapsed="0.390505"/>
</kw>
<kw name="insiro dados já cadastrado" owner="Login">
<kw name="Input Text" owner="SeleniumLibrary">
<msg time="2025-01-22T16:31:52.849176" level="INFO">Typing text 'ana1a.bsi@outlook.com' into text field 'id=floatingInput'.</msg>
<arg>${HOME_INPUT_EMAIL}</arg>
<arg>${HOME_EMAIL_CADASTRADO}</arg>
<doc>Types the given ``text`` into the text field identified by ``locator``.</doc>
<status status="PASS" start="2025-01-22T16:31:52.849176" elapsed="0.170202"/>
</kw>
<kw name="Input Text" owner="SeleniumLibrary">
<msg time="2025-01-22T16:31:53.019378" level="INFO">Typing text '123456' into text field 'id=floatingPassword'.</msg>
<arg>${HOME_INPUT_PASSWORD}</arg>
<arg>${HOME_SENHA_CADASTRO}</arg>
<doc>Types the given ``text`` into the text field identified by ``locator``.</doc>
<status status="PASS" start="2025-01-22T16:31:53.019378" elapsed="0.090861"/>
</kw>
<kw name="Click Button" owner="SeleniumLibrary">
<msg time="2025-01-22T16:31:53.113216" level="INFO">Clicking button 'xpath=//button[@type='button']'.</msg>
<arg>${LOGIN_BTN_ACESSAR}</arg>
<doc>Clicks the button identified by ``locator``.</doc>
<status status="PASS" start="2025-01-22T16:31:53.111225" elapsed="0.122668"/>
</kw>
<status status="PASS" start="2025-01-22T16:31:52.848889" elapsed="0.385004"/>
</kw>
<kw name="sou direcionado para Gestão de Clientes" owner="Login">
<kw name="Wait Until Element Is Visible" owner="SeleniumLibrary">
<arg>${PAGE_GCLIENTE}</arg>
<arg>timeout=5s</arg>
<doc>Waits until the element ``locator`` is visible.</doc>
<status status="PASS" start="2025-01-22T16:31:53.233893" elapsed="1.289343"/>
</kw>
<kw name="Take Screenshot" owner="Base">
<kw name="Capture Page Screenshot" owner="SeleniumLibrary">
<msg time="2025-01-22T16:31:54.654773" level="INFO" html="true">&lt;/td&gt;&lt;/tr&gt;&lt;tr&gt;&lt;td colspan="3"&gt;&lt;a href="screenshots/evidenciaCT003.png"&gt;&lt;img src="screenshots/evidenciaCT003.png" width="800px"&gt;&lt;/a&gt;</msg>
<arg>${file_name}</arg>
<doc>Takes a screenshot of the current page and embeds it into a log file.</doc>
<status status="PASS" start="2025-01-22T16:31:54.524233" elapsed="0.131519"/>
</kw>
<arg>${file_path}evidenciaCT003.png</arg>
<status status="PASS" start="2025-01-22T16:31:54.524233" elapsed="0.131519"/>
</kw>
<status status="PASS" start="2025-01-22T16:31:53.233893" elapsed="1.421859"/>
</kw>
<status status="PASS" start="2025-01-22T16:31:49.786505" elapsed="4.869247"/>
</kw>
<kw name="E clico na aba Cadastrar Cliente" owner="GerenciarCliente">
<kw name="Wait Until Element Is Visible" owner="SeleniumLibrary">
<arg>${GC_ABA_CADASTRARCLIENTE}</arg>
<arg>timeout=5s</arg>
<doc>Waits until the element ``locator`` is visible.</doc>
<status status="PASS" start="2025-01-22T16:31:54.656768" elapsed="0.021924"/>
</kw>
<kw name="Click Element" owner="SeleniumLibrary">
<msg time="2025-01-22T16:31:54.678692" level="INFO">Clicking element 'xpath=//a[contains(.,'Cadastrar Cliente')]'.</msg>
<arg>${GC_ABA_CADASTRARCLIENTE}</arg>
<doc>Click the element identified by ``locator``.</doc>
<status status="PASS" start="2025-01-22T16:31:54.678692" elapsed="0.068503"/>
</kw>
<status status="PASS" start="2025-01-22T16:31:54.656768" elapsed="0.091410"/>
</kw>
<kw name="Quando efetuo cadastro de cliente" owner="GerenciarCliente">
<kw name="Input Text" owner="SeleniumLibrary">
<msg time="2025-01-22T16:31:54.749175" level="INFO">Typing text 'Test' into text field 'xpath=//div[contains(@class, 'col-md-9')]//input[@type='text' and contains(@class, 'form-control')]'.</msg>
<arg>${CG_INPUT_NOME}</arg>
<arg>${nome}</arg>
<doc>Types the given ``text`` into the text field identified by ``locator``.</doc>
<status status="PASS" start="2025-01-22T16:31:54.749175" elapsed="0.119583"/>
</kw>
<kw name="Input Text" owner="SeleniumLibrary">
<msg time="2025-01-22T16:31:54.869756" level="INFO">Typing text '11999999999' into text field 'xpath=//input[contains(@type,'tel')]'.</msg>
<arg>${CG_INPUT_TEL}</arg>
<arg>${tel}</arg>
<doc>Types the given ``text`` into the text field identified by ``locator``.</doc>
<status status="PASS" start="2025-01-22T16:31:54.868758" elapsed="0.139313"/>
</kw>
<kw name="Wait Until Element Is Visible" owner="SeleniumLibrary">
<arg>${UPLOAD_PICTURE}</arg>
<arg>timeout=10s</arg>
<doc>Waits until the element ``locator`` is visible.</doc>
<status status="PASS" start="2025-01-22T16:31:55.008071" elapsed="0.017869"/>
</kw>
<kw name="Click Element" owner="SeleniumLibrary">
<msg time="2025-01-22T16:31:55.025940" level="INFO">Clicking element 'xpath=//span[@class='add-image-button']'.</msg>
<arg>${UPLOAD_PICTURE}</arg>
<doc>Click the element identified by ``locator``.</doc>
<status status="PASS" start="2025-01-22T16:31:55.025940" elapsed="0.052482"/>
</kw>
<kw name="Choose File" owner="SeleniumLibrary">
<msg time="2025-01-22T16:31:55.079419" level="INFO">Sending C:\Users\Sistemas\Pictures\imagem-de-perfil-teste.jpg to browser.</msg>
<arg>${CG_ESCOLHERPHOTO}</arg>
<arg>${PHOTO}</arg>
<doc>Inputs the ``file_path`` into the file input field ``locator``.</doc>
<status status="PASS" start="2025-01-22T16:31:55.078422" elapsed="0.035976"/>
</kw>
<kw name="Execute Javascript" owner="SeleniumLibrary">
<msg time="2025-01-22T16:31:55.115348" level="INFO">Executing JavaScript:
window.focus()
Without any arguments.</msg>
<arg>window.focus()</arg>
<doc>Executes the given JavaScript code with possible arguments.</doc>
<status status="PASS" start="2025-01-22T16:31:55.115348" elapsed="0.009029"/>
</kw>
<kw name="Execute Javascript" owner="SeleniumLibrary">
<msg time="2025-01-22T16:31:55.125352" level="INFO">Executing JavaScript:
window.scrollBy(0, 500)
Without any arguments.</msg>
<arg>window.scrollBy(0, 500)</arg>
<doc>Executes the given JavaScript code with possible arguments.</doc>
<status status="PASS" start="2025-01-22T16:31:55.125352" elapsed="0.008947"/>
</kw>
<kw name="Input Text" owner="SeleniumLibrary">
<msg time="2025-01-22T16:31:55.134299" level="INFO">Typing text '11111-111' into text field 'xpath=//label[text()='CEP:']/following-sibling::input'.</msg>
<arg>${CG_INPUT_CEP}</arg>
<arg>${cep}</arg>
<doc>Types the given ``text`` into the text field identified by ``locator``.</doc>
<status status="PASS" start="2025-01-22T16:31:55.134299" elapsed="0.265411"/>
</kw>
<kw name="Input Text" owner="SeleniumLibrary">
<msg time="2025-01-22T16:31:55.401260" level="INFO">Typing text '2' into text field 'xpath=//label[text()='Número da residência:']/following-sibling::input'.</msg>
<arg>${CG_INPUT_NUM}</arg>
<arg>${num}</arg>
<doc>Types the given ``text`` into the text field identified by ``locator``.</doc>
<status status="PASS" start="2025-01-22T16:31:55.400714" elapsed="0.144607"/>
</kw>
<kw name="Execute Javascript" owner="SeleniumLibrary">
<msg time="2025-01-22T16:31:55.545321" level="INFO">Executing JavaScript:
window.scrollBy(0, 500)
Without any arguments.</msg>
<arg>window.scrollBy(0, 500)</arg>
<doc>Executes the given JavaScript code with possible arguments.</doc>
<status status="PASS" start="2025-01-22T16:31:55.545321" elapsed="0.004985"/>
</kw>
<kw name="Input Text" owner="SeleniumLibrary">
<msg time="2025-01-22T16:31:55.551303" level="INFO">Typing text 'testando' into text field 'xpath=//label[text()='Endereço:']/following-sibling::input'.</msg>
<arg>${CG_INPUT_END}</arg>
<arg>${end}</arg>
<doc>Types the given ``text`` into the text field identified by ``locator``.</doc>
<status status="PASS" start="2025-01-22T16:31:55.550306" elapsed="0.197248"/>
</kw>
<kw name="Input Text" owner="SeleniumLibrary">
<msg time="2025-01-22T16:31:55.747554" level="INFO">Typing text 'na' into text field 'xpath=//label[text()='Complemento:']/following-sibling::input'.</msg>
<arg>${CG_INPUT_COMP}</arg>
<arg>${comp}</arg>
<doc>Types the given ``text`` into the text field identified by ``locator``.</doc>
<status status="PASS" start="2025-01-22T16:31:55.747554" elapsed="0.169908"/>
</kw>
<kw name="Execute Javascript" owner="SeleniumLibrary">
<msg time="2025-01-22T16:31:55.917462" level="INFO">Executing JavaScript:
window.scrollBy(0, 500)
Without any arguments.</msg>
<arg>window.scrollBy(0, 500)</arg>
<doc>Executes the given JavaScript code with possible arguments.</doc>
<status status="PASS" start="2025-01-22T16:31:55.917462" elapsed="0.020945"/>
</kw>
<kw name="Wait Until Element Is Visible" owner="SeleniumLibrary">
<arg>${CG_SELECT_PAIS}</arg>
<arg>timeout=5s</arg>
<doc>Waits until the element ``locator`` is visible.</doc>
<status status="PASS" start="2025-01-22T16:31:55.939414" elapsed="0.058752"/>
</kw>
<kw name="Click Element" owner="SeleniumLibrary">
<msg time="2025-01-22T16:31:55.998166" level="INFO">Clicking element 'xpath=//select[@class='form-control']'.</msg>
<arg>${CG_SELECT_PAIS}</arg>
<doc>Click the element identified by ``locator``.</doc>
<status status="PASS" start="2025-01-22T16:31:55.998166" elapsed="0.126572"/>
</kw>
<kw name="Select From List By Label" owner="SeleniumLibrary">
<msg time="2025-01-22T16:31:56.125737" level="INFO">Selecting options from selection list 'xpath=//select[@class='form-control']' by label Brasil.</msg>
<arg>${CG_SELECT_PAIS}</arg>
<arg>${país}</arg>
<doc>Selects options from selection list ``locator`` by ``labels``.</doc>
<status status="PASS" start="2025-01-22T16:31:56.124738" elapsed="0.088766"/>
</kw>
<kw name="Press Key" owner="SeleniumLibrary">
<arg>${CG_SELECT_PAIS}</arg>
<arg>${país}</arg>
<doc>Simulates user pressing key on element identified by ``locator``.</doc>
<status status="PASS" start="2025-01-22T16:31:56.213504" elapsed="0.051859"/>
</kw>
<kw name="Set Variable" owner="BuiltIn">
<msg time="2025-01-22T16:31:56.266362" level="INFO">${xpath_genero} = //label[contains(.,'Feminino')]</msg>
<var>${xpath_genero}</var>
<arg>//label[contains(.,'${genero}')]</arg>
<doc>Returns the given values which can then be assigned to a variables.</doc>
<status status="PASS" start="2025-01-22T16:31:56.265363" elapsed="0.000999"/>
</kw>
<kw name="Wait Until Element Is Visible" owner="SeleniumLibrary">
<arg>${xpath_genero}</arg>
<arg>timeout=5s</arg>
<doc>Waits until the element ``locator`` is visible.</doc>
<status status="PASS" start="2025-01-22T16:31:56.266362" elapsed="0.017949"/>
</kw>
<kw name="Scroll Element Into View" owner="SeleniumLibrary">
<arg>${xpath_genero}</arg>
<doc>Scrolls the element identified by ``locator`` into view.</doc>
<status status="PASS" start="2025-01-22T16:31:56.284311" elapsed="0.275277"/>
</kw>
<kw name="Click Element" owner="SeleniumLibrary">
<msg time="2025-01-22T16:31:56.560584" level="INFO">Clicking element '//label[contains(.,'Feminino')]'.</msg>
<arg>${xpath_genero}</arg>
<doc>Click the element identified by ``locator``.</doc>
<status status="PASS" start="2025-01-22T16:31:56.559588" elapsed="0.120459"/>
</kw>
<kw name="Execute Javascript" owner="SeleniumLibrary">
<msg time="2025-01-22T16:31:56.680047" level="INFO">Executing JavaScript:
window.scrollBy(0, 200)
Without any arguments.</msg>
<arg>window.scrollBy(0, 200)</arg>
<doc>Executes the given JavaScript code with possible arguments.</doc>
<status status="PASS" start="2025-01-22T16:31:56.680047" elapsed="0.008529"/>
</kw>
<kw name="Sleep" owner="BuiltIn">
<msg time="2025-01-22T16:31:58.690974" level="INFO">Slept 2 seconds.</msg>
<arg>2s</arg>
<doc>Pauses the test executed for the given time.</doc>
<status status="PASS" start="2025-01-22T16:31:56.690164" elapsed="2.000810"/>
</kw>
<kw name="Set Variable" owner="BuiltIn">
<msg time="2025-01-22T16:31:58.693024" level="INFO">${xpath_ferramenta} = //input[contains(@value,'robot')]</msg>
<var>${xpath_ferramenta}</var>
<arg>//input[contains(@value,'${ferramenta}')]</arg>
<doc>Returns the given values which can then be assigned to a variables.</doc>
<status status="PASS" start="2025-01-22T16:31:58.692029" elapsed="0.000995"/>
</kw>
<kw name="Wait Until Element Is Visible" owner="SeleniumLibrary">
<arg>${xpath_ferramenta}</arg>
<arg>timeout=5s</arg>
<doc>Waits until the element ``locator`` is visible.</doc>
<status status="PASS" start="2025-01-22T16:31:58.694024" elapsed="0.043830"/>
</kw>
<kw name="Scroll Element Into View" owner="SeleniumLibrary">
<arg>${xpath_ferramenta}</arg>
<doc>Scrolls the element identified by ``locator`` into view.</doc>
<status status="PASS" start="2025-01-22T16:31:58.737854" elapsed="0.280175"/>
</kw>
<kw name="Click Element" owner="SeleniumLibrary">
<msg time="2025-01-22T16:31:59.019765" level="INFO">Clicking element '//input[contains(@value,'robot')]'.</msg>
<arg>${xpath_ferramenta}</arg>
<doc>Click the element identified by ``locator``.</doc>
<status status="PASS" start="2025-01-22T16:31:59.019154" elapsed="0.059715"/>
</kw>
<arg>Test</arg>
<arg>11999999999</arg>
<arg>${PHOTO}</arg>
<arg>11111-111</arg>
<arg>2</arg>
<arg>testando</arg>
<arg>na</arg>
<arg>Brasil</arg>
<arg>Feminino</arg>
<arg>robot</arg>
<status status="PASS" start="2025-01-22T16:31:54.748178" elapsed="4.330691"/>
</kw>
<kw name="Mas com email em formato inválido" owner="GerenciarCliente">
<kw name="Input Text" owner="SeleniumLibrary">
<msg time="2025-01-22T16:31:59.080864" level="INFO">Typing text 'test@a' into text field 'xpath=//input[contains(@type,'email')]'.</msg>
<arg>${CG_INPUT_EMAIL}</arg>
<arg>${email}</arg>
<doc>Types the given ``text`` into the text field identified by ``locator``.</doc>
<status status="PASS" start="2025-01-22T16:31:59.079865" elapsed="0.098084"/>
</kw>
<arg>test@a</arg>
<status status="PASS" start="2025-01-22T16:31:59.079865" elapsed="0.098084"/>
</kw>
<kw name="E clico em salvar" owner="GerenciarCliente">
<kw name="Wait Until Element Is Visible" owner="SeleniumLibrary">
<arg>${CG_BTN_SALVAR}</arg>
<arg>timeout=5s</arg>
<doc>Waits until the element ``locator`` is visible.</doc>
<status status="PASS" start="2025-01-22T16:31:59.179944" elapsed="0.027925"/>
</kw>
<kw name="Click Element" owner="SeleniumLibrary">
<msg time="2025-01-22T16:31:59.208866" level="INFO">Clicking element 'xpath=//button[@type='submit']'.</msg>
<arg>${CG_BTN_SALVAR}</arg>
<doc>Click the element identified by ``locator``.</doc>
<status status="PASS" start="2025-01-22T16:31:59.207869" elapsed="0.092751"/>
</kw>
<status status="PASS" start="2025-01-22T16:31:59.178947" elapsed="0.121673"/>
</kw>
<kw name="Então cliente cadastrado e exibido na lista de clientes" owner="GerenciarCliente">
<kw name="Set Variable" owner="BuiltIn">
<msg time="2025-01-22T16:31:59.304613" level="INFO">${xpath_email} = //td[contains(.,'test@a')]</msg>
<var>${xpath_email}</var>
<arg>//td[contains(.,'${email}')]</arg>
<doc>Returns the given values which can then be assigned to a variables.</doc>
<status status="PASS" start="2025-01-22T16:31:59.302616" elapsed="0.001997"/>
</kw>
<kw name="Take Screenshot" owner="Base">
<kw name="Capture Page Screenshot" owner="SeleniumLibrary">
<msg time="2025-01-22T16:31:59.578092" level="INFO" html="true">&lt;/td&gt;&lt;/tr&gt;&lt;tr&gt;&lt;td colspan="3"&gt;&lt;a href="screenshots/evidenciaCT005.png"&gt;&lt;img src="screenshots/evidenciaCT005.png" width="800px"&gt;&lt;/a&gt;</msg>
<arg>${file_name}</arg>
<doc>Takes a screenshot of the current page and embeds it into a log file.</doc>
<status status="PASS" start="2025-01-22T16:31:59.306066" elapsed="0.273023"/>
</kw>
<arg>${file_path}evidenciaCT005.png</arg>
<status status="PASS" start="2025-01-22T16:31:59.304613" elapsed="0.274476"/>
</kw>
<arg>test@a</arg>
<status status="PASS" start="2025-01-22T16:31:59.301705" elapsed="0.277384"/>
</kw>
<status status="PASS" start="2025-01-22T16:31:49.785503" elapsed="9.793586"/>
</test>
<test id="s1-s2-t5" name="CT009— Validar preenchimento de campos obrigatórios na aba Perfil" line="48">
<kw name="Dado que esteja em Gestão de Clientes" owner="GerenciarCliente">
<kw name="que esteja na home page" owner="Base">
<kw name="Open Browser" owner="SeleniumLibrary">
<msg time="2025-01-22T16:31:59.581083" level="INFO">Opening browser 'Chrome' to base url 'https://challenge.primecontrol.com.br/'.</msg>
<arg>${URL}</arg>
<arg>${BROWSER}</arg>
<doc>Opens a new browser instance to the optional ``url``.</doc>
<status status="PASS" start="2025-01-22T16:31:59.581083" elapsed="2.994750"/>
</kw>
<kw name="Maximize Browser Window" owner="SeleniumLibrary">
<doc>Maximizes current browser window.</doc>
<status status="PASS" start="2025-01-22T16:32:02.575833" elapsed="0.063830"/>
</kw>
<kw name="Wait Until Element Is Visible" owner="SeleniumLibrary">
<arg>${HOME}</arg>
<doc>Waits until the element ``locator`` is visible.</doc>
<status status="PASS" start="2025-01-22T16:32:02.639663" elapsed="0.111763"/>
</kw>
<status status="PASS" start="2025-01-22T16:31:59.580086" elapsed="3.172338"/>
</kw>
<kw name="clico no botão fazer login" owner="Login">
<kw name="Wait Until Element Is Visible" owner="SeleniumLibrary">
<arg>${HOME_BTN_LOGIN}</arg>
<arg>timeout=5s</arg>
<doc>Waits until the element ``locator`` is visible.</doc>
<status status="PASS" start="2025-01-22T16:32:02.753433" elapsed="0.028909"/>
</kw>
<kw name="Click Element" owner="SeleniumLibrary">
<msg time="2025-01-22T16:32:02.782566" level="INFO">Clicking element 'xpath=//a[contains(.,'Fazer Login')]'.</msg>
<arg>${HOME_BTN_LOGIN}</arg>
<doc>Click the element identified by ``locator``.</doc>
<status status="PASS" start="2025-01-22T16:32:02.782566" elapsed="0.517695"/>
</kw>
<status status="PASS" start="2025-01-22T16:32:02.752424" elapsed="0.547837"/>
</kw>
<kw name="insiro dados já cadastrado" owner="Login">
<kw name="Input Text" owner="SeleniumLibrary">
<msg time="2025-01-22T16:32:03.303252" level="INFO">Typing text 'ana1a.bsi@outlook.com' into text field 'id=floatingInput'.</msg>
<arg>${HOME_INPUT_EMAIL}</arg>
<arg>${HOME_EMAIL_CADASTRADO}</arg>
<doc>Types the given ``text`` into the text field identified by ``locator``.</doc>
<status status="PASS" start="2025-01-22T16:32:03.302536" elapsed="0.164289"/>
</kw>
<kw name="Input Text" owner="SeleniumLibrary">
<msg time="2025-01-22T16:32:03.468569" level="INFO">Typing text '123456' into text field 'id=floatingPassword'.</msg>
<arg>${HOME_INPUT_PASSWORD}</arg>
<arg>${HOME_SENHA_CADASTRO}</arg>
<doc>Types the given ``text`` into the text field identified by ``locator``.</doc>
<status status="PASS" start="2025-01-22T16:32:03.467811" elapsed="0.131731"/>
</kw>
<kw name="Click Button" owner="SeleniumLibrary">
<msg time="2025-01-22T16:32:03.600541" level="INFO">Clicking button 'xpath=//button[@type='button']'.</msg>
<arg>${LOGIN_BTN_ACESSAR}</arg>
<doc>Clicks the button identified by ``locator``.</doc>
<status status="PASS" start="2025-01-22T16:32:03.599542" elapsed="0.106731"/>
</kw>
<status status="PASS" start="2025-01-22T16:32:03.301256" elapsed="0.406012"/>
</kw>
<kw name="sou direcionado para Gestão de Clientes" owner="Login">
<kw name="Wait Until Element Is Visible" owner="SeleniumLibrary">
<arg>${PAGE_GCLIENTE}</arg>
<arg>timeout=5s</arg>
<doc>Waits until the element ``locator`` is visible.</doc>
<status status="PASS" start="2025-01-22T16:32:03.707268" elapsed="1.346110"/>
</kw>
<kw name="Take Screenshot" owner="Base">
<kw name="Capture Page Screenshot" owner="SeleniumLibrary">
<msg time="2025-01-22T16:32:05.190820" level="INFO" html="true">&lt;/td&gt;&lt;/tr&gt;&lt;tr&gt;&lt;td colspan="3"&gt;&lt;a href="screenshots/evidenciaCT003.png"&gt;&lt;img src="screenshots/evidenciaCT003.png" width="800px"&gt;&lt;/a&gt;</msg>
<arg>${file_name}</arg>
<doc>Takes a screenshot of the current page and embeds it into a log file.</doc>
<status status="PASS" start="2025-01-22T16:32:05.054411" elapsed="0.136409"/>
</kw>
<arg>${file_path}evidenciaCT003.png</arg>
<status status="PASS" start="2025-01-22T16:32:05.053378" elapsed="0.137442"/>
</kw>
<status status="PASS" start="2025-01-22T16:32:03.707268" elapsed="1.483552"/>
</kw>
<status status="PASS" start="2025-01-22T16:31:59.580086" elapsed="5.610734"/>
</kw>
<kw name="E clico na aba Cadastrar Cliente" owner="GerenciarCliente">
<kw name="Wait Until Element Is Visible" owner="SeleniumLibrary">
<arg>${GC_ABA_CADASTRARCLIENTE}</arg>
<arg>timeout=5s</arg>
<doc>Waits until the element ``locator`` is visible.</doc>
<status status="PASS" start="2025-01-22T16:32:05.191818" elapsed="0.024932"/>
</kw>
<kw name="Click Element" owner="SeleniumLibrary">
<msg time="2025-01-22T16:32:05.217748" level="INFO">Clicking element 'xpath=//a[contains(.,'Cadastrar Cliente')]'.</msg>
<arg>${GC_ABA_CADASTRARCLIENTE}</arg>
<doc>Click the element identified by ``locator``.</doc>
<status status="PASS" start="2025-01-22T16:32:05.216750" elapsed="0.070958"/>
</kw>
<status status="PASS" start="2025-01-22T16:32:05.191818" elapsed="0.096886"/>
</kw>
<kw name="Quando efetuo cadastro com campos de nome em branco" owner="GerenciarCliente">
<kw name="Input Text" owner="SeleniumLibrary">
<msg time="2025-01-22T16:32:05.289701" level="INFO">Typing text '11999999999' into text field 'xpath=//input[contains(@type,'tel')]'.</msg>
<arg>${CG_INPUT_TEL}</arg>
<arg>${tel}</arg>
<doc>Types the given ``text`` into the text field identified by ``locator``.</doc>
<status status="PASS" start="2025-01-22T16:32:05.289701" elapsed="0.110295"/>
</kw>
<kw name="Input Text" owner="SeleniumLibrary">
<msg time="2025-01-22T16:32:05.401209" level="INFO">Typing text 'email@email.com' into text field 'xpath=//input[contains(@type,'email')]'.</msg>
<arg>${CG_INPUT_EMAIL}</arg>
<arg>${email}</arg>
<doc>Types the given ``text`` into the text field identified by ``locator``.</doc>
<status status="PASS" start="2025-01-22T16:32:05.399996" elapsed="0.109923"/>
</kw>
<kw name="Wait Until Element Is Visible" owner="SeleniumLibrary">
<arg>${UPLOAD_PICTURE}</arg>
<arg>timeout=10s</arg>
<doc>Waits until the element ``locator`` is visible.</doc>
<status status="PASS" start="2025-01-22T16:32:05.509919" elapsed="0.019950"/>
</kw>
<kw name="Click Element" owner="SeleniumLibrary">
<msg time="2025-01-22T16:32:05.530863" level="INFO">Clicking element 'xpath=//span[@class='add-image-button']'.</msg>
<arg>${UPLOAD_PICTURE}</arg>
<doc>Click the element identified by ``locator``.</doc>
<status status="PASS" start="2025-01-22T16:32:05.529869" elapsed="0.062835"/>
</kw>
<kw name="Choose File" owner="SeleniumLibrary">
<msg time="2025-01-22T16:32:05.592704" level="INFO">Sending C:\Users\Sistemas\Pictures\imagem-de-perfil-teste.jpg to browser.</msg>
<arg>${CG_ESCOLHERPHOTO}</arg>
<arg>${PHOTO}</arg>
<doc>Inputs the ``file_path`` into the file input field ``locator``.</doc>
<status status="PASS" start="2025-01-22T16:32:05.592704" elapsed="0.073801"/>
</kw>
<kw name="Execute Javascript" owner="SeleniumLibrary">
<msg time="2025-01-22T16:32:05.668501" level="INFO">Executing JavaScript:
window.focus()
Without any arguments.</msg>
<arg>window.focus()</arg>
<doc>Executes the given JavaScript code with possible arguments.</doc>
<status status="PASS" start="2025-01-22T16:32:05.667631" elapsed="0.010838"/>
</kw>
<kw name="Execute Javascript" owner="SeleniumLibrary">
<msg time="2025-01-22T16:32:05.679918" level="INFO">Executing JavaScript:
window.scrollBy(0, 500)
Without any arguments.</msg>
<arg>window.scrollBy(0, 500)</arg>
<doc>Executes the given JavaScript code with possible arguments.</doc>
<status status="PASS" start="2025-01-22T16:32:05.679479" elapsed="0.007966"/>
</kw>
<kw name="Input Text" owner="SeleniumLibrary">
<msg time="2025-01-22T16:32:05.688442" level="INFO">Typing text '11111-111' into text field 'xpath=//label[text()='CEP:']/following-sibling::input'.</msg>
<arg>${CG_INPUT_CEP}</arg>
<arg>${cep}</arg>
<doc>Types the given ``text`` into the text field identified by ``locator``.</doc>
<status status="PASS" start="2025-01-22T16:32:05.688442" elapsed="0.349755"/>
</kw>
<kw name="Input Text" owner="SeleniumLibrary">
<msg time="2025-01-22T16:32:06.038557" level="INFO">Typing text '2' into text field 'xpath=//label[text()='Número da residência:']/following-sibling::input'.</msg>
<arg>${CG_INPUT_NUM}</arg>
<arg>${num}</arg>
<doc>Types the given ``text`` into the text field identified by ``locator``.</doc>
<status status="PASS" start="2025-01-22T16:32:06.038557" elapsed="0.138994"/>
</kw>
<kw name="Execute Javascript" owner="SeleniumLibrary">
<msg time="2025-01-22T16:32:06.178589" level="INFO">Executing JavaScript:
window.scrollBy(0, 500)
Without any arguments.</msg>
<arg>window.scrollBy(0, 500)</arg>
<doc>Executes the given JavaScript code with possible arguments.</doc>
<status status="PASS" start="2025-01-22T16:32:06.177551" elapsed="0.004608"/>
</kw>
<kw name="Input Text" owner="SeleniumLibrary">
<msg time="2025-01-22T16:32:06.183157" level="INFO">Typing text 'testando' into text field 'xpath=//label[text()='Endereço:']/following-sibling::input'.</msg>
<arg>${CG_INPUT_END}</arg>
<arg>${end}</arg>
<doc>Types the given ``text`` into the text field identified by ``locator``.</doc>
<status status="PASS" start="2025-01-22T16:32:06.182159" elapsed="0.182414"/>
</kw>
<kw name="Input Text" owner="SeleniumLibrary">
<msg time="2025-01-22T16:32:06.364573" level="INFO">Typing text 'na' into text field 'xpath=//label[text()='Complemento:']/following-sibling::input'.</msg>
<arg>${CG_INPUT_COMP}</arg>
<arg>${comp}</arg>
<doc>Types the given ``text`` into the text field identified by ``locator``.</doc>
<status status="PASS" start="2025-01-22T16:32:06.364573" elapsed="0.182411"/>
</kw>
<kw name="Execute Javascript" owner="SeleniumLibrary">
<msg time="2025-01-22T16:32:06.547986" level="INFO">Executing JavaScript:
window.scrollBy(0, 500)
Without any arguments.</msg>
<arg>window.scrollBy(0, 500)</arg>
<doc>Executes the given JavaScript code with possible arguments.</doc>
<status status="PASS" start="2025-01-22T16:32:06.546984" elapsed="0.015949"/>
</kw>
<kw name="Wait Until Element Is Visible" owner="SeleniumLibrary">
<arg>${CG_SELECT_PAIS}</arg>
<arg>timeout=5s</arg>
<doc>Waits until the element ``locator`` is visible.</doc>
<status status="PASS" start="2025-01-22T16:32:06.563930" elapsed="0.074800"/>
</kw>
<kw name="Click Element" owner="SeleniumLibrary">
<msg time="2025-01-22T16:32:06.639728" level="INFO">Clicking element 'xpath=//select[@class='form-control']'.</msg>
<arg>${CG_SELECT_PAIS}</arg>
<doc>Click the element identified by ``locator``.</doc>
<status status="PASS" start="2025-01-22T16:32:06.639728" elapsed="0.150789"/>
</kw>
<kw name="Select From List By Label" owner="SeleniumLibrary">
<msg time="2025-01-22T16:32:06.790517" level="INFO">Selecting options from selection list 'xpath=//select[@class='form-control']' by label Brasil.</msg>
<arg>${CG_SELECT_PAIS}</arg>
<arg>${país}</arg>
<doc>Selects options from selection list ``locator`` by ``labels``.</doc>
<status status="PASS" start="2025-01-22T16:32:06.790517" elapsed="0.083375"/>
</kw>
<kw name="Press Key" owner="SeleniumLibrary">
<arg>${CG_SELECT_PAIS}</arg>
<arg>${país}</arg>
<doc>Simulates user pressing key on element identified by ``locator``.</doc>
<status status="PASS" start="2025-01-22T16:32:06.873892" elapsed="0.054853"/>
</kw>
<kw name="Set Variable" owner="BuiltIn">
<msg time="2025-01-22T16:32:06.928745" level="INFO">${xpath_genero} = //label[contains(.,'Feminino')]</msg>
<var>${xpath_genero}</var>
<arg>//label[contains(.,'${genero}')]</arg>
<doc>Returns the given values which can then be assigned to a variables.</doc>
<status status="PASS" start="2025-01-22T16:32:06.928745" elapsed="0.000000"/>
</kw>
<kw name="Wait Until Element Is Visible" owner="SeleniumLibrary">
<arg>${xpath_genero}</arg>
<arg>timeout=5s</arg>
<doc>Waits until the element ``locator`` is visible.</doc>
<status status="PASS" start="2025-01-22T16:32:06.928745" elapsed="0.017952"/>
</kw>
<kw name="Scroll Element Into View" owner="SeleniumLibrary">
<arg>${xpath_genero}</arg>
<doc>Scrolls the element identified by ``locator`` into view.</doc>
<status status="PASS" start="2025-01-22T16:32:06.946697" elapsed="0.277022"/>
</kw>
[...]
<arg>${HOME_INPUT_PASSWORD}</arg>
<arg>${HOME_SENHA_CADASTRO}</arg>
<doc>Types the given ``text`` into the text field identified by ``locator``.</doc>
<status status="PASS" start="2025-01-22T16:32:26.519997" elapsed="0.071784"/>
</kw>
<kw name="Click Button" owner="SeleniumLibrary">
<msg time="2025-01-22T16:32:26.592778" level="INFO">Clicking button 'xpath=//button[@type='button']'.</msg>
<arg>${HOME_BTN_CRIARCONTA}</arg>
<doc>Clicks the button identified by ``locator``.</doc>
<status status="PASS" start="2025-01-22T16:32:26.591781" elapsed="0.075797"/>
</kw>
<status status="PASS" start="2025-01-22T16:32:26.386642" elapsed="0.280936"/>
</kw>
<kw name="Então sistema retorna mensagem “Esse email já está em uso por outra conta”" owner="Home">
<kw name="Wait Until Element Is Visible" owner="SeleniumLibrary">
<arg>${HOME_ALERT_JACADASTRADO}</arg>
<arg>timeout=5s</arg>
<doc>Waits until the element ``locator`` is visible.</doc>
<status status="PASS" start="2025-01-22T16:32:26.668575" elapsed="0.925861"/>
</kw>
<kw name="Take Screenshot" owner="Base">
<kw name="Capture Page Screenshot" owner="SeleniumLibrary">
<msg time="2025-01-22T16:32:27.775586" level="INFO" html="true">&lt;/td&gt;&lt;/tr&gt;&lt;tr&gt;&lt;td colspan="3"&gt;&lt;a href="screenshots/evidenciaCT002.png"&gt;&lt;img src="screenshots/evidenciaCT002.png" width="800px"&gt;&lt;/a&gt;</msg>
<arg>${file_name}</arg>
<doc>Takes a screenshot of the current page and embeds it into a log file.</doc>
<status status="PASS" start="2025-01-22T16:32:27.595473" elapsed="0.180113"/>
</kw>
<arg>${file_path}evidenciaCT002.png</arg>
<status status="PASS" start="2025-01-22T16:32:27.595473" elapsed="0.180113"/>
</kw>
<status status="PASS" start="2025-01-22T16:32:26.667578" elapsed="1.108008"/>
</kw>
<status status="PASS" start="2025-01-22T16:32:23.597174" elapsed="4.178412"/>
</test>
<status status="FAIL" start="2025-01-22T16:32:10.066299" elapsed="17.710276"/>
</suite>
<suite id="s1-s4" name="Login PO Test" source="C:\Users\Sistemas\.vscode\Desafio_Robot_Susana_Bergamo\testes\Login_PO_Test.robot">
<test id="s1-s4-t1" name="CT003 — Realizar Login com sucesso" line="12">
<kw name="Dado que esteja na home page" owner="Base">
<kw name="Open Browser" owner="SeleniumLibrary">
<msg time="2025-01-22T16:32:27.784072" level="INFO">Opening browser 'Chrome' to base url 'https://challenge.primecontrol.com.br/'.</msg>
<arg>${URL}</arg>
<arg>${BROWSER}</arg>
<doc>Opens a new browser instance to the optional ``url``.</doc>
<status status="PASS" start="2025-01-22T16:32:27.784072" elapsed="2.481244"/>
</kw>
<kw name="Maximize Browser Window" owner="SeleniumLibrary">
<doc>Maximizes current browser window.</doc>
<status status="PASS" start="2025-01-22T16:32:30.265316" elapsed="0.058033"/>
</kw>
<kw name="Wait Until Element Is Visible" owner="SeleniumLibrary">
<arg>${HOME}</arg>
<doc>Waits until the element ``locator`` is visible.</doc>
<status status="PASS" start="2025-01-22T16:32:30.324347" elapsed="0.084292"/>
</kw>
<status status="PASS" start="2025-01-22T16:32:27.783041" elapsed="2.625598"/>
</kw>
<kw name="E clico no botão fazer login" owner="Login">
<kw name="Wait Until Element Is Visible" owner="SeleniumLibrary">
<arg>${HOME_BTN_LOGIN}</arg>
<arg>timeout=5s</arg>
<doc>Waits until the element ``locator`` is visible.</doc>
<status status="PASS" start="2025-01-22T16:32:30.410695" elapsed="0.033083"/>
</kw>
<kw name="Click Element" owner="SeleniumLibrary">
<msg time="2025-01-22T16:32:30.444821" level="INFO">Clicking element 'xpath=//a[contains(.,'Fazer Login')]'.</msg>
<arg>${HOME_BTN_LOGIN}</arg>
<doc>Click the element identified by ``locator``.</doc>
<status status="PASS" start="2025-01-22T16:32:30.443778" elapsed="0.672896"/>
</kw>
<status status="PASS" start="2025-01-22T16:32:30.409638" elapsed="0.708033"/>
</kw>
<kw name="Quando insiro dados já cadastrado" owner="Login">
<kw name="Input Text" owner="SeleniumLibrary">
<msg time="2025-01-22T16:32:31.117671" level="INFO">Typing text 'ana1a.bsi@outlook.com' into text field 'id=floatingInput'.</msg>
<arg>${HOME_INPUT_EMAIL}</arg>
<arg>${HOME_EMAIL_CADASTRADO}</arg>
<doc>Types the given ``text`` into the text field identified by ``locator``.</doc>
<status status="PASS" start="2025-01-22T16:32:31.117671" elapsed="0.165074"/>
</kw>
<kw name="Input Text" owner="SeleniumLibrary">
<msg time="2025-01-22T16:32:31.282745" level="INFO">Typing text '123456' into text field 'id=floatingPassword'.</msg>
<arg>${HOME_INPUT_PASSWORD}</arg>
<arg>${HOME_SENHA_CADASTRO}</arg>
<doc>Types the given ``text`` into the text field identified by ``locator``.</doc>
<status status="PASS" start="2025-01-22T16:32:31.282745" elapsed="0.088763"/>
</kw>
<kw name="Click Button" owner="SeleniumLibrary">
<msg time="2025-01-22T16:32:31.372506" level="INFO">Clicking button 'xpath=//button[@type='button']'.</msg>
<arg>${LOGIN_BTN_ACESSAR}</arg>
<doc>Clicks the button identified by ``locator``.</doc>
<status status="PASS" start="2025-01-22T16:32:31.372506" elapsed="0.093941"/>
</kw>
<status status="PASS" start="2025-01-22T16:32:31.117671" elapsed="0.349765"/>
</kw>
<kw name="Então sou direcionado para Gestão de Clientes" owner="Login">
<kw name="Wait Until Element Is Visible" owner="SeleniumLibrary">
<arg>${PAGE_GCLIENTE}</arg>
<arg>timeout=5s</arg>
<doc>Waits until the element ``locator`` is visible.</doc>
<status status="PASS" start="2025-01-22T16:32:31.467436" elapsed="1.141480"/>
</kw>
<kw name="Take Screenshot" owner="Base">
<kw name="Capture Page Screenshot" owner="SeleniumLibrary">
<msg time="2025-01-22T16:32:32.798626" level="INFO" html="true">&lt;/td&gt;&lt;/tr&gt;&lt;tr&gt;&lt;td colspan="3"&gt;&lt;a href="screenshots/evidenciaCT003.png"&gt;&lt;img src="screenshots/evidenciaCT003.png" width="800px"&gt;&lt;/a&gt;</msg>
<arg>${file_name}</arg>
<doc>Takes a screenshot of the current page and embeds it into a log file.</doc>
<status status="PASS" start="2025-01-22T16:32:32.609912" elapsed="0.188714"/>
</kw>
<arg>${file_path}evidenciaCT003.png</arg>
<status status="PASS" start="2025-01-22T16:32:32.609912" elapsed="0.188714"/>
</kw>
<status status="PASS" start="2025-01-22T16:32:31.467436" elapsed="1.331190"/>
</kw>
<status status="PASS" start="2025-01-22T16:32:27.783041" elapsed="5.016587"/>
</test>
<test id="s1-s4-t2" name="CT004 — Validar Login com senha inválida" line="18">
<kw name="Dado que esteja na home page" owner="Base">
<kw name="Open Browser" owner="SeleniumLibrary">
<msg time="2025-01-22T16:32:32.800620" level="INFO">Opening browser 'Chrome' to base url 'https://challenge.primecontrol.com.br/'.</msg>
<arg>${URL}</arg>
<arg>${BROWSER}</arg>
<doc>Opens a new browser instance to the optional ``url``.</doc>
<status status="PASS" start="2025-01-22T16:32:32.800620" elapsed="2.369260"/>
</kw>
<kw name="Maximize Browser Window" owner="SeleniumLibrary">
<doc>Maximizes current browser window.</doc>
<status status="PASS" start="2025-01-22T16:32:35.170876" elapsed="0.062280"/>
</kw>
<kw name="Wait Until Element Is Visible" owner="SeleniumLibrary">
<arg>${HOME}</arg>
<doc>Waits until the element ``locator`` is visible.</doc>
<status status="PASS" start="2025-01-22T16:32:35.235145" elapsed="0.093768"/>
</kw>
<status status="PASS" start="2025-01-22T16:32:32.800620" elapsed="2.529284"/>
</kw>
<kw name="E clico no botão fazer login" owner="Login">
<kw name="Wait Until Element Is Visible" owner="SeleniumLibrary">
<arg>${HOME_BTN_LOGIN}</arg>
<arg>timeout=5s</arg>
<doc>Waits until the element ``locator`` is visible.</doc>
<status status="PASS" start="2025-01-22T16:32:35.331923" elapsed="0.036867"/>
</kw>
<kw name="Click Element" owner="SeleniumLibrary">
<msg time="2025-01-22T16:32:35.369789" level="INFO">Clicking element 'xpath=//a[contains(.,'Fazer Login')]'.</msg>
<arg>${HOME_BTN_LOGIN}</arg>
<doc>Click the element identified by ``locator``.</doc>
<status status="PASS" start="2025-01-22T16:32:35.369789" elapsed="0.416958"/>
</kw>
<status status="PASS" start="2025-01-22T16:32:35.330905" elapsed="0.456842"/>
</kw>
<kw name="Quando informo email já cadastrado" owner="Login">
<kw name="Input Text" owner="SeleniumLibrary">
<msg time="2025-01-22T16:32:35.790765" level="INFO">Typing text 'ana1a.bsi@outlook.com' into text field 'id=floatingInput'.</msg>
<arg>${HOME_INPUT_EMAIL}</arg>
<arg>${HOME_EMAIL_CADASTRADO}</arg>
<doc>Types the given ``text`` into the text field identified by ``locator``.</doc>
<status status="PASS" start="2025-01-22T16:32:35.789742" elapsed="0.164134"/>
</kw>
<status status="PASS" start="2025-01-22T16:32:35.788743" elapsed="0.165133"/>
</kw>
<kw name="Mas com senha inválida" owner="Login">
<kw name="Input Text" owner="SeleniumLibrary">
<msg time="2025-01-22T16:32:35.954870" level="INFO">Typing text '789456' into text field 'id=floatingPassword'.</msg>
<arg>${HOME_INPUT_PASSWORD}</arg>
<arg>${HOME_SENHA_INVALIDA}</arg>
<doc>Types the given ``text`` into the text field identified by ``locator``.</doc>
<status status="PASS" start="2025-01-22T16:32:35.954870" elapsed="0.074164"/>
</kw>
<status status="PASS" start="2025-01-22T16:32:35.954870" elapsed="0.074164"/>
</kw>
<kw name="E clico no botão acessar" owner="Login">
<kw name="Wait Until Element Is Visible" owner="SeleniumLibrary">
<arg>${LOGIN_BTN_ACESSAR}</arg>
<doc>Waits until the element ``locator`` is visible.</doc>
<status status="PASS" start="2025-01-22T16:32:36.030031" elapsed="0.015956"/>
</kw>
<kw name="Click Button" owner="SeleniumLibrary">
<msg time="2025-01-22T16:32:36.045987" level="INFO">Clicking button 'xpath=//button[@type='button']'.</msg>
<arg>${LOGIN_BTN_ACESSAR}</arg>
<doc>Clicks the button identified by ``locator``.</doc>
<status status="PASS" start="2025-01-22T16:32:36.045987" elapsed="0.076846"/>
</kw>
<status status="PASS" start="2025-01-22T16:32:36.030031" elapsed="0.092802"/>
</kw>
<kw name="Então sistema retorna mensagem “E-mail ou senha inválida.”" owner="Login">
<kw name="Wait Until Element Is Visible" owner="SeleniumLibrary">
<arg>${LOGIN_MSG_ERROR}</arg>
<arg>timeout=5s</arg>
<doc>Waits until the element ``locator`` is visible.</doc>
<status status="PASS" start="2025-01-22T16:32:36.123830" elapsed="0.665911"/>
</kw>
<kw name="Take Screenshot" owner="Base">
<kw name="Capture Page Screenshot" owner="SeleniumLibrary">
<msg time="2025-01-22T16:32:36.904573" level="INFO" html="true">&lt;/td&gt;&lt;/tr&gt;&lt;tr&gt;&lt;td colspan="3"&gt;&lt;a href="screenshots/evidenciaCT004.png"&gt;&lt;img src="screenshots/evidenciaCT004.png" width="800px"&gt;&lt;/a&gt;</msg>
<arg>${file_name}</arg>
<doc>Takes a screenshot of the current page and embeds it into a log file.</doc>
<status status="PASS" start="2025-01-22T16:32:36.789741" elapsed="0.115135"/>
</kw>
<arg>${file_path}evidenciaCT004.png</arg>
<status status="PASS" start="2025-01-22T16:32:36.789741" elapsed="0.115135"/>
</kw>
<status status="PASS" start="2025-01-22T16:32:36.123830" elapsed="0.781046"/>
</kw>
<status status="PASS" start="2025-01-22T16:32:32.799628" elapsed="4.105248"/>
</test>
<test id="s1-s4-t3" name="CT011— Recuperar senha de acesso" line="26">
<kw name="Dado que esteja na home page" owner="Base">
<kw name="Open Browser" owner="SeleniumLibrary">
<msg time="2025-01-22T16:32:36.907869" level="INFO">Opening browser 'Chrome' to base url 'https://challenge.primecontrol.com.br/'.</msg>
<arg>${URL}</arg>
<arg>${BROWSER}</arg>
<doc>Opens a new browser instance to the optional ``url``.</doc>
<status status="PASS" start="2025-01-22T16:32:36.907869" elapsed="2.543223"/>
</kw>
<kw name="Maximize Browser Window" owner="SeleniumLibrary">
<doc>Maximizes current browser window.</doc>
<status status="PASS" start="2025-01-22T16:32:39.452090" elapsed="0.119050"/>
</kw>
<kw name="Wait Until Element Is Visible" owner="SeleniumLibrary">
<arg>${HOME}</arg>
<doc>Waits until the element ``locator`` is visible.</doc>
<status status="PASS" start="2025-01-22T16:32:39.571140" elapsed="0.033907"/>
</kw>
<status status="PASS" start="2025-01-22T16:32:36.906871" elapsed="2.698176"/>
</kw>
<kw name="E clico no botão fazer login" owner="Login">
<kw name="Wait Until Element Is Visible" owner="SeleniumLibrary">
<arg>${HOME_BTN_LOGIN}</arg>
<arg>timeout=5s</arg>
<doc>Waits until the element ``locator`` is visible.</doc>
<status status="PASS" start="2025-01-22T16:32:39.606043" elapsed="0.034910"/>
</kw>
<kw name="Click Element" owner="SeleniumLibrary">
<msg time="2025-01-22T16:32:39.641950" level="INFO">Clicking element 'xpath=//a[contains(.,'Fazer Login')]'.</msg>
<arg>${HOME_BTN_LOGIN}</arg>
<doc>Click the element identified by ``locator``.</doc>
<status status="PASS" start="2025-01-22T16:32:39.640953" elapsed="0.411893"/>
</kw>
<status status="PASS" start="2025-01-22T16:32:39.605047" elapsed="0.447799"/>
</kw>
<kw name="E clico na opção Esqueci minha senha" owner="Login">
<kw name="Wait Until Element Is Visible" owner="SeleniumLibrary">
<arg>${LOGIN_RESERTSENHA}</arg>
<doc>Waits until the element ``locator`` is visible.</doc>
<status status="PASS" start="2025-01-22T16:32:40.054841" elapsed="0.039895"/>
</kw>
<kw name="Click Element" owner="SeleniumLibrary">
<msg time="2025-01-22T16:32:40.095732" level="INFO">Clicking element 'xpath=//a[contains(.,'Esqueci minha senha')]'.</msg>
<arg>${LOGIN_RESERTSENHA}</arg>
<doc>Click the element identified by ``locator``.</doc>
<status status="PASS" start="2025-01-22T16:32:40.095732" elapsed="0.120248"/>
</kw>
<status status="PASS" start="2025-01-22T16:32:40.053844" elapsed="0.162136"/>
</kw>
<kw name="Quando sou redirecionado para Recuperar Senha" owner="Login">
<kw name="Wait Until Element Is Visible" owner="SeleniumLibrary">
<arg>${PAGE_RESERTSENHA}</arg>
<doc>Waits until the element ``locator`` is visible.</doc>
<status status="PASS" start="2025-01-22T16:32:40.216980" elapsed="0.020942"/>
</kw>
<status status="PASS" start="2025-01-22T16:32:40.215980" elapsed="0.022939"/>
</kw>
<kw name="E insiro email para recuperação de senha" owner="Login">
<kw name="Input Text" owner="SeleniumLibrary">
<msg time="2025-01-22T16:32:40.241192" level="INFO">Typing text 'ana1a.bsi@outlook.com' into text field 'id=floatingInput'.</msg>
<arg>${LOGIN_INPUT_RESERTSENHA}</arg>
<arg>${HOME_EMAIL_CADASTRADO}</arg>
<doc>Types the given ``text`` into the text field identified by ``locator``.</doc>
<status status="PASS" start="2025-01-22T16:32:40.239926" elapsed="0.118778"/>
</kw>
<status status="PASS" start="2025-01-22T16:32:40.238919" elapsed="0.119785"/>
</kw>
<kw name="E clico no botão eniviar" owner="Login">
<kw name="Click Button" owner="SeleniumLibrary">
<msg time="2025-01-22T16:32:40.359698" level="INFO">Clicking button 'xpath=//button[contains(.,'Enviar')]'.</msg>
<arg>${LOGIN_BTN_ENVIORESERT}</arg>
<doc>Clicks the button identified by ``locator``.</doc>
<status status="PASS" start="2025-01-22T16:32:40.359698" elapsed="0.090530"/>
</kw>
<status status="PASS" start="2025-01-22T16:32:40.358704" elapsed="0.092556"/>
</kw>
<kw name="Então sistema retorna mensagem “Email enviado com sucesso”" owner="Login">
<kw name="Wait Until Element Is Visible" owner="SeleniumLibrary">
<arg>${LOGIN_MSG_RESERTSENHA}</arg>
<arg>timeout=5s</arg>
<doc>Waits until the element ``locator`` is visible.</doc>
<status status="PASS" start="2025-01-22T16:32:40.451260" elapsed="1.075343"/>
</kw>
<kw name="Take Screenshot" owner="Base">
<kw name="Capture Page Screenshot" owner="SeleniumLibrary">
<msg time="2025-01-22T16:32:41.651740" level="INFO" html="true">&lt;/td&gt;&lt;/tr&gt;&lt;tr&gt;&lt;td colspan="3"&gt;&lt;a href="screenshots/evidenciaCT011.png"&gt;&lt;img src="screenshots/evidenciaCT011.png" width="800px"&gt;&lt;/a&gt;</msg>
<arg>${file_name}</arg>
<doc>Takes a screenshot of the current page and embeds it into a log file.</doc>
<status status="PASS" start="2025-01-22T16:32:41.527525" elapsed="0.124215"/>
</kw>
<arg>${file_path}evidenciaCT011.png</arg>
<status status="PASS" start="2025-01-22T16:32:41.526603" elapsed="0.125137"/>
</kw>
<status status="PASS" start="2025-01-22T16:32:40.451260" elapsed="1.200480"/>
</kw>
<status status="PASS" start="2025-01-22T16:32:36.906871" elapsed="4.745866"/>
</test>
<status status="PASS" start="2025-01-22T16:32:27.778052" elapsed="13.874685"/>
</suite>
<status status="FAIL" start="2025-01-22T16:31:17.805312" elapsed="83.849420"/>
</suite>
<statistics>
<total>
<stat pass="10" fail="2" skip="0">All Tests</stat>
</total>
<tag>
</tag>
<suite>
<stat name="Testes" id="s1" pass="10" fail="2" skip="0">Testes</stat>
<stat name="Finalizar PO Test" id="s1-s1" pass="2" fail="0" skip="0">Testes.Finalizar PO Test</stat>
<stat name="GerenciarCliente PO Test" id="s1-s2" pass="4" fail="1" skip="0">Testes.GerenciarCliente PO Test</stat>
<stat name="Home PO Test" id="s1-s3" pass="1" fail="1" skip="0">Testes.Home PO Test</stat>
<stat name="Login PO Test" id="s1-s4" pass="3" fail="0" skip="0">Testes.Login PO Test</stat>
</suite>
</statistics>
<errors>
<msg time="2025-01-22T16:31:18.161829" level="ERROR">Error in file 'C:\Users\Sistemas\.vscode\Desafio_Robot_Susana_Bergamo\resources\Page\GerenciarCliente.resource' on line 6: Error in file 'C:\Users\Sistemas\.vscode\Desafio_Robot_Susana_Bergamo\testes\Login_PO_Test.robot' on line 10: Resource file with 'Test Cases' section is invalid.</msg>
<msg time="2025-01-22T16:31:18.163794" level="ERROR">Error in file 'C:\Users\Sistemas\.vscode\Desafio_Robot_Susana_Bergamo\resources\Page\Finalizar.resource' on line 9: Error in file 'C:\Users\Sistemas\.vscode\Desafio_Robot_Susana_Bergamo\testes\GerenciarCliente_PO_Test.robot' on line 16: Resource file with 'Test Cases' section is invalid.</msg>
<msg time="2025-01-22T16:31:18.165791" level="ERROR">Error in file 'C:\Users\Sistemas\.vscode\Desafio_Robot_Susana_Bergamo\resources\Page\Finalizar.resource' on line 10: Error in file 'C:\Users\Sistemas\.vscode\Desafio_Robot_Susana_Bergamo\testes\Login_PO_Test.robot' on line 10: Resource file with 'Test Cases' section is invalid.</msg>
<msg time="2025-01-22T16:31:18.167783" level="ERROR">Error in file 'C:\Users\Sistemas\.vscode\Desafio_Robot_Susana_Bergamo\resources\Page\Finalizar.resource' on line 11: Error in file 'C:\Users\Sistemas\.vscode\Desafio_Robot_Susana_Bergamo\testes\Home_PO_Test.robot' on line 9: Resource file with 'Test Cases' section is invalid.</msg>
<msg time="2025-01-22T16:31:18.169775" level="ERROR">Error in file 'C:\Users\Sistemas\.vscode\Desafio_Robot_Susana_Bergamo\testes\Finalizar_PO_Test.robot' on line 12: Error in file 'C:\Users\Sistemas\.vscode\Desafio_Robot_Susana_Bergamo\testes\GerenciarCliente_PO_Test.robot' on line 16: Resource file with 'Test Cases' section is invalid.</msg>
<msg time="2025-01-22T16:31:18.171770" level="ERROR">Error in file 'C:\Users\Sistemas\.vscode\Desafio_Robot_Susana_Bergamo\testes\Finalizar_PO_Test.robot' on line 13: Error in file 'C:\Users\Sistemas\.vscode\Desafio_Robot_Susana_Bergamo\testes\Login_PO_Test.robot' on line 10: Resource file with 'Test Cases' section is invalid.</msg>
<msg time="2025-01-22T16:31:18.173652" level="ERROR">Error in file 'C:\Users\Sistemas\.vscode\Desafio_Robot_Susana_Bergamo\testes\Finalizar_PO_Test.robot' on line 14: Error in file 'C:\Users\Sistemas\.vscode\Desafio_Robot_Susana_Bergamo\testes\Home_PO_Test.robot' on line 9: Resource file with 'Test Cases' section is invalid.</msg>
<msg time="2025-01-22T16:31:30.131541" level="ERROR">Error in file 'C:\Users\Sistemas\.vscode\Desafio_Robot_Susana_Bergamo\testes\GerenciarCliente_PO_Test.robot' on line 7: Error in file 'C:\Users\Sistemas\.vscode\Desafio_Robot_Susana_Bergamo\testes\Login_PO_Test.robot' on line 10: Resource file with 'Test Cases' section is invalid.</msg>
<msg time="2025-01-22T16:31:30.138325" level="ERROR">Error in file 'C:\Users\Sistemas\.vscode\Desafio_Robot_Susana_Bergamo\resources\Page\GerenciarCliente.resource' on line 6: Error in file 'C:\Users\Sistemas\.vscode\Desafio_Robot_Susana_Bergamo\testes\Login_PO_Test.robot' on line 10: Resource file with 'Test Cases' section is invalid.</msg>
</errors>
</robot>
