<?xml version="1.0" encoding="UTF-8"?>
<robot generator="Robot 7.1 (Python 3.12.6 on win32)" generated="2025-01-28T18:10:28.161595" rpa="false" schemaversion="5">
<suite id="s1" name="Testes" source="C:\Users\Sistemas\.vscode\Desafio_Robot_Susana_Bergamo\testes">
<suite id="s1-s1" name="Finalizar PO Test" source="C:\Users\Sistemas\.vscode\Desafio_Robot_Susana_Bergamo\testes\Finalizar_PO_Test.robot">
<test id="s1-s1-t1" name="CT010 — Realizar Logout com sucesso ao clicar em “Finalizar”" line="6">
<kw name="Dado que esteja logada" owner="finalizarPage">
<kw name="que esteja na home page" owner="homePage">
<kw name="Open App" owner="openBrowser">
<kw name="Open Browser" owner="SeleniumLibrary">
<msg time="2025-01-28T18:10:28.666510" level="INFO">Opening browser 'Chrome' to base url 'https://challenge.primecontrol.com.br/'.</msg>
<arg>${URL}</arg>
<arg>${BROWSER}</arg>
<doc>Opens a new browser instance to the optional ``url``.</doc>
<status status="PASS" start="2025-01-28T18:10:28.666510" elapsed="2.752660"/>
</kw>
<kw name="Maximize Browser Window" owner="SeleniumLibrary">
<doc>Maximizes current browser window.</doc>
<status status="PASS" start="2025-01-28T18:10:31.420164" elapsed="0.123497"/>
</kw>
<kw name="Wait Until Element Is Visible" owner="SeleniumLibrary">
<arg>${HOME}</arg>
<doc>Waits until the element ``locator`` is visible.</doc>
<status status="PASS" start="2025-01-28T18:10:31.544643" elapsed="0.049495"/>
</kw>
<status status="PASS" start="2025-01-28T18:10:28.665511" elapsed="2.928627"/>
</kw>
<status status="PASS" start="2025-01-28T18:10:28.665511" elapsed="2.929625"/>
</kw>
<kw name="clico no botão fazer login" owner="loginPage">
<kw name="Wait Until Element Is Visible" owner="SeleniumLibrary">
<arg>${HOME_BTN_LOGIN}</arg>
<arg>timeout=5s</arg>
<doc>Waits until the element ``locator`` is visible.</doc>
<status status="PASS" start="2025-01-28T18:10:31.598191" elapsed="0.025868"/>
</kw>
<kw name="Click Element" owner="SeleniumLibrary">
<msg time="2025-01-28T18:10:31.625081" level="INFO">Clicking element 'xpath=//a[contains(.,'Fazer Login')]'.</msg>
<arg>${HOME_BTN_LOGIN}</arg>
<doc>Click the element identified by ``locator``.</doc>
<status status="PASS" start="2025-01-28T18:10:31.625081" elapsed="0.364999"/>
</kw>
<status status="PASS" start="2025-01-28T18:10:31.595136" elapsed="0.394944"/>
</kw>
<kw name="insiro dados já cadastrado" owner="loginPage">
<kw name="Input Text" owner="SeleniumLibrary">
<msg time="2025-01-28T18:10:31.991251" level="INFO">Typing text 'ana2a.bsi@outlook.com' into text field 'id=floatingInput'.</msg>
<arg>${HOME_INPUT_EMAIL}</arg>
<arg>${HOME_EMAIL_CADASTRADO}</arg>
<doc>Types the given ``text`` into the text field identified by ``locator``.</doc>
<status status="PASS" start="2025-01-28T18:10:31.991251" elapsed="0.140634"/>
</kw>
<kw name="Input Text" owner="SeleniumLibrary">
<msg time="2025-01-28T18:10:32.132882" level="INFO">Typing text '123456' into text field 'id=floatingPassword'.</msg>
<arg>${HOME_INPUT_PASSWORD}</arg>
<arg>${HOME_SENHA_CADASTRO}</arg>
<doc>Types the given ``text`` into the text field identified by ``locator``.</doc>
<status status="PASS" start="2025-01-28T18:10:32.131885" elapsed="0.088325"/>
</kw>
<kw name="Click Button" owner="SeleniumLibrary">
<msg time="2025-01-28T18:10:32.221208" level="INFO">Clicking button 'xpath=//button[@type='button']'.</msg>
<arg>${LOGIN_BTN_ACESSAR}</arg>
<doc>Clicks the button identified by ``locator``.</doc>
<status status="PASS" start="2025-01-28T18:10:32.220210" elapsed="0.083776"/>
</kw>
<status status="PASS" start="2025-01-28T18:10:31.991076" elapsed="0.312910"/>
</kw>
<kw name="sou direcionado para Gestão de Clientes" owner="loginPage">
<kw name="Wait Until Element Is Visible" owner="SeleniumLibrary">
<arg>${PAGE_GCLIENTE}</arg>
<arg>timeout=5s</arg>
<doc>Waits until the element ``locator`` is visible.</doc>
<status status="PASS" start="2025-01-28T18:10:32.303986" elapsed="1.327375"/>
</kw>
<kw name="Take Screenshot" owner="utils">
<kw name="Capture Page Screenshot" owner="SeleniumLibrary">
<msg time="2025-01-28T18:10:33.744344" level="INFO" html="true">&lt;/td&gt;&lt;/tr&gt;&lt;tr&gt;&lt;td colspan="3"&gt;&lt;a href="screenshots/evidenciaCT003.png"&gt;&lt;img src="screenshots/evidenciaCT003.png" width="800px"&gt;&lt;/a&gt;</msg>
<arg>${file_name}</arg>
<doc>Takes a screenshot of the current page and embeds it into a log file.</doc>
<status status="PASS" start="2025-01-28T18:10:33.631361" elapsed="0.112983"/>
</kw>
<arg>${file_path}evidenciaCT003.png</arg>
<status status="PASS" start="2025-01-28T18:10:33.631361" elapsed="0.112983"/>
</kw>
<status status="PASS" start="2025-01-28T18:10:32.303986" elapsed="1.440358"/>
</kw>
<status status="PASS" start="2025-01-28T18:10:28.664513" elapsed="5.079831"/>
</kw>
<kw name="E clico na opção Finalizar" owner="finalizarPage">
<kw name="Wait Until Element Is Visible" owner="SeleniumLibrary">
<arg>${FINALIZAR_BTN}</arg>
<arg>timeout=5s</arg>
<doc>Waits until the element ``locator`` is visible.</doc>
<status status="PASS" start="2025-01-28T18:10:33.745268" elapsed="0.016932"/>
</kw>
<kw name="Click Element" owner="SeleniumLibrary">
<msg time="2025-01-28T18:10:33.762200" level="INFO">Clicking element 'xpath=(//a[@href='/app/home'])[1]'.</msg>
<arg>${FINALIZAR_BTN}</arg>
<doc>Click the element identified by ``locator``.</doc>
<status status="PASS" start="2025-01-28T18:10:33.762200" elapsed="0.099630"/>
</kw>
<status status="PASS" start="2025-01-28T18:10:33.745268" elapsed="0.116562"/>
</kw>
<kw name="Quando modal for exibido com mensagem “Para submeter os dados do projeto, clique em 'Enviar'. Se desejar sair, clique em 'Logout'.”" owner="finalizarPage">
<kw name="Get Text" owner="SeleniumLibrary">
<msg time="2025-01-28T18:10:33.890579" level="INFO">${texto_modal} = Para submeter os dados do projeto, clique em 'Enviar'. Se desejar sair, clique em 'Logout'.
Logout
Enviar</msg>
<var>${texto_modal}</var>
<arg>${MODAL_MSG}</arg>
<doc>Returns the text value of the element identified by ``locator``.</doc>
<status status="PASS" start="2025-01-28T18:10:33.862652" elapsed="0.027927"/>
</kw>
<kw name="Should Contain" owner="BuiltIn">
<arg>${texto_modal}</arg>
<arg>submeter</arg>
<arg>case_insensitive=True</arg>
<doc>Fails if ``container`` does not contain ``item`` one or more times.</doc>
<status status="PASS" start="2025-01-28T18:10:33.890579" elapsed="0.000000"/>
</kw>
<kw name="Take Screenshot" owner="utils">
<kw name="Capture Page Screenshot" owner="SeleniumLibrary">
<msg time="2025-01-28T18:10:34.094086" level="INFO" html="true">&lt;/td&gt;&lt;/tr&gt;&lt;tr&gt;&lt;td colspan="3"&gt;&lt;a href="screenshots/evidenciaCT010.png"&gt;&lt;img src="screenshots/evidenciaCT010.png" width="800px"&gt;&lt;/a&gt;</msg>
<arg>${file_name}</arg>
<doc>Takes a screenshot of the current page and embeds it into a log file.</doc>
<status status="PASS" start="2025-01-28T18:10:33.891890" elapsed="0.202565"/>
</kw>
<arg>${file_path}evidenciaCT010.png</arg>
<status status="PASS" start="2025-01-28T18:10:33.891615" elapsed="0.202840"/>
</kw>
<status status="PASS" start="2025-01-28T18:10:33.862120" elapsed="0.232335"/>
</kw>
<kw name="E clico na opção 'Logout'" owner="finalizarPage">
<kw name="Click Element" owner="SeleniumLibrary">
<msg time="2025-01-28T18:10:34.095452" level="INFO">Clicking element 'xpath=//button[contains(.,'Logout')]'.</msg>
<arg>${BTN_LOGOUT}</arg>
<doc>Click the element identified by ``locator``.</doc>
<status status="PASS" start="2025-01-28T18:10:34.095452" elapsed="0.083777"/>
</kw>
<status status="PASS" start="2025-01-28T18:10:34.094455" elapsed="0.084774"/>
</kw>
<kw name="Então sou redirecionado para página de login" owner="finalizarPage">
<kw name="Wait Until Element Is Visible" owner="SeleniumLibrary">
<arg>${LOGIN_PAGE}</arg>
<arg>timeout=5s</arg>
<doc>Waits until the element ``locator`` is visible.</doc>
<status status="PASS" start="2025-01-28T18:10:34.180227" elapsed="0.024060"/>
</kw>
<status status="PASS" start="2025-01-28T18:10:34.179229" elapsed="0.025058"/>
</kw>
<status status="PASS" start="2025-01-28T18:10:28.663516" elapsed="5.541768"/>
</test>
<test id="s1-s1-t2" name="CT012 — Validar preenchimento “Informações do Candidato” ao clicar em “Finalizar e Enviar”" line="14">
<kw name="Dado que esteja em Gestão de Clientes" owner="gerenciarClientePage">
<kw name="que esteja na home page" owner="homePage">
<kw name="Open App" owner="openBrowser">
<kw name="Open Browser" owner="SeleniumLibrary">
<msg time="2025-01-28T18:10:34.209567" level="INFO">Opening browser 'Chrome' to base url 'https://challenge.primecontrol.com.br/'.</msg>
<arg>${URL}</arg>
<arg>${BROWSER}</arg>
<doc>Opens a new browser instance to the optional ``url``.</doc>
<status status="PASS" start="2025-01-28T18:10:34.209274" elapsed="2.550896"/>
</kw>
<kw name="Maximize Browser Window" owner="SeleniumLibrary">
<doc>Maximizes current browser window.</doc>
<status status="PASS" start="2025-01-28T18:10:36.760478" elapsed="0.126721"/>
</kw>
<kw name="Wait Until Element Is Visible" owner="SeleniumLibrary">
<arg>${HOME}</arg>
<doc>Waits until the element ``locator`` is visible.</doc>
<status status="PASS" start="2025-01-28T18:10:36.887199" elapsed="0.030682"/>
</kw>
<status status="PASS" start="2025-01-28T18:10:34.208564" elapsed="2.709317"/>
</kw>
<status status="PASS" start="2025-01-28T18:10:34.207279" elapsed="2.710602"/>
</kw>
<kw name="clico no botão fazer login" owner="loginPage">
<kw name="Wait Until Element Is Visible" owner="SeleniumLibrary">
<arg>${HOME_BTN_LOGIN}</arg>
<arg>timeout=5s</arg>
<doc>Waits until the element ``locator`` is visible.</doc>
<status status="PASS" start="2025-01-28T18:10:36.918878" elapsed="0.020943"/>
</kw>
<kw name="Click Element" owner="SeleniumLibrary">
<msg time="2025-01-28T18:10:36.939821" level="INFO">Clicking element 'xpath=//a[contains(.,'Fazer Login')]'.</msg>
<arg>${HOME_BTN_LOGIN}</arg>
<doc>Click the element identified by ``locator``.</doc>
<status status="PASS" start="2025-01-28T18:10:36.939821" elapsed="0.391496"/>
</kw>
<status status="PASS" start="2025-01-28T18:10:36.918878" elapsed="0.412439"/>
</kw>
<kw name="insiro dados já cadastrado" owner="loginPage">
<kw name="Input Text" owner="SeleniumLibrary">
<msg time="2025-01-28T18:10:37.332346" level="INFO">Typing text 'ana2a.bsi@outlook.com' into text field 'id=floatingInput'.</msg>
<arg>${HOME_INPUT_EMAIL}</arg>
<arg>${HOME_EMAIL_CADASTRADO}</arg>
<doc>Types the given ``text`` into the text field identified by ``locator``.</doc>
<status status="PASS" start="2025-01-28T18:10:37.332346" elapsed="0.131217"/>
</kw>
<kw name="Input Text" owner="SeleniumLibrary">
<msg time="2025-01-28T18:10:37.463563" level="INFO">Typing text '123456' into text field 'id=floatingPassword'.</msg>
<arg>${HOME_INPUT_PASSWORD}</arg>
<arg>${HOME_SENHA_CADASTRO}</arg>
<doc>Types the given ``text`` into the text field identified by ``locator``.</doc>
<status status="PASS" start="2025-01-28T18:10:37.463563" elapsed="0.080474"/>
</kw>
<kw name="Click Button" owner="SeleniumLibrary">
<msg time="2025-01-28T18:10:37.545035" level="INFO">Clicking button 'xpath=//button[@type='button']'.</msg>
<arg>${LOGIN_BTN_ACESSAR}</arg>
<doc>Clicks the button identified by ``locator``.</doc>
<status status="PASS" start="2025-01-28T18:10:37.545035" elapsed="0.082732"/>
</kw>
<status status="PASS" start="2025-01-28T18:10:37.331317" elapsed="0.296450"/>
</kw>
<kw name="sou direcionado para Gestão de Clientes" owner="loginPage">
<kw name="Wait Until Element Is Visible" owner="SeleniumLibrary">
<arg>${PAGE_GCLIENTE}</arg>
<arg>timeout=5s</arg>
<doc>Waits until the element ``locator`` is visible.</doc>
<status status="PASS" start="2025-01-28T18:10:37.628765" elapsed="1.128432"/>
</kw>
<kw name="Take Screenshot" owner="utils">
<kw name="Capture Page Screenshot" owner="SeleniumLibrary">
<msg time="2025-01-28T18:10:38.893818" level="INFO" html="true">&lt;/td&gt;&lt;/tr&gt;&lt;tr&gt;&lt;td colspan="3"&gt;&lt;a href="screenshots/evidenciaCT003.png"&gt;&lt;img src="screenshots/evidenciaCT003.png" width="800px"&gt;&lt;/a&gt;</msg>
<arg>${file_name}</arg>
<doc>Takes a screenshot of the current page and embeds it into a log file.</doc>
<status status="PASS" start="2025-01-28T18:10:38.757197" elapsed="0.136621"/>
</kw>
<arg>${file_path}evidenciaCT003.png</arg>
<status status="PASS" start="2025-01-28T18:10:38.757197" elapsed="0.136621"/>
</kw>
<status status="PASS" start="2025-01-28T18:10:37.627767" elapsed="1.266773"/>
</kw>
<status status="PASS" start="2025-01-28T18:10:34.207279" elapsed="4.687261"/>
</kw>
<kw name="E clico na opção Finalizar" owner="finalizarPage">
<kw name="Wait Until Element Is Visible" owner="SeleniumLibrary">
<arg>${FINALIZAR_BTN}</arg>
<arg>timeout=5s</arg>
<doc>Waits until the element ``locator`` is visible.</doc>
<status status="PASS" start="2025-01-28T18:10:38.894540" elapsed="0.019983"/>
</kw>
<kw name="Click Element" owner="SeleniumLibrary">
<msg time="2025-01-28T18:10:38.915484" level="INFO">Clicking element 'xpath=(//a[@href='/app/home'])[1]'.</msg>
<arg>${FINALIZAR_BTN}</arg>
<doc>Click the element identified by ``locator``.</doc>
<status status="PASS" start="2025-01-28T18:10:38.914523" elapsed="0.073388"/>
</kw>
<status status="PASS" start="2025-01-28T18:10:38.894540" elapsed="0.093371"/>
</kw>
<kw name="Quando modal for exibido com mensagem “Para submeter os dados do projeto, clique em 'Enviar'. Se desejar sair, clique em 'Logout'.”" owner="finalizarPage">
<kw name="Get Text" owner="SeleniumLibrary">
<msg time="2025-01-28T18:10:39.016911" level="INFO">${texto_modal} = Para submeter os dados do projeto, clique em 'Enviar'. Se desejar sair, clique em 'Logout'.
Logout
Enviar</msg>
<var>${texto_modal}</var>
<arg>${MODAL_MSG}</arg>
<doc>Returns the text value of the element identified by ``locator``.</doc>
<status status="PASS" start="2025-01-28T18:10:38.988904" elapsed="0.028007"/>
</kw>
<kw name="Should Contain" owner="BuiltIn">
<arg>${texto_modal}</arg>
<arg>submeter</arg>
<arg>case_insensitive=True</arg>
<doc>Fails if ``container`` does not contain ``item`` one or more times.</doc>
<status status="PASS" start="2025-01-28T18:10:39.016911" elapsed="0.000000"/>
</kw>
<kw name="Take Screenshot" owner="utils">
<kw name="Capture Page Screenshot" owner="SeleniumLibrary">
<msg time="2025-01-28T18:10:39.197194" level="INFO" html="true">&lt;/td&gt;&lt;/tr&gt;&lt;tr&gt;&lt;td colspan="3"&gt;&lt;a href="screenshots/evidenciaCT010.png"&gt;&lt;img src="screenshots/evidenciaCT010.png" width="800px"&gt;&lt;/a&gt;</msg>
<arg>${file_name}</arg>
<doc>Takes a screenshot of the current page and embeds it into a log file.</doc>
<status status="PASS" start="2025-01-28T18:10:39.017934" elapsed="0.179260"/>
</kw>
<arg>${file_path}evidenciaCT010.png</arg>
<status status="PASS" start="2025-01-28T18:10:39.016911" elapsed="0.180283"/>
</kw>
<status status="PASS" start="2025-01-28T18:10:38.988904" elapsed="0.208290"/>
</kw>
<kw name="E clico na opção Enviar" owner="finalizarPage">
<kw name="Click Element" owner="SeleniumLibrary">
<msg time="2025-01-28T18:10:39.198144" level="INFO">Clicking element 'xpath=//button[contains(.,'Enviar')]'.</msg>
<arg>${BTN_ENVIAR}</arg>
<doc>Click the element identified by ``locator``.</doc>
<status status="PASS" start="2025-01-28T18:10:39.198144" elapsed="0.066447"/>
</kw>
<status status="PASS" start="2025-01-28T18:10:39.198144" elapsed="0.066447"/>
</kw>
<kw name="E modal Informações do Candidato é exibido" owner="finalizarPage">
<kw name="Wait Until Element Is Visible" owner="SeleniumLibrary">
<arg>${GC_ABA_CADASTRARCLIENTE}</arg>
<doc>Waits until the element ``locator`` is visible.</doc>
<status status="PASS" start="2025-01-28T18:10:39.265762" elapsed="0.021768"/>
</kw>
<status status="PASS" start="2025-01-28T18:10:39.265762" elapsed="0.021768"/>
</kw>
<kw name="E preencho informações" owner="finalizarPage">
<kw name="Input Text" owner="SeleniumLibrary">
<msg time="2025-01-28T18:10:39.288556" level="INFO">Typing text 'Susana' into text field 'xpath=//input[@id='nome']'.</msg>
<arg>${BTN_NOME}</arg>
<arg>${NOME_CANDIDATO}</arg>
<doc>Types the given ``text`` into the text field identified by ``locator``.</doc>
<status status="PASS" start="2025-01-28T18:10:39.288556" elapsed="0.081925"/>
</kw>
<kw name="Input Text" owner="SeleniumLibrary">
<msg time="2025-01-28T18:10:39.371666" level="INFO">Typing text '1198533-8770' into text field 'xpath=//input[contains(@id,'telefone')]'.</msg>
<arg>${BTN_TELEFO}</arg>
<arg>${TELEFONE_CANDIDATO}</arg>
<doc>Types the given ``text`` into the text field identified by ``locator``.</doc>
<status status="PASS" start="2025-01-28T18:10:39.370481" elapsed="0.090945"/>
</kw>
<kw name="Input Text" owner="SeleniumLibrary">
<msg time="2025-01-28T18:10:39.462423" level="INFO">Typing text 'https://github.com/Susana-Bergamo' into text field 'xpath=//input[contains(@id,'githubLink')]'.</msg>
<arg>${BTN_LINK}</arg>
<arg>${LINK}</arg>
<doc>Types the given ``text`` into the text field identified by ``locator``.</doc>
<status status="PASS" start="2025-01-28T18:10:39.461426" elapsed="0.100330"/>
</kw>
<kw name="Input Text" owner="SeleniumLibrary">
<msg time="2025-01-28T18:10:39.561756" level="INFO">Typing text 'Kelly' into text field 'xpath=//input[contains(@id,'nomeRecrutador')]'.</msg>
<arg>${BTN_RECRITE}</arg>
<arg>${NOME_RECRUITE}</arg>
<doc>Types the given ``text`` into the text field identified by ``locator``.</doc>
<status status="PASS" start="2025-01-28T18:10:39.561756" elapsed="0.081511"/>
</kw>
<kw name="Take Screenshot" owner="utils">
<kw name="Capture Page Screenshot" owner="SeleniumLibrary">
<msg time="2025-01-28T18:10:39.791763" level="INFO" html="true">&lt;/td&gt;&lt;/tr&gt;&lt;tr&gt;&lt;td colspan="3"&gt;&lt;a href="screenshots/evidenciaCT012.png"&gt;&lt;img src="screenshots/evidenciaCT012.png" width="800px"&gt;&lt;/a&gt;</msg>
<arg>${file_name}</arg>
<doc>Takes a screenshot of the current page and embeds it into a log file.</doc>
<status status="PASS" start="2025-01-28T18:10:39.644385" elapsed="0.147378"/>
</kw>
<arg>${file_path}evidenciaCT012.png</arg>
<status status="PASS" start="2025-01-28T18:10:39.644385" elapsed="0.147378"/>
</kw>
<status status="PASS" start="2025-01-28T18:10:39.288556" elapsed="0.504235"/>
</kw>
<kw name="E salvo informações" owner="finalizarPage">
<kw name="Click Element" owner="SeleniumLibrary">
<msg time="2025-01-28T18:10:39.792791" level="INFO">Clicking element 'xpath=//div[@class='modal-buttons']'.</msg>
<arg>${BTN_SALVAR_CANDIDATO}</arg>
<doc>Click the element identified by ``locator``.</doc>
<status status="PASS" start="2025-01-28T18:10:39.792791" elapsed="0.062799"/>
</kw>
<status status="PASS" start="2025-01-28T18:10:39.792791" elapsed="0.062799"/>
</kw>
<kw name="Então sistema retorna para Gestão de Clientes" owner="finalizarPage">
<kw name="Wait Until Element Is Visible" owner="SeleniumLibrary">
<arg>${CG_VALIDAR}</arg>
<doc>Waits until the element ``locator`` is visible.</doc>
<status status="PASS" start="2025-01-28T18:10:39.856588" elapsed="0.016494"/>
</kw>
<status status="PASS" start="2025-01-28T18:10:39.855590" elapsed="0.017492"/>
</kw>
<status status="PASS" start="2025-01-28T18:10:34.206281" elapsed="5.666801"/>
</test>
<status status="PASS" start="2025-01-28T18:10:28.196605" elapsed="11.678454"/>
</suite>
<suite id="s1-s2" name="GerenciarCliente PO Test" source="C:\Users\Sistemas\.vscode\Desafio_Robot_Susana_Bergamo\testes\GerenciarCliente_PO_Test.robot">
<test id="s1-s2-t1" name="CT005 — Realizar Cadastro de Clientes com sucesso na aba Perfil" line="6">
<kw name="Dado que esteja em Gestão de Clientes" owner="gerenciarClientePage">
<kw name="que esteja na home page" owner="homePage">
<kw name="Open App" owner="openBrowser">
<kw name="Open Browser" owner="SeleniumLibrary">
<msg time="2025-01-28T18:10:39.887694" level="INFO">Opening browser 'Chrome' to base url 'https://challenge.primecontrol.com.br/'.</msg>
<arg>${URL}</arg>
<arg>${BROWSER}</arg>
<doc>Opens a new browser instance to the optional ``url``.</doc>
<status status="PASS" start="2025-01-28T18:10:39.887694" elapsed="2.679278"/>
</kw>
<kw name="Maximize Browser Window" owner="SeleniumLibrary">
<doc>Maximizes current browser window.</doc>
<status status="PASS" start="2025-01-28T18:10:42.566972" elapsed="0.137662"/>
</kw>
<kw name="Wait Until Element Is Visible" owner="SeleniumLibrary">
<arg>${HOME}</arg>
<doc>Waits until the element ``locator`` is visible.</doc>
<status status="PASS" start="2025-01-28T18:10:42.704634" elapsed="0.032715"/>
</kw>
<status status="PASS" start="2025-01-28T18:10:39.887694" elapsed="2.849655"/>
</kw>
<status status="PASS" start="2025-01-28T18:10:39.887694" elapsed="2.849655"/>
</kw>
<kw name="clico no botão fazer login" owner="loginPage">
<kw name="Wait Until Element Is Visible" owner="SeleniumLibrary">
<arg>${HOME_BTN_LOGIN}</arg>
<arg>timeout=5s</arg>
<doc>Waits until the element ``locator`` is visible.</doc>
<status status="PASS" start="2025-01-28T18:10:42.737822" elapsed="0.050607"/>
</kw>
<kw name="Click Element" owner="SeleniumLibrary">
<msg time="2025-01-28T18:10:42.789470" level="INFO">Clicking element 'xpath=//a[contains(.,'Fazer Login')]'.</msg>
<arg>${HOME_BTN_LOGIN}</arg>
<doc>Click the element identified by ``locator``.</doc>
<status status="PASS" start="2025-01-28T18:10:42.788429" elapsed="0.343681"/>
</kw>
<status status="PASS" start="2025-01-28T18:10:42.737349" elapsed="0.395793"/>
</kw>
<kw name="insiro dados já cadastrado" owner="loginPage">
<kw name="Input Text" owner="SeleniumLibrary">
<msg time="2025-01-28T18:10:43.133142" level="INFO">Typing text 'ana2a.bsi@outlook.com' into text field 'id=floatingInput'.</msg>
<arg>${HOME_INPUT_EMAIL}</arg>
<arg>${HOME_EMAIL_CADASTRADO}</arg>
<doc>Types the given ``text`` into the text field identified by ``locator``.</doc>
<status status="PASS" start="2025-01-28T18:10:43.133142" elapsed="0.149855"/>
</kw>
<kw name="Input Text" owner="SeleniumLibrary">
<msg time="2025-01-28T18:10:43.283839" level="INFO">Typing text '123456' into text field 'id=floatingPassword'.</msg>
<arg>${HOME_INPUT_PASSWORD}</arg>
<arg>${HOME_SENHA_CADASTRO}</arg>
<doc>Types the given ``text`` into the text field identified by ``locator``.</doc>
<status status="PASS" start="2025-01-28T18:10:43.282997" elapsed="0.099580"/>
</kw>
<kw name="Click Button" owner="SeleniumLibrary">
<msg time="2025-01-28T18:10:43.384583" level="INFO">Clicking button 'xpath=//button[@type='button']'.</msg>
<arg>${LOGIN_BTN_ACESSAR}</arg>
<doc>Clicks the button identified by ``locator``.</doc>
<status status="PASS" start="2025-01-28T18:10:43.382577" elapsed="0.094193"/>
</kw>
<status status="PASS" start="2025-01-28T18:10:43.133142" elapsed="0.343628"/>
</kw>
<kw name="sou direcionado para Gestão de Clientes" owner="loginPage">
<kw name="Wait Until Element Is Visible" owner="SeleniumLibrary">
<arg>${PAGE_GCLIENTE}</arg>
<arg>timeout=5s</arg>
<doc>Waits until the element ``locator`` is visible.</doc>
<status status="PASS" start="2025-01-28T18:10:43.477768" elapsed="1.153068"/>
</kw>
<kw name="Take Screenshot" owner="utils">
<kw name="Capture Page Screenshot" owner="SeleniumLibrary">
<msg time="2025-01-28T18:10:44.768716" level="INFO" html="true">&lt;/td&gt;&lt;/tr&gt;&lt;tr&gt;&lt;td colspan="3"&gt;&lt;a href="screenshots/evidenciaCT003.png"&gt;&lt;img src="screenshots/evidenciaCT003.png" width="800px"&gt;&lt;/a&gt;</msg>
<arg>${file_name}</arg>
<doc>Takes a screenshot of the current page and embeds it into a log file.</doc>
<status status="PASS" start="2025-01-28T18:10:44.631834" elapsed="0.136882"/>
</kw>
<arg>${file_path}evidenciaCT003.png</arg>
<status status="PASS" start="2025-01-28T18:10:44.630836" elapsed="0.137880"/>
</kw>
<status status="PASS" start="2025-01-28T18:10:43.477768" elapsed="1.290948"/>
</kw>
<status status="PASS" start="2025-01-28T18:10:39.886663" elapsed="4.882053"/>
</kw>
<kw name="E clico na aba Cadastrar Cliente" owner="gerenciarClientePage">
<kw name="Wait Until Element Is Visible" owner="SeleniumLibrary">
<arg>${GC_ABA_CADASTRARCLIENTE}</arg>
<arg>timeout=5s</arg>
<doc>Waits until the element ``locator`` is visible.</doc>
<status status="PASS" start="2025-01-28T18:10:44.769706" elapsed="0.024934"/>
</kw>
<kw name="Click Element" owner="SeleniumLibrary">
<msg time="2025-01-28T18:10:44.794640" level="INFO">Clicking element 'xpath=//a[contains(.,'Cadastrar Cliente')]'.</msg>
<arg>${GC_ABA_CADASTRARCLIENTE}</arg>
<doc>Click the element identified by ``locator``.</doc>
<status status="PASS" start="2025-01-28T18:10:44.794640" elapsed="0.068429"/>
</kw>
<status status="PASS" start="2025-01-28T18:10:44.768716" elapsed="0.094353"/>
</kw>
<kw name="Quando efetuo cadastro de cliente com dados válidos" owner="gerenciarClientePage">
<kw name="Input Text" owner="SeleniumLibrary">
<msg time="2025-01-28T18:10:44.864066" level="INFO">Typing text 'Test' into text field 'xpath=//div[contains(@class, 'col-md-9')]//input[@type='text' and contains(@class, 'form-control')]'.</msg>
<arg>${CG_INPUT_NOME}</arg>
<arg>${nome}</arg>
<doc>Types the given ``text`` into the text field identified by ``locator``.</doc>
<status status="PASS" start="2025-01-28T18:10:44.864066" elapsed="0.103958"/>
</kw>
<kw name="Input Text" owner="SeleniumLibrary">
<msg time="2025-01-28T18:10:44.969023" level="INFO">Typing text '11999999999' into text field 'xpath=//input[contains(@type,'tel')]'.</msg>
<arg>${CG_INPUT_TEL}</arg>
<arg>${tel}</arg>
<doc>Types the given ``text`` into the text field identified by ``locator``.</doc>
<status status="PASS" start="2025-01-28T18:10:44.968024" elapsed="0.097742"/>
</kw>
<kw name="Input Text" owner="SeleniumLibrary">
<msg time="2025-01-28T18:10:45.066041" level="INFO">Typing text 'email@email.com' into text field 'xpath=//input[contains(@type,'email')]'.</msg>
<arg>${CG_INPUT_EMAIL}</arg>
<arg>${email}</arg>
<doc>Types the given ``text`` into the text field identified by ``locator``.</doc>
<status status="PASS" start="2025-01-28T18:10:45.066041" elapsed="0.093195"/>
</kw>
<kw name="Wait Until Element Is Visible" owner="SeleniumLibrary">
<arg>${UPLOAD_PICTURE}</arg>
<arg>timeout=10s</arg>
<doc>Waits until the element ``locator`` is visible.</doc>
<status status="PASS" start="2025-01-28T18:10:45.159236" elapsed="0.021938"/>
</kw>
<kw name="Click Element" owner="SeleniumLibrary">
<msg time="2025-01-28T18:10:45.181174" level="INFO">Clicking element 'xpath=//span[@class='add-image-button']'.</msg>
<arg>${UPLOAD_PICTURE}</arg>
<doc>Click the element identified by ``locator``.</doc>
<status status="PASS" start="2025-01-28T18:10:45.181174" elapsed="0.059891"/>
</kw>
<kw name="Choose File" owner="SeleniumLibrary">
<msg time="2025-01-28T18:10:45.242082" level="INFO">Sending C:\Users\Sistemas\.vscode\Desafio_Robot_Susana_Bergamo\resources\Data\imagem-de-perfil-teste.jpg to browser.</msg>
<arg>${CG_ESCOLHERPHOTO}</arg>
<arg>${PHOTO_PATH}</arg>
<doc>Inputs the ``file_path`` into the file input field ``locator``.</doc>
<status status="PASS" start="2025-01-28T18:10:45.242082" elapsed="0.034906"/>
</kw>
<kw name="Execute Javascript" owner="SeleniumLibrary">
<msg time="2025-01-28T18:10:45.278017" level="INFO">Executing JavaScript:
window.focus()
Without any arguments.</msg>
<arg>window.focus()</arg>
<doc>Executes the given JavaScript code with possible arguments.</doc>
<status status="PASS" start="2025-01-28T18:10:45.278017" elapsed="0.004956"/>
</kw>
<kw name="Execute Javascript" owner="SeleniumLibrary">
<msg time="2025-01-28T18:10:45.283970" level="INFO">Executing JavaScript:
window.scrollBy(0, 500)
Without any arguments.</msg>
<arg>window.scrollBy(0, 500)</arg>
<doc>Executes the given JavaScript code with possible arguments.</doc>
<status status="PASS" start="2025-01-28T18:10:45.282973" elapsed="0.007990"/>
</kw>
<kw name="Input Text" owner="SeleniumLibrary">
<msg time="2025-01-28T18:10:45.291949" level="INFO">Typing text '11111-111' into text field 'xpath=//label[text()='CEP:']/following-sibling::input'.</msg>
<arg>${CG_INPUT_CEP}</arg>
<arg>${cep}</arg>
<doc>Types the given ``text`` into the text field identified by ``locator``.</doc>
<status status="PASS" start="2025-01-28T18:10:45.291949" elapsed="0.192721"/>
</kw>
<kw name="Input Text" owner="SeleniumLibrary">
<msg time="2025-01-28T18:10:45.486136" level="INFO">Typing text '2' into text field 'xpath=//label[text()='Número da residência:']/following-sibling::input'.</msg>
<arg>${CG_INPUT_NUM}</arg>
<arg>${num}</arg>
<doc>Types the given ``text`` into the text field identified by ``locator``.</doc>
<status status="PASS" start="2025-01-28T18:10:45.485673" elapsed="0.126113"/>
</kw>
<kw name="Execute Javascript" owner="SeleniumLibrary">
<msg time="2025-01-28T18:10:45.612773" level="INFO">Executing JavaScript:
window.scrollBy(0, 500)
Without any arguments.</msg>
<arg>window.scrollBy(0, 500)</arg>
<doc>Executes the given JavaScript code with possible arguments.</doc>
<status status="PASS" start="2025-01-28T18:10:45.612773" elapsed="0.004987"/>
</kw>
<kw name="Input Text" owner="SeleniumLibrary">
<msg time="2025-01-28T18:10:45.617760" level="INFO">Typing text 'testando' into text field 'xpath=//label[text()='Endereço:']/following-sibling::input'.</msg>
<arg>${CG_INPUT_END}</arg>
<arg>${end}</arg>
<doc>Types the given ``text`` into the text field identified by ``locator``.</doc>
<status status="PASS" start="2025-01-28T18:10:45.617760" elapsed="0.178393"/>
</kw>
<kw name="Input Text" owner="SeleniumLibrary">
<msg time="2025-01-28T18:10:45.796356" level="INFO">Typing text 'na' into text field 'xpath=//label[text()='Complemento:']/following-sibling::input'.</msg>
<arg>${CG_INPUT_COMP}</arg>
<arg>${comp}</arg>
<doc>Types the given ``text`` into the text field identified by ``locator``.</doc>
<status status="PASS" start="2025-01-28T18:10:45.796356" elapsed="0.168035"/>
</kw>
<kw name="Execute Javascript" owner="SeleniumLibrary">
<msg time="2025-01-28T18:10:45.965387" level="INFO">Executing JavaScript:
window.scrollBy(0, 500)
Without any arguments.</msg>
<arg>window.scrollBy(0, 500)</arg>
<doc>Executes the given JavaScript code with possible arguments.</doc>
<status status="PASS" start="2025-01-28T18:10:45.964894" elapsed="0.016651"/>
</kw>
<kw name="Wait Until Element Is Visible" owner="SeleniumLibrary">
<arg>${CG_SELECT_PAIS}</arg>
<arg>timeout=5s</arg>
<doc>Waits until the element ``locator`` is visible.</doc>
<status status="PASS" start="2025-01-28T18:10:45.982342" elapsed="0.059979"/>
</kw>
<kw name="Click Element" owner="SeleniumLibrary">
<msg time="2025-01-28T18:10:46.045458" level="INFO">Clicking element 'xpath=//select[@class='form-control']'.</msg>
<arg>${CG_SELECT_PAIS}</arg>
<doc>Click the element identified by ``locator``.</doc>
<status status="PASS" start="2025-01-28T18:10:46.043321" elapsed="0.135876"/>
</kw>
<kw name="Select From List By Label" owner="SeleniumLibrary">
<msg time="2025-01-28T18:10:46.180194" level="INFO">Selecting options from selection list 'xpath=//select[@class='form-control']' by label Brasil.</msg>
<arg>${CG_SELECT_PAIS}</arg>
<arg>${país}</arg>
<doc>Selects options from selection list ``locator`` by ``labels``.</doc>
<status status="PASS" start="2025-01-28T18:10:46.180194" elapsed="0.074355"/>
</kw>
<kw name="Press Key" owner="SeleniumLibrary">
<arg>${CG_SELECT_PAIS}</arg>
<arg>${país}</arg>
<doc>Simulates user pressing key on element identified by ``locator``.</doc>
<status status="PASS" start="2025-01-28T18:10:46.254549" elapsed="0.054854"/>
</kw>
<kw name="Set Variable" owner="BuiltIn">
<msg time="2025-01-28T18:10:46.310400" level="INFO">${xpath_genero} = //label[contains(.,'Feminino')]</msg>
<var>${xpath_genero}</var>
<arg>//label[contains(.,'${genero}')]</arg>
<doc>Returns the given values which can then be assigned to a variables.</doc>
<status status="PASS" start="2025-01-28T18:10:46.310400" elapsed="0.000000"/>
</kw>
<kw name="Wait Until Element Is Visible" owner="SeleniumLibrary">
<arg>${xpath_genero}</arg>
<arg>timeout=5s</arg>
<doc>Waits until the element ``locator`` is visible.</doc>
<status status="PASS" start="2025-01-28T18:10:46.310400" elapsed="0.016954"/>
</kw>
<kw name="Scroll Element Into View" owner="SeleniumLibrary">
<arg>${xpath_genero}</arg>
<doc>Scrolls the element identified by ``locator`` into view.</doc>
<status status="PASS" start="2025-01-28T18:10:46.327354" elapsed="0.286395"/>
</kw>
<kw name="Click Element" owner="SeleniumLibrary">
<msg time="2025-01-28T18:10:46.614745" level="INFO">Clicking element '//label[contains(.,'Feminino')]'.</msg>
<arg>${xpath_genero}</arg>
<doc>Click the element identified by ``locator``.</doc>
<status status="PASS" start="2025-01-28T18:10:46.614745" elapsed="0.093669"/>
</kw>
<kw name="Execute Javascript" owner="SeleniumLibrary">
<msg time="2025-01-28T18:10:46.731987" level="INFO">Executing JavaScript:
window.scrollBy(0, 200)
Without any arguments.</msg>
<arg>window.scrollBy(0, 200)</arg>
<doc>Executes the given JavaScript code with possible arguments.</doc>
<status status="PASS" start="2025-01-28T18:10:46.709396" elapsed="0.027611"/>
</kw>
<kw name="Sleep" owner="BuiltIn">
<msg time="2025-01-28T18:10:48.737265" level="INFO">Slept 2 seconds.</msg>
<arg>2s</arg>
<doc>Pauses the test executed for the given time.</doc>
<status status="PASS" start="2025-01-28T18:10:46.737007" elapsed="2.000258"/>
</kw>
<kw name="Set Variable" owner="BuiltIn">
<msg time="2025-01-28T18:10:48.737265" level="INFO">${xpath_ferramenta} = //input[contains(@value,'robot')]</msg>
<var>${xpath_ferramenta}</var>
<arg>//input[contains(@value,'${ferramenta}')]</arg>
<doc>Returns the given values which can then be assigned to a variables.</doc>
<status status="PASS" start="2025-01-28T18:10:48.737265" elapsed="0.000000"/>
</kw>
<kw name="Wait Until Element Is Visible" owner="SeleniumLibrary">
<arg>${xpath_ferramenta}</arg>
<arg>timeout=5s</arg>
<doc>Waits until the element ``locator`` is visible.</doc>
<status status="PASS" start="2025-01-28T18:10:48.737265" elapsed="0.018957"/>
</kw>
<kw name="Scroll Element Into View" owner="SeleniumLibrary">
<arg>${xpath_ferramenta}</arg>
<doc>Scrolls the element identified by ``locator`` into view.</doc>
<status status="PASS" start="2025-01-28T18:10:48.756222" elapsed="0.272033"/>
</kw>
<kw name="Click Element" owner="SeleniumLibrary">
<msg time="2025-01-28T18:10:49.028255" level="INFO">Clicking element '//input[contains(@value,'robot')]'.</msg>
<arg>${xpath_ferramenta}</arg>
<doc>Click the element identified by ``locator``.</doc>
<status status="PASS" start="2025-01-28T18:10:49.028255" elapsed="0.064828"/>
</kw>
<arg>Test</arg>
<arg>11999999999</arg>
<arg>email@email.com</arg>
<arg>11111-111</arg>
<arg>2</arg>
<arg>testando</arg>
<arg>na</arg>
<arg>Brasil</arg>
<arg>Feminino</arg>
<arg>robot</arg>
<status status="PASS" start="2025-01-28T18:10:44.863069" elapsed="4.230014"/>
</kw>
<kw name="E clico em salvar" owner="gerenciarClientePage">
<kw name="Wait Until Element Is Visible" owner="SeleniumLibrary">
<arg>${CG_BTN_SALVAR}</arg>
<arg>timeout=5s</arg>
<doc>Waits until the element ``locator`` is visible.</doc>
<status status="PASS" start="2025-01-28T18:10:49.094082" elapsed="0.019945"/>
</kw>
<kw name="Click Element" owner="SeleniumLibrary">
<msg time="2025-01-28T18:10:49.114027" level="INFO">Clicking element 'xpath=//button[@type='submit']'.</msg>
<arg>${CG_BTN_SALVAR}</arg>
<doc>Click the element identified by ``locator``.</doc>
<status status="PASS" start="2025-01-28T18:10:49.114027" elapsed="0.075468"/>
</kw>
<status status="PASS" start="2025-01-28T18:10:49.094082" elapsed="0.095413"/>
</kw>
<kw name="Então cliente cadastrado e exibido na lista de clientes" owner="gerenciarClientePage">
<kw name="Set Variable" owner="BuiltIn">
<msg time="2025-01-28T18:10:49.191900" level="INFO">${xpath_email} = //td[contains(.,'email@email.com')]</msg>
<var>${xpath_email}</var>
<arg>//td[contains(.,'${email}')]</arg>
<doc>Returns the given values which can then be assigned to a variables.</doc>
<status status="PASS" start="2025-01-28T18:10:49.190914" elapsed="0.000986"/>
</kw>
<kw name="Take Screenshot" owner="utils">
<kw name="Capture Page Screenshot" owner="SeleniumLibrary">
<msg time="2025-01-28T18:10:49.389526" level="INFO" html="true">&lt;/td&gt;&lt;/tr&gt;&lt;tr&gt;&lt;td colspan="3"&gt;&lt;a href="screenshots/evidenciaCT005.png"&gt;&lt;img src="screenshots/evidenciaCT005.png" width="800px"&gt;&lt;/a&gt;</msg>
<arg>${file_name}</arg>
<doc>Takes a screenshot of the current page and embeds it into a log file.</doc>
<status status="PASS" start="2025-01-28T18:10:49.191900" elapsed="0.197626"/>
</kw>
<arg>${file_path}evidenciaCT005.png</arg>
<status status="PASS" start="2025-01-28T18:10:49.191900" elapsed="0.197626"/>
</kw>
<arg>email@email.com</arg>
<status status="PASS" start="2025-01-28T18:10:49.190914" elapsed="0.198612"/>
</kw>
<status status="PASS" start="2025-01-28T18:10:39.886663" elapsed="9.502863"/>
</test>
<test id="s1-s2-t2" name="CT006 — Validar Pesquisa de Cliente recém cadastrado e exibição dos dados em tela" line="13">
<kw name="Dado que esteja em Gestão de Clientes" owner="gerenciarClientePage">
<kw name="que esteja na home page" owner="homePage">
<kw name="Open App" owner="openBrowser">
<kw name="Open Browser" owner="SeleniumLibrary">
<msg time="2025-01-28T18:10:49.391553" level="INFO">Opening browser 'Chrome' to base url 'https://challenge.primecontrol.com.br/'.</msg>
<arg>${URL}</arg>
<arg>${BROWSER}</arg>
<doc>Opens a new browser instance to the optional ``url``.</doc>
<status status="PASS" start="2025-01-28T18:10:49.391553" elapsed="2.349982"/>
</kw>
<kw name="Maximize Browser Window" owner="SeleniumLibrary">
<doc>Maximizes current browser window.</doc>
<status status="PASS" start="2025-01-28T18:10:51.746069" elapsed="0.187566"/>
</kw>
<kw name="Wait Until Element Is Visible" owner="SeleniumLibrary">
<arg>${HOME}</arg>
<doc>Waits until the element ``locator`` is visible.</doc>
<status status="PASS" start="2025-01-28T18:10:51.934631" elapsed="0.047896"/>
</kw>
<status status="PASS" start="2025-01-28T18:10:49.391553" elapsed="2.590974"/>
</kw>
<status status="PASS" start="2025-01-28T18:10:49.390522" elapsed="2.592005"/>
</kw>
<kw name="clico no botão fazer login" owner="loginPage">
<kw name="Wait Until Element Is Visible" owner="SeleniumLibrary">
<arg>${HOME_BTN_LOGIN}</arg>
<arg>timeout=5s</arg>
<doc>Waits until the element ``locator`` is visible.</doc>
<status status="PASS" start="2025-01-28T18:10:51.983523" elapsed="0.022940"/>
</kw>
<kw name="Click Element" owner="SeleniumLibrary">
<msg time="2025-01-28T18:10:52.007461" level="INFO">Clicking element 'xpath=//a[contains(.,'Fazer Login')]'.</msg>
<arg>${HOME_BTN_LOGIN}</arg>
<doc>Click the element identified by ``locator``.</doc>
<status status="PASS" start="2025-01-28T18:10:52.006463" elapsed="0.353747"/>
</kw>
<status status="PASS" start="2025-01-28T18:10:51.982527" elapsed="0.377683"/>
</kw>
<kw name="insiro dados já cadastrado" owner="loginPage">
<kw name="Input Text" owner="SeleniumLibrary">
<msg time="2025-01-28T18:10:52.361209" level="INFO">Typing text 'ana2a.bsi@outlook.com' into text field 'id=floatingInput'.</msg>
<arg>${HOME_INPUT_EMAIL}</arg>
<arg>${HOME_EMAIL_CADASTRADO}</arg>
<doc>Types the given ``text`` into the text field identified by ``locator``.</doc>
<status status="PASS" start="2025-01-28T18:10:52.361209" elapsed="0.151738"/>
</kw>
<kw name="Input Text" owner="SeleniumLibrary">
<msg time="2025-01-28T18:10:52.512947" level="INFO">Typing text '123456' into text field 'id=floatingPassword'.</msg>
<arg>${HOME_INPUT_PASSWORD}</arg>
<arg>${HOME_SENHA_CADASTRO}</arg>
<doc>Types the given ``text`` into the text field identified by ``locator``.</doc>
<status status="PASS" start="2025-01-28T18:10:52.512947" elapsed="0.087299"/>
</kw>
<kw name="Click Button" owner="SeleniumLibrary">
<msg time="2025-01-28T18:10:52.601245" level="INFO">Clicking button 'xpath=//button[@type='button']'.</msg>
<arg>${LOGIN_BTN_ACESSAR}</arg>
<doc>Clicks the button identified by ``locator``.</doc>
<status status="PASS" start="2025-01-28T18:10:52.600246" elapsed="0.105479"/>
</kw>
<status status="PASS" start="2025-01-28T18:10:52.361209" elapsed="0.345503"/>
</kw>
<kw name="sou direcionado para Gestão de Clientes" owner="loginPage">
<kw name="Wait Until Element Is Visible" owner="SeleniumLibrary">
<arg>${PAGE_GCLIENTE}</arg>
<arg>timeout=5s</arg>
<doc>Waits until the element ``locator`` is visible.</doc>
<status status="PASS" start="2025-01-28T18:10:52.707699" elapsed="1.092109"/>
</kw>
<kw name="Take Screenshot" owner="utils">
<kw name="Capture Page Screenshot" owner="SeleniumLibrary">
<msg time="2025-01-28T18:10:53.992518" level="INFO" html="true">&lt;/td&gt;&lt;/tr&gt;&lt;tr&gt;&lt;td colspan="3"&gt;&lt;a href="screenshots/evidenciaCT003.png"&gt;&lt;img src="screenshots/evidenciaCT003.png" width="800px"&gt;&lt;/a&gt;</msg>
<arg>${file_name}</arg>
<doc>Takes a screenshot of the current page and embeds it into a log file.</doc>
<status status="PASS" start="2025-01-28T18:10:53.799808" elapsed="0.192710"/>
</kw>
<arg>${file_path}evidenciaCT003.png</arg>
<status status="PASS" start="2025-01-28T18:10:53.799808" elapsed="0.192710"/>
</kw>
<status status="PASS" start="2025-01-28T18:10:52.706712" elapsed="1.285806"/>
</kw>
<status status="PASS" start="2025-01-28T18:10:49.390522" elapsed="4.601996"/>
</kw>
<kw name="E clico no campo de pesquisa" owner="gerenciarClientePage">
<kw name="Wait Until Element Is Visible" owner="SeleniumLibrary">
<arg>${CG_CAMPO_PESQUISA}</arg>
<arg>timeout=5s</arg>
<doc>Waits until the element ``locator`` is visible.</doc>
<status status="PASS" start="2025-01-28T18:10:53.993506" elapsed="0.019947"/>
</kw>
<kw name="Click Element" owner="SeleniumLibrary">
<msg time="2025-01-28T18:10:54.014449" level="INFO">Clicking element 'xpath=//input[@placeholder='Pesquisar por nome']'.</msg>
<arg>${CG_CAMPO_PESQUISA}</arg>
<doc>Click the element identified by ``locator``.</doc>
<status status="PASS" start="2025-01-28T18:10:54.013453" elapsed="0.064588"/>
</kw>
<status status="PASS" start="2025-01-28T18:10:53.992518" elapsed="0.085523"/>
</kw>
<kw name="Quando Insiro o nome ou identificador do cliente recém-cadastrado" owner="gerenciarClientePage">
<kw name="Input Text" owner="SeleniumLibrary">
<msg time="2025-01-28T18:10:54.079038" level="INFO">Typing text 'Prime Control' into text field 'xpath=//input[@placeholder='Pesquisar por nome']'.</msg>
<arg>${CG_CAMPO_PESQUISA}</arg>
<arg>${nome}</arg>
<doc>Types the given ``text`` into the text field identified by ``locator``.</doc>
<status status="PASS" start="2025-01-28T18:10:54.079038" elapsed="0.105791"/>
</kw>
<arg>Prime Control</arg>
<status status="PASS" start="2025-01-28T18:10:54.078041" elapsed="0.106788"/>
</kw>
<kw name="E clico no botão &quot;Pesquisar&quot;" owner="gerenciarClientePage">
<kw name="Sleep" owner="BuiltIn">
<msg time="2025-01-28T18:10:55.187463" level="INFO">Slept 1 second.</msg>
<arg>1</arg>
<doc>Pauses the test executed for the given time.</doc>
<status status="PASS" start="2025-01-28T18:10:54.185828" elapsed="1.001635"/>
</kw>
<kw name="Click Element" owner="SeleniumLibrary">
<msg time="2025-01-28T18:10:55.189267" level="INFO">Clicking element 'xpath=//button[@type='button']'.</msg>
<arg>${CG_BTN_PESQUISA}</arg>
<doc>Click the element identified by ``locator``.</doc>
<status status="PASS" start="2025-01-28T18:10:55.188271" elapsed="0.089879"/>
</kw>
<status status="PASS" start="2025-01-28T18:10:54.185828" elapsed="1.092322"/>
</kw>
<kw name="Então um modal é exibido com os dados do cliente pesquisado" owner="gerenciarClientePage">
<kw name="Wait Until Element Is Visible" owner="SeleniumLibrary">
<arg>${CG_MODAL_PESQUISA}</arg>
<arg>timeout=10s</arg>
<doc>Waits until the element ``locator`` is visible.</doc>
<status status="PASS" start="2025-01-28T18:10:55.279147" elapsed="0.016956"/>
</kw>
<kw name="Take Screenshot" owner="utils">
<kw name="Capture Page Screenshot" owner="SeleniumLibrary">
<msg time="2025-01-28T18:10:55.479524" level="INFO" html="true">&lt;/td&gt;&lt;/tr&gt;&lt;tr&gt;&lt;td colspan="3"&gt;&lt;a href="screenshots/evidenciaCT006.png"&gt;&lt;img src="screenshots/evidenciaCT006.png" width="800px"&gt;&lt;/a&gt;</msg>
<arg>${file_name}</arg>
<doc>Takes a screenshot of the current page and embeds it into a log file.</doc>
<status status="PASS" start="2025-01-28T18:10:55.297101" elapsed="0.182423"/>
</kw>
<arg>${file_path}evidenciaCT006.png</arg>
<status status="PASS" start="2025-01-28T18:10:55.296103" elapsed="0.183421"/>
</kw>
<status status="PASS" start="2025-01-28T18:10:55.278150" elapsed="0.201374"/>
</kw>
<status status="PASS" start="2025-01-28T18:10:49.390522" elapsed="6.089002"/>
</test>
<test id="s1-s2-t3" name="CT007 — Editar Cliente através do botão na listagem de clientes" line="20">
<kw name="Dado que esteja em Gestão de Clientes" owner="gerenciarClientePage">
<kw name="que esteja na home page" owner="homePage">
<kw name="Open App" owner="openBrowser">
<kw name="Open Browser" owner="SeleniumLibrary">
<msg time="2025-01-28T18:10:55.482519" level="INFO">Opening browser 'Chrome' to base url 'https://challenge.primecontrol.com.br/'.</msg>
<arg>${URL}</arg>
<arg>${BROWSER}</arg>
<doc>Opens a new browser instance to the optional ``url``.</doc>
<status status="PASS" start="2025-01-28T18:10:55.481522" elapsed="2.291611"/>
</kw>
<kw name="Maximize Browser Window" owner="SeleniumLibrary">
<doc>Maximizes current browser window.</doc>
<status status="PASS" start="2025-01-28T18:10:57.773133" elapsed="0.101729"/>
</kw>
<kw name="Wait Until Element Is Visible" owner="SeleniumLibrary">
<arg>${HOME}</arg>
<doc>Waits until the element ``locator`` is visible.</doc>
<status status="PASS" start="2025-01-28T18:10:57.874862" elapsed="0.037421"/>
</kw>
<status status="PASS" start="2025-01-28T18:10:55.481522" elapsed="2.430761"/>
</kw>
<status status="PASS" start="2025-01-28T18:10:55.481522" elapsed="2.430761"/>
</kw>
<kw name="clico no botão fazer login" owner="loginPage">
<kw name="Wait Until Element Is Visible" owner="SeleniumLibrary">
<arg>${HOME_BTN_LOGIN}</arg>
<arg>timeout=5s</arg>
<doc>Waits until the element ``locator`` is visible.</doc>
<status status="PASS" start="2025-01-28T18:10:57.913277" elapsed="0.025478"/>
</kw>
<kw name="Click Element" owner="SeleniumLibrary">
<msg time="2025-01-28T18:10:57.941720" level="INFO">Clicking element 'xpath=//a[contains(.,'Fazer Login')]'.</msg>
<arg>${HOME_BTN_LOGIN}</arg>
<doc>Click the element identified by ``locator``.</doc>
<status status="PASS" start="2025-01-28T18:10:57.940743" elapsed="0.364279"/>
</kw>
<status status="PASS" start="2025-01-28T18:10:57.912283" elapsed="0.392739"/>
</kw>
<kw name="insiro dados já cadastrado" owner="loginPage">
<kw name="Input Text" owner="SeleniumLibrary">
<msg time="2025-01-28T18:10:58.306014" level="INFO">Typing text 'ana2a.bsi@outlook.com' into text field 'id=floatingInput'.</msg>
<arg>${HOME_INPUT_EMAIL}</arg>
<arg>${HOME_EMAIL_CADASTRADO}</arg>
<doc>Types the given ``text`` into the text field identified by ``locator``.</doc>
<status status="PASS" start="2025-01-28T18:10:58.305022" elapsed="0.139179"/>
</kw>
<kw name="Input Text" owner="SeleniumLibrary">
<msg time="2025-01-28T18:10:58.445198" level="INFO">Typing text '123456' into text field 'id=floatingPassword'.</msg>
<arg>${HOME_INPUT_PASSWORD}</arg>
<arg>${HOME_SENHA_CADASTRO}</arg>
<doc>Types the given ``text`` into the text field identified by ``locator``.</doc>
<status status="PASS" start="2025-01-28T18:10:58.445198" elapsed="0.070752"/>
</kw>
<kw name="Click Button" owner="SeleniumLibrary">
<msg time="2025-01-28T18:10:58.516946" level="INFO">Clicking button 'xpath=//button[@type='button']'.</msg>
<arg>${LOGIN_BTN_ACESSAR}</arg>
<doc>Clicks the button identified by ``locator``.</doc>
<status status="PASS" start="2025-01-28T18:10:58.516946" elapsed="0.090087"/>
</kw>
<status status="PASS" start="2025-01-28T18:10:58.305022" elapsed="0.302011"/>
</kw>
<kw name="sou direcionado para Gestão de Clientes" owner="loginPage">
<kw name="Wait Until Element Is Visible" owner="SeleniumLibrary">
<arg>${PAGE_GCLIENTE}</arg>
<arg>timeout=5s</arg>
<doc>Waits until the element ``locator`` is visible.</doc>
<status status="PASS" start="2025-01-28T18:10:58.607702" elapsed="1.101398"/>
</kw>
<kw name="Take Screenshot" owner="utils">
<kw name="Capture Page Screenshot" owner="SeleniumLibrary">
<msg time="2025-01-28T18:10:59.859232" level="INFO" html="true">&lt;/td&gt;&lt;/tr&gt;&lt;tr&gt;&lt;td colspan="3"&gt;&lt;a href="screenshots/evidenciaCT003.png"&gt;&lt;img src="screenshots/evidenciaCT003.png" width="800px"&gt;&lt;/a&gt;</msg>
<arg>${file_name}</arg>
<doc>Takes a screenshot of the current page and embeds it into a log file.</doc>
<status status="PASS" start="2025-01-28T18:10:59.710098" elapsed="0.150128"/>
</kw>
<arg>${file_path}evidenciaCT003.png</arg>
<status status="PASS" start="2025-01-28T18:10:59.709100" elapsed="0.151126"/>
</kw>
<status status="PASS" start="2025-01-28T18:10:58.607033" elapsed="1.253193"/>
</kw>
<status status="PASS" start="2025-01-28T18:10:55.481522" elapsed="4.378704"/>
</kw>
<kw name="E a listagem de clientes está carregada com dados válidos" owner="gerenciarClientePage">
<kw name="Wait Until Element Is Visible" owner="SeleniumLibrary">
<arg>${CG_VALIDAR}</arg>
<arg>timeout=10s</arg>
<doc>Waits until the element ``locator`` is visible.</doc>
<status status="PASS" start="2025-01-28T18:10:59.861223" elapsed="0.020480"/>
</kw>
<status status="PASS" start="2025-01-28T18:10:59.861223" elapsed="0.020480"/>
</kw>
<kw name="E clico no botão &quot;Editar&quot; correspondente ao cliente desejado na listagem" owner="gerenciarClientePage">
<kw name="Click Button" owner="SeleniumLibrary">
<msg time="2025-01-28T18:10:59.883711" level="INFO">Clicking button 'xpath=//a[contains(@href, '/app/editarcliente/fDQsu0bzufJnyhWzZuMg')]'.</msg>
<msg time="2025-01-28T18:11:00.074109" level="INFO" html="true">&lt;/td&gt;&lt;/tr&gt;&lt;tr&gt;&lt;td colspan="3"&gt;&lt;a href="selenium-screenshot-3.png"&gt;&lt;img src="selenium-screenshot-3.png" width="800px"&gt;&lt;/a&gt;</msg>
<msg time="2025-01-28T18:11:00.074109" level="FAIL">Button with locator 'xpath=//a[contains(@href, '/app/editarcliente/fDQsu0bzufJnyhWzZuMg')]' not found.</msg>
<arg>${CG_EDITAR_BTN}</arg>
<doc>Clicks the button identified by ``locator``.</doc>
<status status="FAIL" start="2025-01-28T18:10:59.883252" elapsed="0.193850">Button with locator 'xpath=//a[contains(@href, '/app/editarcliente/fDQsu0bzufJnyhWzZuMg')]' not found.</status>
</kw>
<status status="FAIL" start="2025-01-28T18:10:59.882700" elapsed="0.194402">Button with locator 'xpath=//a[contains(@href, '/app/editarcliente/fDQsu0bzufJnyhWzZuMg')]' not found.</status>
</kw>
<kw name="E sou redirecionado para a página de edição do cliente" owner="gerenciarClientePage">
<status status="NOT RUN" start="2025-01-28T18:11:00.078118" elapsed="0.000108"/>
</kw>
<kw name="Quando atualizo algum dados necessários do cliente" owner="gerenciarClientePage">
<status status="NOT RUN" start="2025-01-28T18:11:00.078226" elapsed="0.000000"/>
</kw>
<kw name="E clico no botão &quot;Salvar&quot;" owner="gerenciarClientePage">
<status status="NOT RUN" start="2025-01-28T18:11:00.078226" elapsed="0.000000"/>
</kw>
<kw name="Então sou redirecionado para a página inicial &quot; Gestão de Clientes”" owner="gerenciarClientePage">
<status status="NOT RUN" start="2025-01-28T18:11:00.078226" elapsed="0.000000"/>
</kw>
<status status="FAIL" start="2025-01-28T18:10:55.480525" elapsed="4.598572">Button with locator 'xpath=//a[contains(@href, '/app/editarcliente/fDQsu0bzufJnyhWzZuMg')]' not found.</status>
</test>
<test id="s1-s2-t4" name="CT008 — Validar Cadastro de Clientes com Email inválido na aba Perfil" line="29">
<kw name="Dado que esteja em Gestão de Clientes" owner="gerenciarClientePage">
<kw name="que esteja na home page" owner="homePage">
<kw name="Open App" owner="openBrowser">
<kw name="Open Browser" owner="SeleniumLibrary">
<msg time="2025-01-28T18:11:00.082716" level="INFO">Opening browser 'Chrome' to base url 'https://challenge.primecontrol.com.br/'.</msg>
<arg>${URL}</arg>
<arg>${BROWSER}</arg>
<doc>Opens a new browser instance to the optional ``url``.</doc>
<status status="PASS" start="2025-01-28T18:11:00.082088" elapsed="2.689969"/>
</kw>
<kw name="Maximize Browser Window" owner="SeleniumLibrary">
<doc>Maximizes current browser window.</doc>
<status status="PASS" start="2025-01-28T18:11:02.772057" elapsed="0.112414"/>
</kw>
<kw name="Wait Until Element Is Visible" owner="SeleniumLibrary">
<arg>${HOME}</arg>
<doc>Waits until the element ``locator`` is visible.</doc>
<status status="PASS" start="2025-01-28T18:11:02.885792" elapsed="0.047956"/>
</kw>
<status status="PASS" start="2025-01-28T18:11:00.081215" elapsed="2.852626"/>
</kw>
<status status="PASS" start="2025-01-28T18:11:00.081100" elapsed="2.852741"/>
</kw>
<kw name="clico no botão fazer login" owner="loginPage">
<kw name="Wait Until Element Is Visible" owner="SeleniumLibrary">
<arg>${HOME_BTN_LOGIN}</arg>
<arg>timeout=5s</arg>
<doc>Waits until the element ``locator`` is visible.</doc>
<status status="PASS" start="2025-01-28T18:11:02.934765" elapsed="0.028442"/>
</kw>
<kw name="Click Element" owner="SeleniumLibrary">
<msg time="2025-01-28T18:11:02.964205" level="INFO">Clicking element 'xpath=//a[contains(.,'Fazer Login')]'.</msg>
<arg>${HOME_BTN_LOGIN}</arg>
<doc>Click the element identified by ``locator``.</doc>
<status status="PASS" start="2025-01-28T18:11:02.964205" elapsed="0.318007"/>
</kw>
<status status="PASS" start="2025-01-28T18:11:02.934284" elapsed="0.348912"/>
</kw>
<kw name="insiro dados já cadastrado" owner="loginPage">
<kw name="Input Text" owner="SeleniumLibrary">
<msg time="2025-01-28T18:11:03.286190" level="INFO">Typing text 'ana2a.bsi@outlook.com' into text field 'id=floatingInput'.</msg>
<arg>${HOME_INPUT_EMAIL}</arg>
<arg>${HOME_EMAIL_CADASTRADO}</arg>
<doc>Types the given ``text`` into the text field identified by ``locator``.</doc>
<status status="PASS" start="2025-01-28T18:11:03.284307" elapsed="0.211228"/>
</kw>
<kw name="Input Text" owner="SeleniumLibrary">
<msg time="2025-01-28T18:11:03.496667" level="INFO">Typing text '123456' into text field 'id=floatingPassword'.</msg>
<arg>${HOME_INPUT_PASSWORD}</arg>
<arg>${HOME_SENHA_CADASTRO}</arg>
<doc>Types the given ``text`` into the text field identified by ``locator``.</doc>
<status status="PASS" start="2025-01-28T18:11:03.496667" elapsed="0.078200"/>
</kw>
<kw name="Click Button" owner="SeleniumLibrary">
<msg time="2025-01-28T18:11:03.574867" level="INFO">Clicking button 'xpath=//button[@type='button']'.</msg>
<arg>${LOGIN_BTN_ACESSAR}</arg>
<doc>Clicks the button identified by ``locator``.</doc>
<status status="PASS" start="2025-01-28T18:11:03.574867" elapsed="0.067311"/>
</kw>
<status status="PASS" start="2025-01-28T18:11:03.284193" elapsed="0.357985"/>
</kw>
<kw name="sou direcionado para Gestão de Clientes" owner="loginPage">
<kw name="Wait Until Element Is Visible" owner="SeleniumLibrary">
<arg>${PAGE_GCLIENTE}</arg>
<arg>timeout=5s</arg>
<doc>Waits until the element ``locator`` is visible.</doc>
<status status="PASS" start="2025-01-28T18:11:03.642178" elapsed="1.125653"/>
</kw>
<kw name="Take Screenshot" owner="utils">
<kw name="Capture Page Screenshot" owner="SeleniumLibrary">
<msg time="2025-01-28T18:11:04.904912" level="INFO" html="true">&lt;/td&gt;&lt;/tr&gt;&lt;tr&gt;&lt;td colspan="3"&gt;&lt;a href="screenshots/evidenciaCT003.png"&gt;&lt;img src="screenshots/evidenciaCT003.png" width="800px"&gt;&lt;/a&gt;</msg>
<arg>${file_name}</arg>
<doc>Takes a screenshot of the current page and embeds it into a log file.</doc>
<status status="PASS" start="2025-01-28T18:11:04.767831" elapsed="0.137081"/>
</kw>
<arg>${file_path}evidenciaCT003.png</arg>
<status status="PASS" start="2025-01-28T18:11:04.767831" elapsed="0.137081"/>
</kw>
<status status="PASS" start="2025-01-28T18:11:03.642178" elapsed="1.262734"/>
</kw>
<status status="PASS" start="2025-01-28T18:11:00.080093" elapsed="4.824819"/>
</kw>
<kw name="E clico na aba Cadastrar Cliente" owner="gerenciarClientePage">
<kw name="Wait Until Element Is Visible" owner="SeleniumLibrary">
<arg>${GC_ABA_CADASTRARCLIENTE}</arg>
<arg>timeout=5s</arg>
<doc>Waits until the element ``locator`` is visible.</doc>
<status status="PASS" start="2025-01-28T18:11:04.904912" elapsed="0.023976"/>
</kw>
<kw name="Click Element" owner="SeleniumLibrary">
<msg time="2025-01-28T18:11:04.929877" level="INFO">Clicking element 'xpath=//a[contains(.,'Cadastrar Cliente')]'.</msg>
<arg>${GC_ABA_CADASTRARCLIENTE}</arg>
<doc>Click the element identified by ``locator``.</doc>
<status status="PASS" start="2025-01-28T18:11:04.928888" elapsed="0.074210"/>
</kw>
<status status="PASS" start="2025-01-28T18:11:04.904912" elapsed="0.098186"/>
</kw>
<kw name="Quando efetuo cadastro de cliente" owner="gerenciarClientePage">
<kw name="Input Text" owner="SeleniumLibrary">
<msg time="2025-01-28T18:11:05.004095" level="INFO">Typing text 'Test' into text field 'xpath=//div[contains(@class, 'col-md-9')]//input[@type='text' and contains(@class, 'form-control')]'.</msg>
<arg>${CG_INPUT_NOME}</arg>
<arg>${nome}</arg>
<doc>Types the given ``text`` into the text field identified by ``locator``.</doc>
<status status="PASS" start="2025-01-28T18:11:05.004095" elapsed="0.106912"/>
</kw>
<kw name="Input Text" owner="SeleniumLibrary">
<msg time="2025-01-28T18:11:05.112017" level="INFO">Typing text '11999999999' into text field 'xpath=//input[contains(@type,'tel')]'.</msg>
<arg>${CG_INPUT_TEL}</arg>
<arg>${tel}</arg>
<doc>Types the given ``text`` into the text field identified by ``locator``.</doc>
<status status="PASS" start="2025-01-28T18:11:05.111007" elapsed="0.128467"/>
</kw>
<kw name="Wait Until Element Is Visible" owner="SeleniumLibrary">
<arg>${UPLOAD_PICTURE}</arg>
<arg>timeout=10s</arg>
<doc>Waits until the element ``locator`` is visible.</doc>
<status status="PASS" start="2025-01-28T18:11:05.239474" elapsed="0.028923"/>
</kw>
<kw name="Click Element" owner="SeleniumLibrary">
<msg time="2025-01-28T18:11:05.269394" level="INFO">Clicking element 'xpath=//span[@class='add-image-button']'.</msg>
<arg>${UPLOAD_PICTURE}</arg>
<doc>Click the element identified by ``locator``.</doc>
<status status="PASS" start="2025-01-28T18:11:05.268397" elapsed="0.064211"/>
</kw>
<kw name="Choose File" owner="SeleniumLibrary">
<msg time="2025-01-28T18:11:05.333548" level="INFO">Sending C:\Users\Sistemas\.vscode\Desafio_Robot_Susana_Bergamo\resources\Data\imagem-de-perfil-teste.jpg to browser.</msg>
<arg>${CG_ESCOLHERPHOTO}</arg>
<arg>${PHOTO_PATH}</arg>
<doc>Inputs the ``file_path`` into the file input field ``locator``.</doc>
<status status="PASS" start="2025-01-28T18:11:05.332608" elapsed="0.045818"/>
</kw>
<kw name="Execute Javascript" owner="SeleniumLibrary">
<msg time="2025-01-28T18:11:05.378426" level="INFO">Executing JavaScript:
window.focus()
Without any arguments.</msg>
<arg>window.focus()</arg>
<doc>Executes the given JavaScript code with possible arguments.</doc>
<status status="PASS" start="2025-01-28T18:11:05.378426" elapsed="0.006984"/>
</kw>
<kw name="Execute Javascript" owner="SeleniumLibrary">
<msg time="2025-01-28T18:11:05.386844" level="INFO">Executing JavaScript:
window.scrollBy(0, 500)
Without any arguments.</msg>
<arg>window.scrollBy(0, 500)</arg>
<doc>Executes the given JavaScript code with possible arguments.</doc>
<status status="PASS" start="2025-01-28T18:11:05.386405" elapsed="0.006252"/>
</kw>
<kw name="Input Text" owner="SeleniumLibrary">
<msg time="2025-01-28T18:11:05.392657" level="INFO">Typing text '11111-111' into text field 'xpath=//label[text()='CEP:']/following-sibling::input'.</msg>
<arg>${CG_INPUT_CEP}</arg>
<arg>${cep}</arg>
<doc>Types the given ``text`` into the text field identified by ``locator``.</doc>
<status status="PASS" start="2025-01-28T18:11:05.392657" elapsed="0.221113"/>
</kw>
<kw name="Input Text" owner="SeleniumLibrary">
<msg time="2025-01-28T18:11:05.613770" level="INFO">Typing text '2' into text field 'xpath=//label[text()='Número da residência:']/following-sibling::input'.</msg>
<arg>${CG_INPUT_NUM}</arg>
<arg>${num}</arg>
<doc>Types the given ``text`` into the text field identified by ``locator``.</doc>
<status status="PASS" start="2025-01-28T18:11:05.613770" elapsed="0.128670"/>
</kw>
<kw name="Execute Javascript" owner="SeleniumLibrary">
<msg time="2025-01-28T18:11:05.742440" level="INFO">Executing JavaScript:
window.scrollBy(0, 500)
Without any arguments.</msg>
<arg>window.scrollBy(0, 500)</arg>
<doc>Executes the given JavaScript code with possible arguments.</doc>
<status status="PASS" start="2025-01-28T18:11:05.742440" elapsed="0.004987"/>
</kw>
<kw name="Input Text" owner="SeleniumLibrary">
<msg time="2025-01-28T18:11:05.748438" level="INFO">Typing text 'testando' into text field 'xpath=//label[text()='Endereço:']/following-sibling::input'.</msg>
<arg>${CG_INPUT_END}</arg>
<arg>${end}</arg>
<doc>Types the given ``text`` into the text field identified by ``locator``.</doc>
<status status="PASS" start="2025-01-28T18:11:05.747756" elapsed="0.178181"/>
</kw>
<kw name="Input Text" owner="SeleniumLibrary">
<msg time="2025-01-28T18:11:05.926932" level="INFO">Typing text 'na' into text field 'xpath=//label[text()='Complemento:']/following-sibling::input'.</msg>
<arg>${CG_INPUT_COMP}</arg>
<arg>${comp}</arg>
<doc>Types the given ``text`` into the text field identified by ``locator``.</doc>
<status status="PASS" start="2025-01-28T18:11:05.925937" elapsed="0.156644"/>
</kw>
<kw name="Execute Javascript" owner="SeleniumLibrary">
<msg time="2025-01-28T18:11:06.084267" level="INFO">Executing JavaScript:
window.scrollBy(0, 500)
Without any arguments.</msg>
<arg>window.scrollBy(0, 500)</arg>
<doc>Executes the given JavaScript code with possible arguments.</doc>
<status status="PASS" start="2025-01-28T18:11:06.083266" elapsed="0.015611"/>
</kw>
<kw name="Wait Until Element Is Visible" owner="SeleniumLibrary">
<arg>${CG_SELECT_PAIS}</arg>
<arg>timeout=5s</arg>
<doc>Waits until the element ``locator`` is visible.</doc>
<status status="PASS" start="2025-01-28T18:11:06.099224" elapsed="0.048421"/>
</kw>
<kw name="Click Element" owner="SeleniumLibrary">
<msg time="2025-01-28T18:11:06.149626" level="INFO">Clicking element 'xpath=//select[@class='form-control']'.</msg>
<arg>${CG_SELECT_PAIS}</arg>
<doc>Click the element identified by ``locator``.</doc>
<status status="PASS" start="2025-01-28T18:11:06.148625" elapsed="0.127739"/>
</kw>
<kw name="Select From List By Label" owner="SeleniumLibrary">
<msg time="2025-01-28T18:11:06.276364" level="INFO">Selecting options from selection list 'xpath=//select[@class='form-control']' by label Brasil.</msg>
<arg>${CG_SELECT_PAIS}</arg>
<arg>${país}</arg>
<doc>Selects options from selection list ``locator`` by ``labels``.</doc>
<status status="PASS" start="2025-01-28T18:11:06.276364" elapsed="0.084776"/>
</kw>
<kw name="Press Key" owner="SeleniumLibrary">
<arg>${CG_SELECT_PAIS}</arg>
<arg>${país}</arg>
<doc>Simulates user pressing key on element identified by ``locator``.</doc>
<status status="PASS" start="2025-01-28T18:11:06.361140" elapsed="0.049986"/>
</kw>
<kw name="Set Variable" owner="BuiltIn">
<msg time="2025-01-28T18:11:06.411126" level="INFO">${xpath_genero} = //label[contains(.,'Feminino')]</msg>
<var>${xpath_genero}</var>
<arg>//label[contains(.,'${genero}')]</arg>
<doc>Returns the given values which can then be assigned to a variables.</doc>
<status status="PASS" start="2025-01-28T18:11:06.411126" elapsed="0.000000"/>
</kw>
<kw name="Wait Until Element Is Visible" owner="SeleniumLibrary">
<arg>${xpath_genero}</arg>
<arg>timeout=5s</arg>
<doc>Waits until the element ``locator`` is visible.</doc>
<status status="PASS" start="2025-01-28T18:11:06.411126" elapsed="0.017952"/>
</kw>
<kw name="Scroll Element Into View" owner="SeleniumLibrary">
<arg>${xpath_genero}</arg>
<doc>Scrolls the element identified by ``locator`` into view.</doc>
<status status="PASS" start="2025-01-28T18:11:06.429078" elapsed="0.279653"/>
</kw>
<kw name="Click Element" owner="SeleniumLibrary">
<msg time="2025-01-28T18:11:06.709728" level="INFO">Clicking element '//label[contains(.,'Feminino')]'.</msg>
<arg>${xpath_genero}</arg>
<doc>Click the element identified by ``locator``.</doc>
<status status="PASS" start="2025-01-28T18:11:06.709728" elapsed="0.094909"/>
</kw>
<kw name="Execute Javascript" owner="SeleniumLibrary">
<msg time="2025-01-28T18:11:06.805600" level="INFO">Executing JavaScript:
window.scrollBy(0, 200)
Without any arguments.</msg>
<arg>window.scrollBy(0, 200)</arg>
<doc>Executes the given JavaScript code with possible arguments.</doc>
<status status="PASS" start="2025-01-28T18:11:06.804637" elapsed="0.005555"/>
</kw>
<kw name="Sleep" owner="BuiltIn">
<msg time="2025-01-28T18:11:08.810366" level="INFO">Slept 2 seconds.</msg>
<arg>2s</arg>
<doc>Pauses the test executed for the given time.</doc>
<status status="PASS" start="2025-01-28T18:11:06.810192" elapsed="2.000174"/>
</kw>
<kw name="Set Variable" owner="BuiltIn">
<msg time="2025-01-28T18:11:08.810366" level="INFO">${xpath_ferramenta} = //input[contains(@value,'robot')]</msg>
<var>${xpath_ferramenta}</var>
<arg>//input[contains(@value,'${ferramenta}')]</arg>
<doc>Returns the given values which can then be assigned to a variables.</doc>
<status status="PASS" start="2025-01-28T18:11:08.810366" elapsed="0.000000"/>
</kw>
<kw name="Wait Until Element Is Visible" owner="SeleniumLibrary">
<arg>${xpath_ferramenta}</arg>
<arg>timeout=5s</arg>
<doc>Waits until the element ``locator`` is visible.</doc>
<status status="PASS" start="2025-01-28T18:11:08.810366" elapsed="0.016956"/>
</kw>
<kw name="Scroll Element Into View" owner="SeleniumLibrary">
<arg>${xpath_ferramenta}</arg>
<doc>Scrolls the element identified by ``locator`` into view.</doc>
<status status="PASS" start="2025-01-28T18:11:08.827322" elapsed="0.268836"/>
</kw>
<kw name="Click Element" owner="SeleniumLibrary">
<msg time="2025-01-28T18:11:09.096158" level="INFO">Clicking element '//input[contains(@value,'robot')]'.</msg>
<arg>${xpath_ferramenta}</arg>
<doc>Click the element identified by ``locator``.</doc>
<status status="PASS" start="2025-01-28T18:11:09.096158" elapsed="0.062396"/>
</kw>
<arg>Test</arg>
<arg>11999999999</arg>
<arg>11111-111</arg>
<arg>2</arg>
<arg>testando</arg>
<arg>na</arg>
<arg>Brasil</arg>
<arg>Feminino</arg>
<arg>robot</arg>
<status status="PASS" start="2025-01-28T18:11:05.003098" elapsed="4.155456"/>
</kw>
<kw name="Mas com email em formato inválido" owner="gerenciarClientePage">
<kw name="Input Text" owner="SeleniumLibrary">
<msg time="2025-01-28T18:11:09.159552" level="INFO">Typing text 'test@a' into text field 'xpath=//input[contains(@type,'email')]'.</msg>
<arg>${CG_INPUT_EMAIL}</arg>
<arg>${email}</arg>
<doc>Types the given ``text`` into the text field identified by ``locator``.</doc>
<status status="PASS" start="2025-01-28T18:11:09.159552" elapsed="0.097208"/>
</kw>
<arg>test@a</arg>
<status status="PASS" start="2025-01-28T18:11:09.158554" elapsed="0.098206"/>
</kw>
<kw name="E clico em salvar" owner="gerenciarClientePage">
<kw name="Wait Until Element Is Visible" owner="SeleniumLibrary">
<arg>${CG_BTN_SALVAR}</arg>
<arg>timeout=5s</arg>
<doc>Waits until the element ``locator`` is visible.</doc>
<status status="PASS" start="2025-01-28T18:11:09.258755" elapsed="0.027925"/>
</kw>
<kw name="Click Element" owner="SeleniumLibrary">
<msg time="2025-01-28T18:11:09.287677" level="INFO">Clicking element 'xpath=//button[@type='submit']'.</msg>
<arg>${CG_BTN_SALVAR}</arg>
<doc>Click the element identified by ``locator``.</doc>
<status status="PASS" start="2025-01-28T18:11:09.286680" elapsed="0.111392"/>
</kw>
<status status="PASS" start="2025-01-28T18:11:09.257763" elapsed="0.140309"/>
</kw>
<kw name="Então cliente cadastrado e exibido na lista de clientes" owner="gerenciarClientePage">
<kw name="Set Variable" owner="BuiltIn">
<msg time="2025-01-28T18:11:09.400154" level="INFO">${xpath_email} = //td[contains(.,'test@a')]</msg>
<var>${xpath_email}</var>
<arg>//td[contains(.,'${email}')]</arg>
<doc>Returns the given values which can then be assigned to a variables.</doc>
<status status="PASS" start="2025-01-28T18:11:09.400154" elapsed="0.000911"/>
</kw>
<kw name="Take Screenshot" owner="utils">
<kw name="Capture Page Screenshot" owner="SeleniumLibrary">
<msg time="2025-01-28T18:11:09.645337" level="INFO" html="true">&lt;/td&gt;&lt;/tr&gt;&lt;tr&gt;&lt;td colspan="3"&gt;&lt;a href="screenshots/evidenciaCT005.png"&gt;&lt;img src="screenshots/evidenciaCT005.png" width="800px"&gt;&lt;/a&gt;</msg>
<arg>${file_name}</arg>
<doc>Takes a screenshot of the current page and embeds it into a log file.</doc>
<status status="PASS" start="2025-01-28T18:11:09.401065" elapsed="0.244272"/>
</kw>
<arg>${file_path}evidenciaCT005.png</arg>
<status status="PASS" start="2025-01-28T18:11:09.401065" elapsed="0.244272"/>
</kw>
<arg>test@a</arg>
<status status="PASS" start="2025-01-28T18:11:09.400154" elapsed="0.245183"/>
</kw>
<status status="PASS" start="2025-01-28T18:11:00.079395" elapsed="9.566951"/>
</test>
<test id="s1-s2-t5" name="CT009— Validar preenchimento de campos obrigatórios na aba Perfil" line="37">
<kw name="Dado que esteja em Gestão de Clientes" owner="gerenciarClientePage">
<kw name="que esteja na home page" owner="homePage">
<kw name="Open App" owner="openBrowser">
<kw name="Open Browser" owner="SeleniumLibrary">
<msg time="2025-01-28T18:11:09.648329" level="INFO">Opening browser 'Chrome' to base url 'https://challenge.primecontrol.com.br/'.</msg>
<arg>${URL}</arg>
<arg>${BROWSER}</arg>
<doc>Opens a new browser instance to the optional ``url``.</doc>
<status status="PASS" start="2025-01-28T18:11:09.648329" elapsed="2.456985"/>
</kw>
<kw name="Maximize Browser Window" owner="SeleniumLibrary">
<doc>Maximizes current browser window.</doc>
<status status="PASS" start="2025-01-28T18:11:12.105314" elapsed="0.158285"/>
</kw>
<kw name="Wait Until Element Is Visible" owner="SeleniumLibrary">
<arg>${HOME}</arg>
<doc>Waits until the element ``locator`` is visible.</doc>
<status status="PASS" start="2025-01-28T18:11:12.263599" elapsed="0.049868"/>
</kw>
<status status="PASS" start="2025-01-28T18:11:09.648329" elapsed="2.666146"/>
</kw>
<status status="PASS" start="2025-01-28T18:11:09.647333" elapsed="2.667466"/>
</kw>
<kw name="clico no botão fazer login" owner="loginPage">
<kw name="Wait Until Element Is Visible" owner="SeleniumLibrary">
<arg>${HOME_BTN_LOGIN}</arg>
<arg>timeout=5s</arg>
<doc>Waits until the element ``locator`` is visible.</doc>
<status status="PASS" start="2025-01-28T18:11:12.316468" elapsed="0.025920"/>
</kw>
<kw name="Click Element" owner="SeleniumLibrary">
<msg time="2025-01-28T18:11:12.343484" level="INFO">Clicking element 'xpath=//a[contains(.,'Fazer Login')]'.</msg>
<arg>${HOME_BTN_LOGIN}</arg>
<doc>Click the element identified by ``locator``.</doc>
<status status="PASS" start="2025-01-28T18:11:12.342388" elapsed="0.400044"/>
</kw>
<status status="PASS" start="2025-01-28T18:11:12.314799" elapsed="0.427633"/>
</kw>
<kw name="insiro dados já cadastrado" owner="loginPage">
<kw name="Input Text" owner="SeleniumLibrary">
<msg time="2025-01-28T18:11:12.744321" level="INFO">Typing text 'ana2a.bsi@outlook.com' into text field 'id=floatingInput'.</msg>
<arg>${HOME_INPUT_EMAIL}</arg>
<arg>${HOME_EMAIL_CADASTRADO}</arg>
<doc>Types the given ``text`` into the text field identified by ``locator``.</doc>
<status status="PASS" start="2025-01-28T18:11:12.743326" elapsed="0.150606"/>
</kw>
<kw name="Input Text" owner="SeleniumLibrary">
<msg time="2025-01-28T18:11:12.894462" level="INFO">Typing text '123456' into text field 'id=floatingPassword'.</msg>
<arg>${HOME_INPUT_PASSWORD}</arg>
<arg>${HOME_SENHA_CADASTRO}</arg>
<doc>Types the given ``text`` into the text field identified by ``locator``.</doc>
<status status="PASS" start="2025-01-28T18:11:12.894462" elapsed="0.082778"/>
</kw>
<kw name="Click Button" owner="SeleniumLibrary">
<msg time="2025-01-28T18:11:12.978239" level="INFO">Clicking button 'xpath=//button[@type='button']'.</msg>
<arg>${LOGIN_BTN_ACESSAR}</arg>
<doc>Clicks the button identified by ``locator``.</doc>
<status status="PASS" start="2025-01-28T18:11:12.978239" elapsed="0.075826"/>
</kw>
<status status="PASS" start="2025-01-28T18:11:12.743326" elapsed="0.310739"/>
</kw>
<kw name="sou direcionado para Gestão de Clientes" owner="loginPage">
<kw name="Wait Until Element Is Visible" owner="SeleniumLibrary">
<arg>${PAGE_GCLIENTE}</arg>
<arg>timeout=5s</arg>
<doc>Waits until the element ``locator`` is visible.</doc>
<status status="PASS" start="2025-01-28T18:11:13.055061" elapsed="1.105753"/>
</kw>
<kw name="Take Screenshot" owner="utils">
<kw name="Capture Page Screenshot" owner="SeleniumLibrary">
<msg time="2025-01-28T18:11:14.340090" level="INFO" html="true">&lt;/td&gt;&lt;/tr&gt;&lt;tr&gt;&lt;td colspan="3"&gt;&lt;a href="screenshots/evidenciaCT003.png"&gt;&lt;img src="screenshots/evidenciaCT003.png" width="800px"&gt;&lt;/a&gt;</msg>
<arg>${file_name}</arg>
<doc>Takes a screenshot of the current page and embeds it into a log file.</doc>
<status status="PASS" start="2025-01-28T18:11:14.161813" elapsed="0.178277"/>
</kw>
<arg>${file_path}evidenciaCT003.png</arg>
<status status="PASS" start="2025-01-28T18:11:14.160814" elapsed="0.179276"/>
</kw>
<status status="PASS" start="2025-01-28T18:11:13.054065" elapsed="1.286025"/>
</kw>
<status status="PASS" start="2025-01-28T18:11:09.647333" elapsed="4.692757"/>
</kw>
<kw name="E clico na aba Cadastrar Cliente" owner="gerenciarClientePage">
<kw name="Wait Until Element Is Visible" owner="SeleniumLibrary">
<arg>${GC_ABA_CADASTRARCLIENTE}</arg>
<arg>timeout=5s</arg>
<doc>Waits until the element ``locator`` is visible.</doc>
<status status="PASS" start="2025-01-28T18:11:14.341087" elapsed="0.021942"/>
</kw>
<kw name="Click Element" owner="SeleniumLibrary">
<msg time="2025-01-28T18:11:14.365402" level="INFO">Clicking element 'xpath=//a[contains(.,'Cadastrar Cliente')]'.</msg>
<arg>${GC_ABA_CADASTRARCLIENTE}</arg>
<doc>Click the element identified by ``locator``.</doc>
<status status="PASS" start="2025-01-28T18:11:14.364093" elapsed="0.081395"/>
</kw>
<status status="PASS" start="2025-01-28T18:11:14.341087" elapsed="0.104401"/>
</kw>
<kw name="Quando efetuo cadastro com campos de nome em branco" owner="gerenciarClientePage">
<kw name="Input Text" owner="SeleniumLibrary">
<msg time="2025-01-28T18:11:14.448610" level="INFO">Typing text '11999999999' into text field 'xpath=//input[contains(@type,'tel')]'.</msg>
<arg>${CG_INPUT_TEL}</arg>
<arg>${tel}</arg>
<doc>Types the given ``text`` into the text field identified by ``locator``.</doc>
<status status="PASS" start="2025-01-28T18:11:14.447498" elapsed="0.112684"/>
</kw>
<kw name="Input Text" owner="SeleniumLibrary">
<msg time="2025-01-28T18:11:14.560182" level="INFO">Typing text 'email@email.com' into text field 'xpath=//input[contains(@type,'email')]'.</msg>
<arg>${CG_INPUT_EMAIL}</arg>
<arg>${email}</arg>
<doc>Types the given ``text`` into the text field identified by ``locator``.</doc>
<status status="PASS" start="2025-01-28T18:11:14.560182" elapsed="0.113284"/>
</kw>
<kw name="Wait Until Element Is Visible" owner="SeleniumLibrary">
<arg>${UPLOAD_PICTURE}</arg>
<arg>timeout=10s</arg>
<doc>Waits until the element ``locator`` is visible.</doc>
<status status="PASS" start="2025-01-28T18:11:14.673466" elapsed="0.019360"/>
</kw>
<kw name="Click Element" owner="SeleniumLibrary">
<msg time="2025-01-28T18:11:14.693823" level="INFO">Clicking element 'xpath=//span[@class='add-image-button']'.</msg>
<arg>${UPLOAD_PICTURE}</arg>
<doc>Click the element identified by ``locator``.</doc>
<status status="PASS" start="2025-01-28T18:11:14.692826" elapsed="0.067817"/>
</kw>
<kw name="Choose File" owner="SeleniumLibrary">
<msg time="2025-01-28T18:11:14.761641" level="INFO">Sending C:\Users\Sistemas\.vscode\Desafio_Robot_Susana_Bergamo\resources\Data\imagem-de-perfil-teste.jpg to browser.</msg>
<arg>${CG_ESCOLHERPHOTO}</arg>
<arg>${PHOTO_PATH}</arg>
<doc>Inputs the ``file_path`` into the file input field ``locator``.</doc>
<status status="PASS" start="2025-01-28T18:11:14.761641" elapsed="0.059198"/>
</kw>
<kw name="Execute Javascript" owner="SeleniumLibrary">
<msg time="2025-01-28T18:11:14.821846" level="INFO">Executing JavaScript:
window.focus()
Without any arguments.</msg>
<arg>window.focus()</arg>
<doc>Executes the given JavaScript code with possible arguments.</doc>
<status status="PASS" start="2025-01-28T18:11:14.820839" elapsed="0.017955"/>
</kw>
<kw name="Execute Javascript" owner="SeleniumLibrary">
<msg time="2025-01-28T18:11:14.839783" level="INFO">Executing JavaScript:
window.scrollBy(0, 500)
Without any arguments.</msg>
<arg>window.scrollBy(0, 500)</arg>
<doc>Executes the given JavaScript code with possible arguments.</doc>
<status status="PASS" start="2025-01-28T18:11:14.838794" elapsed="0.011961"/>
</kw>
<kw name="Input Text" owner="SeleniumLibrary">
<msg time="2025-01-28T18:11:14.852239" level="INFO">Typing text '11111-111' into text field 'xpath=//label[text()='CEP:']/following-sibling::input'.</msg>
<arg>${CG_INPUT_CEP}</arg>
<arg>${cep}</arg>
<doc>Types the given ``text`` into the text field identified by ``locator``.</doc>
<status status="PASS" start="2025-01-28T18:11:14.851754" elapsed="0.335073"/>
</kw>
<kw name="Input Text" owner="SeleniumLibrary">
<msg time="2025-01-28T18:11:15.189333" level="INFO">Typing text '2' into text field 'xpath=//label[text()='Número da residência:']/following-sibling::input'.</msg>
<arg>${CG_INPUT_NUM}</arg>
<arg>${num}</arg>
<doc>Types the given ``text`` into the text field identified by ``locator``.</doc>
<status status="PASS" start="2025-01-28T18:11:15.187334" elapsed="0.238566"/>
</kw>
<kw name="Execute Javascript" owner="SeleniumLibrary">
<msg time="2025-01-28T18:11:15.428886" level="INFO">Executing JavaScript:
window.scrollBy(0, 500)
Without any arguments.</msg>
<arg>window.scrollBy(0, 500)</arg>
<doc>Executes the given JavaScript code with possible arguments.</doc>
<status status="PASS" start="2025-01-28T18:11:15.426982" elapsed="0.075760"/>
</kw>
<kw name="Input Text" owner="SeleniumLibrary">
<msg time="2025-01-28T18:11:15.502742" level="INFO">Typing text 'testando' into text field 'xpath=//label[text()='Endereço:']/following-sibling::input'.</msg>
<arg>${CG_INPUT_END}</arg>
<arg>${end}</arg>
<doc>Types the given ``text`` into the text field identified by ``locator``.</doc>
<status status="PASS" start="2025-01-28T18:11:15.502742" elapsed="0.240598"/>
</kw>
<kw name="Input Text" owner="SeleniumLibrary">
<msg time="2025-01-28T18:11:15.744468" level="INFO">Typing text 'na' into text field 'xpath=//label[text()='Complemento:']/following-sibling::input'.</msg>
<arg>${CG_INPUT_COMP}</arg>
<arg>${comp}</arg>
<doc>Types the given ``text`` into the text field identified by ``locator``.</doc>
<status status="PASS" start="2025-01-28T18:11:15.744241" elapsed="0.277900"/>
</kw>
<kw name="Execute Javascript" owner="SeleniumLibrary">
<msg time="2025-01-28T18:11:16.024264" level="INFO">Executing JavaScript:
window.scrollBy(0, 500)
Without any arguments.</msg>
<arg>window.scrollBy(0, 500)</arg>
<doc>Executes the given JavaScript code with possible arguments.</doc>
<status status="PASS" start="2025-01-28T18:11:16.022631" elapsed="0.011763"/>
</kw>
<kw name="Wait Until Element Is Visible" owner="SeleniumLibrary">
<arg>${CG_SELECT_PAIS}</arg>
<arg>timeout=5s</arg>
<doc>Waits until the element ``locator`` is visible.</doc>
<status status="PASS" start="2025-01-28T18:11:16.034947" elapsed="0.037569"/>
</kw>
<kw name="Click Element" owner="SeleniumLibrary">
<msg time="2025-01-28T18:11:16.073523" level="INFO">Clicking element 'xpath=//select[@class='form-control']'.</msg>
<arg>${CG_SELECT_PAIS}</arg>
<doc>Click the element identified by ``locator``.</doc>
<status status="PASS" start="2025-01-28T18:11:16.073523" elapsed="0.141903"/>
</kw>
[...]
</kw>
<status status="PASS" start="2025-01-28T18:11:19.406967" elapsed="5.458554"/>
</test>
<test id="s1-s3-t2" name="CT002 — Validar criação de uma conta com Email já cadastrado" line="12">
<kw name="Dado que esteja na home page" owner="homePage">
<kw name="Open App" owner="openBrowser">
<kw name="Open Browser" owner="SeleniumLibrary">
<msg time="2025-01-28T18:11:24.868909" level="INFO">Opening browser 'Chrome' to base url 'https://challenge.primecontrol.com.br/'.</msg>
<arg>${URL}</arg>
<arg>${BROWSER}</arg>
<doc>Opens a new browser instance to the optional ``url``.</doc>
<status status="PASS" start="2025-01-28T18:11:24.868909" elapsed="2.517758"/>
</kw>
<kw name="Maximize Browser Window" owner="SeleniumLibrary">
<doc>Maximizes current browser window.</doc>
<status status="PASS" start="2025-01-28T18:11:27.387663" elapsed="0.133645"/>
</kw>
<kw name="Wait Until Element Is Visible" owner="SeleniumLibrary">
<arg>${HOME}</arg>
<doc>Waits until the element ``locator`` is visible.</doc>
<status status="PASS" start="2025-01-28T18:11:27.521308" elapsed="0.046659"/>
</kw>
<status status="PASS" start="2025-01-28T18:11:24.868716" elapsed="2.699251"/>
</kw>
<status status="PASS" start="2025-01-28T18:11:24.867885" elapsed="2.700082"/>
</kw>
<kw name="E clico no botao criar conta" owner="homePage">
<kw name="Wait Until Element Is Visible" owner="SeleniumLibrary">
<arg>${HOME_BTN_CONTA}</arg>
<doc>Waits until the element ``locator`` is visible.</doc>
<status status="PASS" start="2025-01-28T18:11:27.568965" elapsed="0.022939"/>
</kw>
<kw name="Click Element" owner="SeleniumLibrary">
<msg time="2025-01-28T18:11:27.594909" level="INFO">Clicking element 'xpath=//a[contains(@class,'btn btn-dark btn-lg btn-banner')]'.</msg>
<arg>${HOME_BTN_CONTA}</arg>
<doc>Click the element identified by ``locator``.</doc>
<status status="PASS" start="2025-01-28T18:11:27.592906" elapsed="0.678877"/>
</kw>
<status status="PASS" start="2025-01-28T18:11:27.568965" elapsed="0.702818"/>
</kw>
<kw name="Quando insiro email já cadastrado" owner="homePage">
<kw name="Input Text" owner="SeleniumLibrary">
<msg time="2025-01-28T18:11:28.272044" level="INFO">Typing text 'ana2a.bsi@outlook.com' into text field 'id=floatingInput'.</msg>
<arg>${HOME_INPUT_EMAIL}</arg>
<arg>${HOME_EMAIL_CADASTRADO}</arg>
<doc>Types the given ``text`` into the text field identified by ``locator``.</doc>
<status status="PASS" start="2025-01-28T18:11:28.272044" elapsed="0.140187"/>
</kw>
<kw name="Input Text" owner="SeleniumLibrary">
<msg time="2025-01-28T18:11:28.413229" level="INFO">Typing text '123456' into text field 'id=floatingPassword'.</msg>
<arg>${HOME_INPUT_PASSWORD}</arg>
<arg>${HOME_SENHA_CADASTRO}</arg>
<doc>Types the given ``text`` into the text field identified by ``locator``.</doc>
<status status="PASS" start="2025-01-28T18:11:28.413229" elapsed="0.074799"/>
</kw>
<kw name="Click Button" owner="SeleniumLibrary">
<msg time="2025-01-28T18:11:28.488028" level="INFO">Clicking button 'xpath=//button[@type='button']'.</msg>
<arg>${HOME_BTN_CRIARCONTA}</arg>
<doc>Clicks the button identified by ``locator``.</doc>
<status status="PASS" start="2025-01-28T18:11:28.488028" elapsed="0.089308"/>
</kw>
<status status="PASS" start="2025-01-28T18:11:28.272044" elapsed="0.305292"/>
</kw>
<kw name="Então sistema retorna mensagem “Esse email já está em uso por outra conta”" owner="homePage">
<kw name="Wait Until Element Is Visible" owner="SeleniumLibrary">
<arg>${HOME_ALERT_JACADASTRADO}</arg>
<arg>timeout=5s</arg>
<doc>Waits until the element ``locator`` is visible.</doc>
<status status="PASS" start="2025-01-28T18:11:28.578368" elapsed="0.931595"/>
</kw>
<kw name="Take Screenshot" owner="utils">
<kw name="Capture Page Screenshot" owner="SeleniumLibrary">
<msg time="2025-01-28T18:11:29.616800" level="INFO" html="true">&lt;/td&gt;&lt;/tr&gt;&lt;tr&gt;&lt;td colspan="3"&gt;&lt;a href="screenshots/evidenciaCT002.png"&gt;&lt;img src="screenshots/evidenciaCT002.png" width="800px"&gt;&lt;/a&gt;</msg>
<arg>${file_name}</arg>
<doc>Takes a screenshot of the current page and embeds it into a log file.</doc>
<status status="PASS" start="2025-01-28T18:11:29.510960" elapsed="0.106837"/>
</kw>
<arg>${file_path}evidenciaCT002.png</arg>
<status status="PASS" start="2025-01-28T18:11:29.510960" elapsed="0.106837"/>
</kw>
<status status="PASS" start="2025-01-28T18:11:28.577336" elapsed="1.040461"/>
</kw>
<status status="PASS" start="2025-01-28T18:11:24.866940" elapsed="4.750857"/>
</test>
<status status="PASS" start="2025-01-28T18:11:19.397845" elapsed="10.220977"/>
</suite>
<suite id="s1-s4" name="Login PO Test" source="C:\Users\Sistemas\.vscode\Desafio_Robot_Susana_Bergamo\testes\Login_PO_Test.robot">
<test id="s1-s4-t1" name="CT003 — Realizar Login com sucesso" line="6">
<kw name="Dado que esteja na home page" owner="homePage">
<kw name="Open App" owner="openBrowser">
<kw name="Open Browser" owner="SeleniumLibrary">
<msg time="2025-01-28T18:11:29.632762" level="INFO">Opening browser 'Chrome' to base url 'https://challenge.primecontrol.com.br/'.</msg>
<arg>${URL}</arg>
<arg>${BROWSER}</arg>
<doc>Opens a new browser instance to the optional ``url``.</doc>
<status status="PASS" start="2025-01-28T18:11:29.632762" elapsed="3.003164"/>
</kw>
<kw name="Maximize Browser Window" owner="SeleniumLibrary">
<doc>Maximizes current browser window.</doc>
<status status="PASS" start="2025-01-28T18:11:32.635926" elapsed="0.151502"/>
</kw>
<kw name="Wait Until Element Is Visible" owner="SeleniumLibrary">
<arg>${HOME}</arg>
<doc>Waits until the element ``locator`` is visible.</doc>
<status status="PASS" start="2025-01-28T18:11:32.787428" elapsed="0.045876"/>
</kw>
<status status="PASS" start="2025-01-28T18:11:29.632762" elapsed="3.200542"/>
</kw>
<status status="PASS" start="2025-01-28T18:11:29.631763" elapsed="3.201541"/>
</kw>
<kw name="E clico no botão fazer login" owner="loginPage">
<kw name="Wait Until Element Is Visible" owner="SeleniumLibrary">
<arg>${HOME_BTN_LOGIN}</arg>
<arg>timeout=5s</arg>
<doc>Waits until the element ``locator`` is visible.</doc>
<status status="PASS" start="2025-01-28T18:11:32.834656" elapsed="0.031378"/>
</kw>
<kw name="Click Element" owner="SeleniumLibrary">
<msg time="2025-01-28T18:11:32.866034" level="INFO">Clicking element 'xpath=//a[contains(.,'Fazer Login')]'.</msg>
<arg>${HOME_BTN_LOGIN}</arg>
<doc>Click the element identified by ``locator``.</doc>
<status status="PASS" start="2025-01-28T18:11:32.866034" elapsed="0.347713"/>
</kw>
<status status="PASS" start="2025-01-28T18:11:32.834656" elapsed="0.380070"/>
</kw>
<kw name="Quando insiro dados já cadastrado" owner="loginPage">
<kw name="Input Text" owner="SeleniumLibrary">
<msg time="2025-01-28T18:11:33.215724" level="INFO">Typing text 'ana2a.bsi@outlook.com' into text field 'id=floatingInput'.</msg>
<arg>${HOME_INPUT_EMAIL}</arg>
<arg>${HOME_EMAIL_CADASTRADO}</arg>
<doc>Types the given ``text`` into the text field identified by ``locator``.</doc>
<status status="PASS" start="2025-01-28T18:11:33.214726" elapsed="0.181786"/>
</kw>
<kw name="Input Text" owner="SeleniumLibrary">
<msg time="2025-01-28T18:11:33.396512" level="INFO">Typing text '123456' into text field 'id=floatingPassword'.</msg>
<arg>${HOME_INPUT_PASSWORD}</arg>
<arg>${HOME_SENHA_CADASTRO}</arg>
<doc>Types the given ``text`` into the text field identified by ``locator``.</doc>
<status status="PASS" start="2025-01-28T18:11:33.396512" elapsed="0.073235"/>
</kw>
<kw name="Click Button" owner="SeleniumLibrary">
<msg time="2025-01-28T18:11:33.470743" level="INFO">Clicking button 'xpath=//button[@type='button']'.</msg>
<arg>${LOGIN_BTN_ACESSAR}</arg>
<doc>Clicks the button identified by ``locator``.</doc>
<status status="PASS" start="2025-01-28T18:11:33.469747" elapsed="0.084852"/>
</kw>
<status status="PASS" start="2025-01-28T18:11:33.214726" elapsed="0.339873"/>
</kw>
<kw name="Então sou direcionado para Gestão de Clientes" owner="loginPage">
<kw name="Wait Until Element Is Visible" owner="SeleniumLibrary">
<arg>${PAGE_GCLIENTE}</arg>
<arg>timeout=5s</arg>
<doc>Waits until the element ``locator`` is visible.</doc>
<status status="PASS" start="2025-01-28T18:11:33.555575" elapsed="1.112273"/>
</kw>
<kw name="Take Screenshot" owner="utils">
<kw name="Capture Page Screenshot" owner="SeleniumLibrary">
<msg time="2025-01-28T18:11:34.801829" level="INFO" html="true">&lt;/td&gt;&lt;/tr&gt;&lt;tr&gt;&lt;td colspan="3"&gt;&lt;a href="screenshots/evidenciaCT003.png"&gt;&lt;img src="screenshots/evidenciaCT003.png" width="800px"&gt;&lt;/a&gt;</msg>
<arg>${file_name}</arg>
<doc>Takes a screenshot of the current page and embeds it into a log file.</doc>
<status status="PASS" start="2025-01-28T18:11:34.668873" elapsed="0.132956"/>
</kw>
<arg>${file_path}evidenciaCT003.png</arg>
<status status="PASS" start="2025-01-28T18:11:34.667848" elapsed="0.133981"/>
</kw>
<status status="PASS" start="2025-01-28T18:11:33.555575" elapsed="1.246254"/>
</kw>
<status status="PASS" start="2025-01-28T18:11:29.631246" elapsed="5.171391"/>
</test>
<test id="s1-s4-t2" name="CT004 — Validar Login com senha inválida" line="12">
<kw name="Dado que esteja na home page" owner="homePage">
<kw name="Open App" owner="openBrowser">
<kw name="Open Browser" owner="SeleniumLibrary">
<msg time="2025-01-28T18:11:34.803641" level="INFO">Opening browser 'Chrome' to base url 'https://challenge.primecontrol.com.br/'.</msg>
<arg>${URL}</arg>
<arg>${BROWSER}</arg>
<doc>Opens a new browser instance to the optional ``url``.</doc>
<status status="PASS" start="2025-01-28T18:11:34.803641" elapsed="2.443170"/>
</kw>
<kw name="Maximize Browser Window" owner="SeleniumLibrary">
<doc>Maximizes current browser window.</doc>
<status status="PASS" start="2025-01-28T18:11:37.246811" elapsed="0.109138"/>
</kw>
<kw name="Wait Until Element Is Visible" owner="SeleniumLibrary">
<arg>${HOME}</arg>
<doc>Waits until the element ``locator`` is visible.</doc>
<status status="PASS" start="2025-01-28T18:11:37.355949" elapsed="0.029909"/>
</kw>
<status status="PASS" start="2025-01-28T18:11:34.803641" elapsed="2.582217"/>
</kw>
<status status="PASS" start="2025-01-28T18:11:34.803641" elapsed="2.582217"/>
</kw>
<kw name="E clico no botão fazer login" owner="loginPage">
<kw name="Wait Until Element Is Visible" owner="SeleniumLibrary">
<arg>${HOME_BTN_LOGIN}</arg>
<arg>timeout=5s</arg>
<doc>Waits until the element ``locator`` is visible.</doc>
<status status="PASS" start="2025-01-28T18:11:37.386854" elapsed="0.034573"/>
</kw>
<kw name="Click Element" owner="SeleniumLibrary">
<msg time="2025-01-28T18:11:37.421427" level="INFO">Clicking element 'xpath=//a[contains(.,'Fazer Login')]'.</msg>
<arg>${HOME_BTN_LOGIN}</arg>
<doc>Click the element identified by ``locator``.</doc>
<status status="PASS" start="2025-01-28T18:11:37.421427" elapsed="0.391453"/>
</kw>
<status status="PASS" start="2025-01-28T18:11:37.385858" elapsed="0.427022"/>
</kw>
<kw name="Quando informo email já cadastrado" owner="loginPage">
<kw name="Input Text" owner="SeleniumLibrary">
<msg time="2025-01-28T18:11:37.814877" level="INFO">Typing text 'ana2a.bsi@outlook.com' into text field 'id=floatingInput'.</msg>
<arg>${HOME_INPUT_EMAIL}</arg>
<arg>${HOME_EMAIL_CADASTRADO}</arg>
<doc>Types the given ``text`` into the text field identified by ``locator``.</doc>
<status status="PASS" start="2025-01-28T18:11:37.814877" elapsed="0.187897"/>
</kw>
<status status="PASS" start="2025-01-28T18:11:37.813876" elapsed="0.188898"/>
</kw>
<kw name="Mas com senha inválida" owner="loginPage">
<kw name="Input Text" owner="SeleniumLibrary">
<msg time="2025-01-28T18:11:38.004833" level="INFO">Typing text '789456' into text field 'id=floatingPassword'.</msg>
<arg>${HOME_INPUT_PASSWORD}</arg>
<arg>${HOME_SENHA_INVALIDA}</arg>
<doc>Types the given ``text`` into the text field identified by ``locator``.</doc>
<status status="PASS" start="2025-01-28T18:11:38.004770" elapsed="0.103713"/>
</kw>
<status status="PASS" start="2025-01-28T18:11:38.003772" elapsed="0.105706"/>
</kw>
<kw name="E clico no botão acessar" owner="loginPage">
<kw name="Wait Until Element Is Visible" owner="SeleniumLibrary">
<arg>${LOGIN_BTN_ACESSAR}</arg>
<doc>Waits until the element ``locator`` is visible.</doc>
<status status="PASS" start="2025-01-28T18:11:38.110470" elapsed="0.022066"/>
</kw>
<kw name="Click Button" owner="SeleniumLibrary">
<msg time="2025-01-28T18:11:38.133539" level="INFO">Clicking button 'xpath=//button[@type='button']'.</msg>
<arg>${LOGIN_BTN_ACESSAR}</arg>
<doc>Clicks the button identified by ``locator``.</doc>
<status status="PASS" start="2025-01-28T18:11:38.133539" elapsed="0.084984"/>
</kw>
<status status="PASS" start="2025-01-28T18:11:38.109478" elapsed="0.109045"/>
</kw>
<kw name="Então sistema retorna mensagem “E-mail ou senha inválida.”" owner="loginPage">
<kw name="Wait Until Element Is Visible" owner="SeleniumLibrary">
<arg>${LOGIN_MSG_ERROR}</arg>
<arg>timeout=5s</arg>
<doc>Waits until the element ``locator`` is visible.</doc>
<status status="PASS" start="2025-01-28T18:11:38.219520" elapsed="0.647560"/>
</kw>
<kw name="Take Screenshot" owner="utils">
<kw name="Capture Page Screenshot" owner="SeleniumLibrary">
<msg time="2025-01-28T18:11:39.002238" level="INFO" html="true">&lt;/td&gt;&lt;/tr&gt;&lt;tr&gt;&lt;td colspan="3"&gt;&lt;a href="screenshots/evidenciaCT004.png"&gt;&lt;img src="screenshots/evidenciaCT004.png" width="800px"&gt;&lt;/a&gt;</msg>
<arg>${file_name}</arg>
<doc>Takes a screenshot of the current page and embeds it into a log file.</doc>
<status status="PASS" start="2025-01-28T18:11:38.868174" elapsed="0.134064"/>
</kw>
<arg>${file_path}evidenciaCT004.png</arg>
<status status="PASS" start="2025-01-28T18:11:38.867080" elapsed="0.135158"/>
</kw>
<status status="PASS" start="2025-01-28T18:11:38.219520" elapsed="0.782718"/>
</kw>
<status status="PASS" start="2025-01-28T18:11:34.802637" elapsed="4.200510"/>
</test>
<test id="s1-s4-t3" name="CT011— Recuperar senha de acesso" line="20">
<kw name="Dado que esteja na home page" owner="homePage">
<kw name="Open App" owner="openBrowser">
<kw name="Open Browser" owner="SeleniumLibrary">
<msg time="2025-01-28T18:11:39.005141" level="INFO">Opening browser 'Chrome' to base url 'https://challenge.primecontrol.com.br/'.</msg>
<arg>${URL}</arg>
<arg>${BROWSER}</arg>
<doc>Opens a new browser instance to the optional ``url``.</doc>
<status status="PASS" start="2025-01-28T18:11:39.005141" elapsed="2.444142"/>
</kw>
<kw name="Maximize Browser Window" owner="SeleniumLibrary">
<doc>Maximizes current browser window.</doc>
<status status="PASS" start="2025-01-28T18:11:41.449283" elapsed="0.133689"/>
</kw>
<kw name="Wait Until Element Is Visible" owner="SeleniumLibrary">
<arg>${HOME}</arg>
<doc>Waits until the element ``locator`` is visible.</doc>
<status status="PASS" start="2025-01-28T18:11:41.582972" elapsed="0.037906"/>
</kw>
<status status="PASS" start="2025-01-28T18:11:39.005141" elapsed="2.615737"/>
</kw>
<status status="PASS" start="2025-01-28T18:11:39.004144" elapsed="2.616734"/>
</kw>
<kw name="E clico no botão fazer login" owner="loginPage">
<kw name="Wait Until Element Is Visible" owner="SeleniumLibrary">
<arg>${HOME_BTN_LOGIN}</arg>
<arg>timeout=5s</arg>
<doc>Waits until the element ``locator`` is visible.</doc>
<status status="PASS" start="2025-01-28T18:11:41.625864" elapsed="0.026020"/>
</kw>
<kw name="Click Element" owner="SeleniumLibrary">
<msg time="2025-01-28T18:11:41.653148" level="INFO">Clicking element 'xpath=//a[contains(.,'Fazer Login')]'.</msg>
<arg>${HOME_BTN_LOGIN}</arg>
<doc>Click the element identified by ``locator``.</doc>
<status status="PASS" start="2025-01-28T18:11:41.652788" elapsed="0.394105"/>
</kw>
<status status="PASS" start="2025-01-28T18:11:41.622875" elapsed="0.425015"/>
</kw>
<kw name="E clico na opção Esqueci minha senha" owner="loginPage">
<kw name="Wait Until Element Is Visible" owner="SeleniumLibrary">
<arg>${LOGIN_RESERTSENHA}</arg>
<doc>Waits until the element ``locator`` is visible.</doc>
<status status="PASS" start="2025-01-28T18:11:42.048887" elapsed="0.033910"/>
</kw>
<kw name="Click Element" owner="SeleniumLibrary">
<msg time="2025-01-28T18:11:42.083793" level="INFO">Clicking element 'xpath=//a[contains(.,'Esqueci minha senha')]'.</msg>
<arg>${LOGIN_RESERTSENHA}</arg>
<doc>Click the element identified by ``locator``.</doc>
<status status="PASS" start="2025-01-28T18:11:42.082797" elapsed="0.086645"/>
</kw>
<status status="PASS" start="2025-01-28T18:11:42.048277" elapsed="0.122965"/>
</kw>
<kw name="Quando sou redirecionado para Recuperar Senha" owner="loginPage">
<kw name="Wait Until Element Is Visible" owner="SeleniumLibrary">
<arg>${PAGE_RESERTSENHA}</arg>
<doc>Waits until the element ``locator`` is visible.</doc>
<status status="PASS" start="2025-01-28T18:11:42.174371" elapsed="0.030721"/>
</kw>
<status status="PASS" start="2025-01-28T18:11:42.174371" elapsed="0.031847"/>
</kw>
<kw name="E insiro email para recuperação de senha" owner="loginPage">
<kw name="Input Text" owner="SeleniumLibrary">
<msg time="2025-01-28T18:11:42.207078" level="INFO">Typing text 'ana2a.bsi@outlook.com' into text field 'id=floatingInput'.</msg>
<arg>${LOGIN_INPUT_RESERTSENHA}</arg>
<arg>${HOME_EMAIL_CADASTRADO}</arg>
<doc>Types the given ``text`` into the text field identified by ``locator``.</doc>
<status status="PASS" start="2025-01-28T18:11:42.206218" elapsed="0.112420"/>
</kw>
<status status="PASS" start="2025-01-28T18:11:42.206218" elapsed="0.112420"/>
</kw>
<kw name="E clico no botão eniviar" owner="loginPage">
<kw name="Click Button" owner="SeleniumLibrary">
<msg time="2025-01-28T18:11:42.321650" level="INFO">Clicking button 'xpath=//button[contains(.,'Enviar')]'.</msg>
<arg>${LOGIN_BTN_ENVIORESERT}</arg>
<doc>Clicks the button identified by ``locator``.</doc>
<status status="PASS" start="2025-01-28T18:11:42.320654" elapsed="0.081761"/>
</kw>
<status status="PASS" start="2025-01-28T18:11:42.319829" elapsed="0.082586"/>
</kw>
<kw name="Então sistema retorna mensagem “Email enviado com sucesso”" owner="loginPage">
<kw name="Wait Until Element Is Visible" owner="SeleniumLibrary">
<arg>${LOGIN_MSG_RESERTSENHA}</arg>
<arg>timeout=5s</arg>
<doc>Waits until the element ``locator`` is visible.</doc>
<status status="PASS" start="2025-01-28T18:11:42.404100" elapsed="1.104773"/>
</kw>
<kw name="Take Screenshot" owner="utils">
<kw name="Capture Page Screenshot" owner="SeleniumLibrary">
<msg time="2025-01-28T18:11:43.663590" level="INFO" html="true">&lt;/td&gt;&lt;/tr&gt;&lt;tr&gt;&lt;td colspan="3"&gt;&lt;a href="screenshots/evidenciaCT011.png"&gt;&lt;img src="screenshots/evidenciaCT011.png" width="800px"&gt;&lt;/a&gt;</msg>
<arg>${file_name}</arg>
<doc>Takes a screenshot of the current page and embeds it into a log file.</doc>
<status status="PASS" start="2025-01-28T18:11:43.510870" elapsed="0.152720"/>
</kw>
<arg>${file_path}evidenciaCT011.png</arg>
<status status="PASS" start="2025-01-28T18:11:43.509866" elapsed="0.153724"/>
</kw>
<status status="PASS" start="2025-01-28T18:11:42.403487" elapsed="1.260639"/>
</kw>
<status status="PASS" start="2025-01-28T18:11:39.003147" elapsed="4.660979"/>
</test>
<status status="PASS" start="2025-01-28T18:11:29.619824" elapsed="14.045310"/>
</suite>
<status status="FAIL" start="2025-01-28T18:10:28.162599" elapsed="75.503523"/>
</suite>
<statistics>
<total>
<stat pass="11" fail="1" skip="0">All Tests</stat>
</total>
<tag>
</tag>
<suite>
<stat pass="11" fail="1" skip="0" id="s1" name="Testes">Testes</stat>
<stat pass="2" fail="0" skip="0" id="s1-s1" name="Finalizar PO Test">Testes.Finalizar PO Test</stat>
<stat pass="4" fail="1" skip="0" id="s1-s2" name="GerenciarCliente PO Test">Testes.GerenciarCliente PO Test</stat>
<stat pass="2" fail="0" skip="0" id="s1-s3" name="Home PO Test">Testes.Home PO Test</stat>
<stat pass="3" fail="0" skip="0" id="s1-s4" name="Login PO Test">Testes.Login PO Test</stat>
</suite>
</statistics>
<errors>
</errors>
</robot>
